2025-11-15 17:00:15,128 WARN (NacosLogging.java:64)- Load Logback Configuration of Nacos fail, message: org/slf4j/impl/StaticLoggerBinder
2025-11-15 17:00:15,129 WARN (NacosLogging.java:64)- Load Logback Configuration of Nacos fail, message: org/slf4j/impl/StaticLoggerBinder
2025-11-15 17:00:15,133 INFO (LocalConfigInfoProcessor.java:68)- LOCAL_SNAPSHOT_PATH:/Users/cheunry/nacos/config
2025-11-15 17:00:15,134 INFO (RpcClientFactory.java:94)- [RpcClientFactory] create a new rpc client of 43cb643c-7eac-429f-991e-de210d8264f3_config-0
2025-11-15 17:00:15,137 INFO (LoggerUtils.java:60)- [43cb643c-7eac-429f-991e-de210d8264f3_config-0] Register server push request handler:com.alibaba.nacos.client.config.impl.ClientWorker$ConfigRpcTransportClient$$Lambda$566/0x000000700136bd60
2025-11-15 17:00:15,137 INFO (LoggerUtils.java:60)- [43cb643c-7eac-429f-991e-de210d8264f3_config-0] Register server push request handler:com.alibaba.nacos.client.config.impl.ClientWorker$ConfigRpcTransportClient$$Lambda$567/0x000000700136c190
2025-11-15 17:00:15,137 INFO (LoggerUtils.java:60)- [43cb643c-7eac-429f-991e-de210d8264f3_config-0] Registry connection listener to current client:com.alibaba.nacos.client.config.impl.ClientWorker$ConfigRpcTransportClient$1
2025-11-15 17:00:15,137 INFO (LoggerUtils.java:60)- [43cb643c-7eac-429f-991e-de210d8264f3_config-0] RpcClient init, ServerListFactory = com.alibaba.nacos.client.config.impl.ClientWorker$ConfigRpcTransportClient$2
2025-11-15 17:00:15,139 INFO (LoggerUtils.java:60)- [43cb643c-7eac-429f-991e-de210d8264f3_config-0] Try to connect to server on start up, server: {serverIp = '120.53.89.103', server main port = 8848}
2025-11-15 17:00:15,461 INFO (LoggerUtils.java:60)- [43cb643c-7eac-429f-991e-de210d8264f3_config-0] Success to connect to server [120.53.89.103:8848] on start up, connectionId = 1763197215391_222.171.7.84_28079
2025-11-15 17:00:15,461 INFO (LoggerUtils.java:60)- [43cb643c-7eac-429f-991e-de210d8264f3_config-0] Notify connected event to listeners.
2025-11-15 17:00:15,461 INFO (LoggerUtils.java:60)- [43cb643c-7eac-429f-991e-de210d8264f3_config-0] Register server push request handler:com.alibaba.nacos.common.remote.client.RpcClient$ConnectResetRequestHandler
2025-11-15 17:00:15,461 INFO (ClientWorker.java:638)- [43cb643c-7eac-429f-991e-de210d8264f3_config-0] Connected,notify listen context...
2025-11-15 17:00:15,462 INFO (LoggerUtils.java:60)- [43cb643c-7eac-429f-991e-de210d8264f3_config-0] Register server push request handler:com.alibaba.nacos.common.remote.client.RpcClient$$Lambda$583/0x000000700149c690
2025-11-15 17:00:15,476 INFO (Limiter.java:62)- limitTime:5.0
2025-11-15 17:00:15,510 WARN (NacosPropertySourceBuilder.java:87)- Ignore the empty nacos configuration and get it based on dataId[novel-gateway] & group[DEFAULT_GROUP]
2025-11-15 17:00:15,546 WARN (NacosPropertySourceBuilder.java:87)- Ignore the empty nacos configuration and get it based on dataId[novel-gateway.yml] & group[DEFAULT_GROUP]
2025-11-15 17:00:15,576 WARN (NacosPropertySourceBuilder.java:87)- Ignore the empty nacos configuration and get it based on dataId[novel-gateway-dev.yml] & group[DEFAULT_GROUP]
2025-11-15 17:00:15,576 INFO (PropertySourceBootstrapConfiguration.java:108)- Located property source: [BootstrapPropertySource {name='bootstrapProperties-novel-gateway-dev.yml,DEFAULT_GROUP'}, BootstrapPropertySource {name='bootstrapProperties-novel-gateway.yml,DEFAULT_GROUP'}, BootstrapPropertySource {name='bootstrapProperties-novel-gateway,DEFAULT_GROUP'}]
2025-11-15 17:00:15,581 INFO (SpringApplication.java:638)- The following 1 profile is active: "dev"
2025-11-15 17:00:15,840 INFO (GenericScope.java:282)- BeanFactory id=e5f1d161-439c-33af-a2e7-4c8e755f8ffa
2025-11-15 17:00:15,851 INFO (PostProcessorRegistrationDelegate.java:409)- Bean 'org.springframework.cloud.client.loadbalancer.reactive.LoadBalancerBeanPostProcessorAutoConfiguration' of type [org.springframework.cloud.client.loadbalancer.reactive.LoadBalancerBeanPostProcessorAutoConfiguration] is not eligible for getting processed by all BeanPostProcessors (for example: not eligible for auto-proxying)
2025-11-15 17:00:15,851 INFO (PostProcessorRegistrationDelegate.java:409)- Bean 'org.springframework.cloud.client.loadbalancer.reactive.LoadBalancerBeanPostProcessorAutoConfiguration$ReactorDeferringLoadBalancerFilterConfig' of type [org.springframework.cloud.client.loadbalancer.reactive.LoadBalancerBeanPostProcessorAutoConfiguration$ReactorDeferringLoadBalancerFilterConfig] is not eligible for getting processed by all BeanPostProcessors (for example: not eligible for auto-proxying)
2025-11-15 17:00:15,851 INFO (PostProcessorRegistrationDelegate.java:409)- Bean 'reactorDeferringLoadBalancerExchangeFilterFunction' of type [org.springframework.cloud.client.loadbalancer.reactive.DeferringLoadBalancerExchangeFilterFunction] is not eligible for getting processed by all BeanPostProcessors (for example: not eligible for auto-proxying)
2025-11-15 17:00:16,038 INFO (RouteDefinitionRouteLocator.java:89)- Loaded RoutePredicateFactory [After]
2025-11-15 17:00:16,038 INFO (RouteDefinitionRouteLocator.java:89)- Loaded RoutePredicateFactory [Before]
2025-11-15 17:00:16,038 INFO (RouteDefinitionRouteLocator.java:89)- Loaded RoutePredicateFactory [Between]
2025-11-15 17:00:16,038 INFO (RouteDefinitionRouteLocator.java:89)- Loaded RoutePredicateFactory [Cookie]
2025-11-15 17:00:16,038 INFO (RouteDefinitionRouteLocator.java:89)- Loaded RoutePredicateFactory [Header]
2025-11-15 17:00:16,038 INFO (RouteDefinitionRouteLocator.java:89)- Loaded RoutePredicateFactory [Host]
2025-11-15 17:00:16,038 INFO (RouteDefinitionRouteLocator.java:89)- Loaded RoutePredicateFactory [Method]
2025-11-15 17:00:16,038 INFO (RouteDefinitionRouteLocator.java:89)- Loaded RoutePredicateFactory [Path]
2025-11-15 17:00:16,038 INFO (RouteDefinitionRouteLocator.java:89)- Loaded RoutePredicateFactory [Query]
2025-11-15 17:00:16,038 INFO (RouteDefinitionRouteLocator.java:89)- Loaded RoutePredicateFactory [ReadBody]
2025-11-15 17:00:16,038 INFO (RouteDefinitionRouteLocator.java:89)- Loaded RoutePredicateFactory [RemoteAddr]
2025-11-15 17:00:16,038 INFO (RouteDefinitionRouteLocator.java:89)- Loaded RoutePredicateFactory [XForwardedRemoteAddr]
2025-11-15 17:00:16,038 INFO (RouteDefinitionRouteLocator.java:89)- Loaded RoutePredicateFactory [Weight]
2025-11-15 17:00:16,038 INFO (RouteDefinitionRouteLocator.java:89)- Loaded RoutePredicateFactory [CloudFoundryRouteService]
2025-11-15 17:00:16,121 INFO (EndpointLinksResolver.java:58)- Exposing 19 endpoint(s) beneath base path '/actuator'
2025-11-15 17:00:16,182 WARN (LoadBalancerCacheAutoConfiguration.java:94)- Spring Cloud LoadBalancer is currently working with the default cache. While this cache implementation is useful for development and tests, it's recommended to use Caffeine cache in production.You can switch to using Caffeine cache, by adding it and org.springframework.cache.caffeine.CaffeineCacheManager to the classpath.
2025-11-15 17:00:16,221 INFO (NettyWebServer.java:111)- Netty started on port 8888
2025-11-15 17:00:16,226 INFO (SearchableProperties.java:197)- properties search order:PROPERTIES->JVM->ENV->DEFAULT_SETTING
2025-11-15 17:00:16,226 INFO (InitUtils.java:61)- initializer namespace from System Property : null
2025-11-15 17:00:16,226 INFO (InitUtils.java:65)- initializer namespace from System Environment :null
2025-11-15 17:00:16,226 INFO (InitUtils.java:72)- initializer namespace from System Property :
2025-11-15 17:00:16,230 INFO (ClientAuthPluginManager.java:56)- [ClientAuthPluginManager] Load ClientAuthService com.alibaba.nacos.client.auth.impl.NacosClientAuthServiceImpl success.
2025-11-15 17:00:16,230 INFO (ClientAuthPluginManager.java:56)- [ClientAuthPluginManager] Load ClientAuthService com.alibaba.nacos.client.auth.ram.RamClientAuthServiceImpl success.
2025-11-15 17:00:16,231 INFO (RpcClientFactory.java:94)- [RpcClientFactory] create a new rpc client of 3b3c6e11-b7ff-4280-83bd-340f5f1b791c
2025-11-15 17:00:16,232 INFO (LoggerUtils.java:60)- [3b3c6e11-b7ff-4280-83bd-340f5f1b791c] RpcClient init, ServerListFactory = com.alibaba.nacos.client.naming.core.ServerListManager
2025-11-15 17:00:16,232 INFO (LoggerUtils.java:60)- [3b3c6e11-b7ff-4280-83bd-340f5f1b791c] Registry connection listener to current client:com.alibaba.nacos.client.naming.remote.gprc.redo.NamingGrpcRedoService
2025-11-15 17:00:16,232 INFO (LoggerUtils.java:60)- [3b3c6e11-b7ff-4280-83bd-340f5f1b791c] Register server push request handler:com.alibaba.nacos.client.naming.remote.gprc.NamingPushRequestHandler
2025-11-15 17:00:16,232 INFO (LoggerUtils.java:60)- [3b3c6e11-b7ff-4280-83bd-340f5f1b791c] Try to connect to server on start up, server: {serverIp = '120.53.89.103', server main port = 8848}
2025-11-15 17:00:16,427 INFO (LoggerUtils.java:60)- [3b3c6e11-b7ff-4280-83bd-340f5f1b791c] Success to connect to server [120.53.89.103:8848] on start up, connectionId = 1763197216378_222.171.7.84_28112
2025-11-15 17:00:16,428 INFO (LoggerUtils.java:60)- [3b3c6e11-b7ff-4280-83bd-340f5f1b791c] Register server push request handler:com.alibaba.nacos.common.remote.client.RpcClient$ConnectResetRequestHandler
2025-11-15 17:00:16,428 INFO (LoggerUtils.java:60)- [3b3c6e11-b7ff-4280-83bd-340f5f1b791c] Notify connected event to listeners.
2025-11-15 17:00:16,428 INFO (LoggerUtils.java:60)- [3b3c6e11-b7ff-4280-83bd-340f5f1b791c] Register server push request handler:com.alibaba.nacos.common.remote.client.RpcClient$$Lambda$583/0x000000700149c690
2025-11-15 17:00:16,428 INFO (NamingGrpcRedoService.java:78)- Grpc connection connect
2025-11-15 17:00:16,428 INFO (NamingGrpcClientProxy.java:120)- [REGISTER-SERVICE] public registering service novel-gateway with instance Instance{instanceId='null', ip='10.44.77.249', port=8888, weight=1.0, healthy=true, enabled=true, ephemeral=true, clusterName='DEFAULT', serviceName='null', metadata={preserved.register.source=SPRING_CLOUD}}
2025-11-15 17:00:16,461 INFO (NacosServiceRegistry.java:76)- nacos registry, DEFAULT_GROUP novel-gateway 10.44.77.249:8888 register finished
2025-11-15 17:00:16,488 INFO (StartupInfoLogger.java:57)- Started NovelGatewayApplication in 1.662 seconds (process running for 1.823)
2025-11-15 17:00:16,489 INFO (CacheData.java:67)- nacos.cache.data.init.snapshot = true 
2025-11-15 17:00:16,490 INFO (ClientWorker.java:379)- [fixed-120.53.89.103_8848] [subscribe] novel-gateway-dev.yml+DEFAULT_GROUP
2025-11-15 17:00:16,492 INFO (CacheData.java:197)- [fixed-120.53.89.103_8848] [add-listener] ok, tenant=, dataId=novel-gateway-dev.yml, group=DEFAULT_GROUP, cnt=1
2025-11-15 17:00:16,492 INFO (NacosContextRefresher.java:129)- [Nacos Config] Listening config: dataId=novel-gateway-dev.yml, group=DEFAULT_GROUP
2025-11-15 17:00:16,492 INFO (ClientWorker.java:379)- [fixed-120.53.89.103_8848] [subscribe] novel-gateway+DEFAULT_GROUP
2025-11-15 17:00:16,492 INFO (CacheData.java:197)- [fixed-120.53.89.103_8848] [add-listener] ok, tenant=, dataId=novel-gateway, group=DEFAULT_GROUP, cnt=1
2025-11-15 17:00:16,492 INFO (NacosContextRefresher.java:129)- [Nacos Config] Listening config: dataId=novel-gateway, group=DEFAULT_GROUP
2025-11-15 17:00:16,492 INFO (ClientWorker.java:379)- [fixed-120.53.89.103_8848] [subscribe] novel-gateway.yml+DEFAULT_GROUP
2025-11-15 17:00:16,492 INFO (CacheData.java:197)- [fixed-120.53.89.103_8848] [add-listener] ok, tenant=, dataId=novel-gateway.yml, group=DEFAULT_GROUP, cnt=1
2025-11-15 17:00:16,492 INFO (NacosContextRefresher.java:129)- [Nacos Config] Listening config: dataId=novel-gateway.yml, group=DEFAULT_GROUP
2025-11-15 17:44:37,090 INFO (LoggingFilter.java:20)- === GATEWAY REQUEST ===
2025-11-15 17:44:37,090 INFO (LoggingFilter.java:20)- === GATEWAY REQUEST ===
2025-11-15 17:44:37,090 INFO (LoggingFilter.java:20)- === GATEWAY REQUEST ===
2025-11-15 17:44:37,090 INFO (LoggingFilter.java:20)- === GATEWAY REQUEST ===
2025-11-15 17:44:37,090 INFO (LoggingFilter.java:20)- === GATEWAY REQUEST ===
2025-11-15 17:44:37,090 INFO (LoggingFilter.java:20)- === GATEWAY REQUEST ===
2025-11-15 17:44:37,091 INFO (LoggingFilter.java:21)- Path: /api/front/home/books
2025-11-15 17:44:37,091 INFO (LoggingFilter.java:21)- Path: /api/front/book/newest_rank
2025-11-15 17:44:37,091 INFO (LoggingFilter.java:21)- Path: /api/front/book/visit_rank
2025-11-15 17:44:37,091 INFO (LoggingFilter.java:22)- Method: GET
2025-11-15 17:44:37,091 INFO (LoggingFilter.java:22)- Method: GET
2025-11-15 17:44:37,091 INFO (LoggingFilter.java:21)- Path: /api/front/news/latest_list
2025-11-15 17:44:37,091 INFO (LoggingFilter.java:22)- Method: GET
2025-11-15 17:44:37,091 INFO (LoggingFilter.java:21)- Path: /api/front/home/friend_Link/list
2025-11-15 17:44:37,091 INFO (LoggingFilter.java:22)- Method: GET
2025-11-15 17:44:37,091 INFO (LoggingFilter.java:22)- Method: GET
2025-11-15 17:44:37,091 INFO (LoggingFilter.java:21)- Path: /api/front/book/update_rank
2025-11-15 17:44:37,091 INFO (LoggingFilter.java:22)- Method: GET
2025-11-15 17:44:37,091 INFO (LoggingFilter.java:23)- Headers: [Host:"127.0.0.1:8888", Accept:"application/json, text/plain, */*", Origin:"http://localhost:1024", Sec-Fetch-Site:"cross-site", X-Requested-With:"XMLHttpRequest", Sec-Fetch-Mode:"cors", User-Agent:"Mozilla/5.0 (Macintosh; Intel Mac OS X 10_15_7) AppleWebKit/605.1.15 (KHTML, like Gecko) Version/26.0 Safari/605.1.15", Authorization:"null", Sec-Fetch-Dest:"empty", Referer:"http://localhost:1024/", Accept-Language:"zh-CN,zh-Hans;q=0.9", Priority:"u=3, i", Accept-Encoding:"gzip, deflate", Connection:"keep-alive"]
2025-11-15 17:44:37,091 INFO (LoggingFilter.java:23)- Headers: [Host:"127.0.0.1:8888", Accept:"application/json, text/plain, */*", Origin:"http://localhost:1024", Sec-Fetch-Site:"cross-site", X-Requested-With:"XMLHttpRequest", Sec-Fetch-Mode:"cors", User-Agent:"Mozilla/5.0 (Macintosh; Intel Mac OS X 10_15_7) AppleWebKit/605.1.15 (KHTML, like Gecko) Version/26.0 Safari/605.1.15", Authorization:"null", Sec-Fetch-Dest:"empty", Referer:"http://localhost:1024/", Accept-Language:"zh-CN,zh-Hans;q=0.9", Priority:"u=3, i", Accept-Encoding:"gzip, deflate", Connection:"keep-alive"]
2025-11-15 17:44:37,092 INFO (LoggingFilter.java:24)- QueryParams: {}
2025-11-15 17:44:37,091 INFO (LoggingFilter.java:23)- Headers: [Host:"127.0.0.1:8888", Accept:"application/json, text/plain, */*", Origin:"http://localhost:1024", Sec-Fetch-Site:"cross-site", X-Requested-With:"XMLHttpRequest", Sec-Fetch-Mode:"cors", User-Agent:"Mozilla/5.0 (Macintosh; Intel Mac OS X 10_15_7) AppleWebKit/605.1.15 (KHTML, like Gecko) Version/26.0 Safari/605.1.15", Authorization:"null", Sec-Fetch-Dest:"empty", Referer:"http://localhost:1024/", Accept-Language:"zh-CN,zh-Hans;q=0.9", Priority:"u=3, i", Accept-Encoding:"gzip, deflate", Connection:"keep-alive"]
2025-11-15 17:44:37,092 INFO (LoggingFilter.java:24)- QueryParams: {}
2025-11-15 17:44:37,092 INFO (LoggingFilter.java:24)- QueryParams: {}
2025-11-15 17:44:37,091 INFO (LoggingFilter.java:23)- Headers: [Host:"127.0.0.1:8888", Accept:"application/json, text/plain, */*", Origin:"http://localhost:1024", Sec-Fetch-Site:"cross-site", X-Requested-With:"XMLHttpRequest", Sec-Fetch-Mode:"cors", User-Agent:"Mozilla/5.0 (Macintosh; Intel Mac OS X 10_15_7) AppleWebKit/605.1.15 (KHTML, like Gecko) Version/26.0 Safari/605.1.15", Authorization:"null", Sec-Fetch-Dest:"empty", Referer:"http://localhost:1024/", Accept-Language:"zh-CN,zh-Hans;q=0.9", Priority:"u=3, i", Accept-Encoding:"gzip, deflate", Connection:"keep-alive"]
2025-11-15 17:44:37,091 INFO (LoggingFilter.java:23)- Headers: [Host:"127.0.0.1:8888", Accept:"application/json, text/plain, */*", Origin:"http://localhost:1024", Sec-Fetch-Site:"cross-site", X-Requested-With:"XMLHttpRequest", Sec-Fetch-Mode:"cors", User-Agent:"Mozilla/5.0 (Macintosh; Intel Mac OS X 10_15_7) AppleWebKit/605.1.15 (KHTML, like Gecko) Version/26.0 Safari/605.1.15", Authorization:"null", Sec-Fetch-Dest:"empty", Referer:"http://localhost:1024/", Accept-Language:"zh-CN,zh-Hans;q=0.9", Priority:"u=3, i", Accept-Encoding:"gzip, deflate", Connection:"keep-alive"]
2025-11-15 17:44:37,092 INFO (LoggingFilter.java:24)- QueryParams: {}
2025-11-15 17:44:37,091 INFO (LoggingFilter.java:23)- Headers: [Host:"127.0.0.1:8888", Accept:"application/json, text/plain, */*", Origin:"http://localhost:1024", Sec-Fetch-Site:"cross-site", X-Requested-With:"XMLHttpRequest", Sec-Fetch-Mode:"cors", User-Agent:"Mozilla/5.0 (Macintosh; Intel Mac OS X 10_15_7) AppleWebKit/605.1.15 (KHTML, like Gecko) Version/26.0 Safari/605.1.15", Authorization:"null", Sec-Fetch-Dest:"empty", Referer:"http://localhost:1024/", Accept-Language:"zh-CN,zh-Hans;q=0.9", Priority:"u=3, i", Accept-Encoding:"gzip, deflate", Connection:"keep-alive"]
2025-11-15 17:44:37,092 INFO (LoggingFilter.java:24)- QueryParams: {}
2025-11-15 17:44:37,092 INFO (LoggingFilter.java:24)- QueryParams: {}
2025-11-15 17:44:37,114 INFO (NamingClientProxyDelegate.java:167)- [SUBSCRIBE-SERVICE] service:novel-home-service, group:DEFAULT_GROUP, clusters: 
2025-11-15 17:44:37,115 INFO (NamingClientProxyDelegate.java:167)- [SUBSCRIBE-SERVICE] service:novel-book-service, group:DEFAULT_GROUP, clusters: 
2025-11-15 17:44:37,122 INFO (NamingClientProxyDelegate.java:167)- [SUBSCRIBE-SERVICE] service:novel-book-service, group:DEFAULT_GROUP, clusters: 
2025-11-15 17:44:37,122 INFO (NamingClientProxyDelegate.java:167)- [SUBSCRIBE-SERVICE] service:novel-book-service, group:DEFAULT_GROUP, clusters: 
2025-11-15 17:44:37,122 INFO (NamingClientProxyDelegate.java:167)- [SUBSCRIBE-SERVICE] service:novel-home-service, group:DEFAULT_GROUP, clusters: 
2025-11-15 17:44:37,122 INFO (NamingClientProxyDelegate.java:167)- [SUBSCRIBE-SERVICE] service:novel-news-service, group:DEFAULT_GROUP, clusters: 
2025-11-15 17:44:37,148 INFO (ServiceInfoHolder.java:184)- init new ips(0) service: DEFAULT_GROUP@@novel-home-service -> []
2025-11-15 17:44:37,148 INFO (ServiceInfoHolder.java:184)- init new ips(0) service: DEFAULT_GROUP@@novel-book-service -> []
2025-11-15 17:44:37,149 INFO (ServiceInfoHolder.java:169)- current ips:(0) service: DEFAULT_GROUP@@novel-book-service -> []
2025-11-15 17:44:37,149 INFO (ServiceInfoHolder.java:169)- current ips:(0) service: DEFAULT_GROUP@@novel-home-service -> []
2025-11-15 17:44:37,152 WARN (RoundRobinLoadBalancer.java:98)- No servers available for service: novel-book-service
2025-11-15 17:44:37,152 WARN (RoundRobinLoadBalancer.java:98)- No servers available for service: novel-home-service
2025-11-15 17:44:37,157 WARN (RoundRobinLoadBalancer.java:98)- No servers available for service: novel-book-service
2025-11-15 17:44:37,157 INFO (ServiceInfoHolder.java:184)- init new ips(0) service: DEFAULT_GROUP@@novel-news-service -> []
2025-11-15 17:44:37,157 WARN (RoundRobinLoadBalancer.java:98)- No servers available for service: novel-book-service
2025-11-15 17:44:37,157 WARN (RoundRobinLoadBalancer.java:98)- No servers available for service: novel-home-service
2025-11-15 17:44:37,157 INFO (ServiceInfoHolder.java:169)- current ips:(0) service: DEFAULT_GROUP@@novel-news-service -> []
2025-11-15 17:44:37,157 WARN (RoundRobinLoadBalancer.java:98)- No servers available for service: novel-news-service
2025-11-15 17:44:37,827 INFO (LoggerUtils.java:60)- [3b3c6e11-b7ff-4280-83bd-340f5f1b791c] Receive server push request, request = NotifySubscriberRequest, requestId = 78
2025-11-15 17:44:37,828 INFO (LoggerUtils.java:60)- [3b3c6e11-b7ff-4280-83bd-340f5f1b791c] Ack server push request, request = NotifySubscriberRequest, requestId = 78
2025-11-15 17:44:37,832 INFO (LoggerUtils.java:60)- [3b3c6e11-b7ff-4280-83bd-340f5f1b791c] Receive server push request, request = NotifySubscriberRequest, requestId = 80
2025-11-15 17:44:37,832 INFO (LoggerUtils.java:60)- [3b3c6e11-b7ff-4280-83bd-340f5f1b791c] Ack server push request, request = NotifySubscriberRequest, requestId = 80
2025-11-15 17:44:37,834 INFO (LoggerUtils.java:60)- [3b3c6e11-b7ff-4280-83bd-340f5f1b791c] Receive server push request, request = NotifySubscriberRequest, requestId = 79
2025-11-15 17:44:37,834 INFO (LoggerUtils.java:60)- [3b3c6e11-b7ff-4280-83bd-340f5f1b791c] Ack server push request, request = NotifySubscriberRequest, requestId = 79
2025-11-15 17:44:48,525 INFO (LoggingFilter.java:20)- === GATEWAY REQUEST ===
2025-11-15 17:44:48,526 INFO (LoggingFilter.java:21)- Path: /api/front/user/login
2025-11-15 17:44:48,526 INFO (LoggingFilter.java:22)- Method: POST
2025-11-15 17:44:48,526 INFO (LoggingFilter.java:23)- Headers: [Host:"127.0.0.1:8888", Accept:"application/json, text/plain, */*", Content-Type:"application/json", Sec-Fetch-Site:"cross-site", Origin:"http://localhost:1024", X-Requested-With:"XMLHttpRequest", Content-Length:"42", Sec-Fetch-Mode:"cors", User-Agent:"Mozilla/5.0 (Macintosh; Intel Mac OS X 10_15_7) AppleWebKit/605.1.15 (KHTML, like Gecko) Version/26.0 Safari/605.1.15", Authorization:"null", Referer:"http://localhost:1024/", Sec-Fetch-Dest:"empty", Accept-Language:"zh-CN,zh-Hans;q=0.9", Priority:"u=3, i", Accept-Encoding:"gzip, deflate", Connection:"keep-alive"]
2025-11-15 17:44:48,526 INFO (LoggingFilter.java:24)- QueryParams: {}
2025-11-15 17:44:48,543 INFO (NamingClientProxyDelegate.java:167)- [SUBSCRIBE-SERVICE] service:novel-user-service, group:DEFAULT_GROUP, clusters: 
2025-11-15 17:44:48,573 INFO (ServiceInfoHolder.java:184)- init new ips(1) service: DEFAULT_GROUP@@novel-user-service -> [{"ip":"10.44.77.249","port":9060,"weight":1.0,"healthy":true,"enabled":true,"ephemeral":true,"clusterName":"DEFAULT","serviceName":"DEFAULT_GROUP@@novel-user-service","metadata":{"preserved.register.source":"SPRING_CLOUD"},"instanceHeartBeatInterval":5000,"instanceHeartBeatTimeOut":15000,"ipDeleteTimeout":30000}]
2025-11-15 17:44:48,573 INFO (ServiceInfoHolder.java:169)- current ips:(1) service: DEFAULT_GROUP@@novel-user-service -> [{"ip":"10.44.77.249","port":9060,"weight":1.0,"healthy":true,"enabled":true,"ephemeral":true,"clusterName":"DEFAULT","serviceName":"DEFAULT_GROUP@@novel-user-service","metadata":{"preserved.register.source":"SPRING_CLOUD"},"instanceHeartBeatInterval":5000,"instanceHeartBeatTimeOut":15000,"ipDeleteTimeout":30000}]
2025-11-15 17:44:48,602 ERROR (DnsServerAddressStreamProviders.java:79)- Unable to load io.netty.resolver.dns.macos.MacOSDnsServerAddressStreamProvider, fallback to system defaults. This may result in incorrect DNS resolutions on MacOS. Check whether you have a dependency on 'io.netty:netty-resolver-dns-native-macos'. Use DEBUG level to see the full stack: java.lang.UnsatisfiedLinkError: failed to load the required native library
2025-11-15 17:44:48,967 INFO (LoggingFilter.java:29)- === GATEWAY RESPONSE ===
2025-11-15 17:44:48,967 INFO (LoggingFilter.java:30)- Status: 500 INTERNAL_SERVER_ERROR
2025-11-15 17:44:48,967 INFO (LoggingFilter.java:31)- From Gateway: true
2025-11-15 17:44:49,088 INFO (LoggerUtils.java:60)- [3b3c6e11-b7ff-4280-83bd-340f5f1b791c] Receive server push request, request = NotifySubscriberRequest, requestId = 81
2025-11-15 17:44:49,088 INFO (LoggerUtils.java:60)- [3b3c6e11-b7ff-4280-83bd-340f5f1b791c] Ack server push request, request = NotifySubscriberRequest, requestId = 81
2025-11-15 17:45:01,583 INFO (LoggingFilter.java:20)- === GATEWAY REQUEST ===
2025-11-15 17:45:01,583 INFO (LoggingFilter.java:21)- Path: /api/front/user/login
2025-11-15 17:45:01,583 INFO (LoggingFilter.java:22)- Method: POST
2025-11-15 17:45:01,584 INFO (LoggingFilter.java:23)- Headers: [Host:"127.0.0.1:8888", Accept:"application/json, text/plain, */*", Content-Type:"application/json", Sec-Fetch-Site:"cross-site", Origin:"http://localhost:1024", X-Requested-With:"XMLHttpRequest", Content-Length:"46", Sec-Fetch-Mode:"cors", User-Agent:"Mozilla/5.0 (Macintosh; Intel Mac OS X 10_15_7) AppleWebKit/605.1.15 (KHTML, like Gecko) Version/26.0 Safari/605.1.15", Authorization:"null", Referer:"http://localhost:1024/", Sec-Fetch-Dest:"empty", Accept-Language:"zh-CN,zh-Hans;q=0.9", Priority:"u=3, i", Accept-Encoding:"gzip, deflate", Connection:"keep-alive"]
2025-11-15 17:45:01,584 INFO (LoggingFilter.java:24)- QueryParams: {}
2025-11-15 17:45:01,785 INFO (LoggingFilter.java:29)- === GATEWAY RESPONSE ===
2025-11-15 17:45:01,785 INFO (LoggingFilter.java:30)- Status: 200 OK
2025-11-15 17:45:01,785 INFO (LoggingFilter.java:31)- From Gateway: true
2025-11-15 17:45:01,810 INFO (LoggingFilter.java:20)- === GATEWAY REQUEST ===
2025-11-15 17:45:01,810 INFO (LoggingFilter.java:21)- Path: /api/front/news/latest_list
2025-11-15 17:45:01,810 INFO (LoggingFilter.java:22)- Method: GET
2025-11-15 17:45:01,810 INFO (LoggingFilter.java:23)- Headers: [Host:"127.0.0.1:8888", Accept:"application/json, text/plain, */*", Origin:"http://localhost:1024", Sec-Fetch-Site:"cross-site", X-Requested-With:"XMLHttpRequest", Sec-Fetch-Mode:"cors", User-Agent:"Mozilla/5.0 (Macintosh; Intel Mac OS X 10_15_7) AppleWebKit/605.1.15 (KHTML, like Gecko) Version/26.0 Safari/605.1.15", Authorization:"eyJzeXN0ZW1LZXlIZWFkZXIiOiJmcm9udCIsImFsZyI6IkhTMjU2In0.eyJzdWIiOiIxIn0.bjqJ6Rp6PzZ0Y9Sjk53ITn2y-O6eilxNmcKtb2CKrg0", Sec-Fetch-Dest:"empty", Referer:"http://localhost:1024/", Accept-Language:"zh-CN,zh-Hans;q=0.9", Priority:"u=3, i", Accept-Encoding:"gzip, deflate", Connection:"keep-alive"]
2025-11-15 17:45:01,811 INFO (LoggingFilter.java:20)- === GATEWAY REQUEST ===
2025-11-15 17:45:01,811 INFO (LoggingFilter.java:24)- QueryParams: {}
2025-11-15 17:45:01,811 INFO (LoggingFilter.java:21)- Path: /api/front/book/visit_rank
2025-11-15 17:45:01,811 INFO (LoggingFilter.java:22)- Method: GET
2025-11-15 17:45:01,811 INFO (LoggingFilter.java:23)- Headers: [Host:"127.0.0.1:8888", Accept:"application/json, text/plain, */*", Origin:"http://localhost:1024", Sec-Fetch-Site:"cross-site", X-Requested-With:"XMLHttpRequest", Sec-Fetch-Mode:"cors", User-Agent:"Mozilla/5.0 (Macintosh; Intel Mac OS X 10_15_7) AppleWebKit/605.1.15 (KHTML, like Gecko) Version/26.0 Safari/605.1.15", Authorization:"eyJzeXN0ZW1LZXlIZWFkZXIiOiJmcm9udCIsImFsZyI6IkhTMjU2In0.eyJzdWIiOiIxIn0.bjqJ6Rp6PzZ0Y9Sjk53ITn2y-O6eilxNmcKtb2CKrg0", Sec-Fetch-Dest:"empty", Referer:"http://localhost:1024/", Accept-Language:"zh-CN,zh-Hans;q=0.9", Priority:"u=3, i", Accept-Encoding:"gzip, deflate", Connection:"keep-alive"]
2025-11-15 17:45:01,811 INFO (LoggingFilter.java:24)- QueryParams: {}
2025-11-15 17:45:01,811 INFO (LoggingFilter.java:20)- === GATEWAY REQUEST ===
2025-11-15 17:45:01,811 INFO (LoggingFilter.java:20)- === GATEWAY REQUEST ===
2025-11-15 17:45:01,811 INFO (LoggingFilter.java:21)- Path: /api/front/book/update_rank
2025-11-15 17:45:01,811 INFO (LoggingFilter.java:20)- === GATEWAY REQUEST ===
2025-11-15 17:45:01,811 INFO (LoggingFilter.java:21)- Path: /api/front/book/newest_rank
2025-11-15 17:45:01,812 INFO (LoggingFilter.java:22)- Method: GET
2025-11-15 17:45:01,812 INFO (LoggingFilter.java:21)- Path: /api/front/home/books
2025-11-15 17:45:01,812 INFO (LoggingFilter.java:22)- Method: GET
2025-11-15 17:45:01,812 WARN (RoundRobinLoadBalancer.java:98)- No servers available for service: novel-news-service
2025-11-15 17:45:01,812 INFO (LoggingFilter.java:22)- Method: GET
2025-11-15 17:45:01,812 INFO (LoggingFilter.java:23)- Headers: [Host:"127.0.0.1:8888", Accept:"application/json, text/plain, */*", Origin:"http://localhost:1024", Sec-Fetch-Site:"cross-site", X-Requested-With:"XMLHttpRequest", Sec-Fetch-Mode:"cors", User-Agent:"Mozilla/5.0 (Macintosh; Intel Mac OS X 10_15_7) AppleWebKit/605.1.15 (KHTML, like Gecko) Version/26.0 Safari/605.1.15", Authorization:"eyJzeXN0ZW1LZXlIZWFkZXIiOiJmcm9udCIsImFsZyI6IkhTMjU2In0.eyJzdWIiOiIxIn0.bjqJ6Rp6PzZ0Y9Sjk53ITn2y-O6eilxNmcKtb2CKrg0", Sec-Fetch-Dest:"empty", Referer:"http://localhost:1024/", Accept-Language:"zh-CN,zh-Hans;q=0.9", Priority:"u=3, i", Accept-Encoding:"gzip, deflate", Connection:"keep-alive"]
2025-11-15 17:45:01,812 WARN (RoundRobinLoadBalancer.java:98)- No servers available for service: novel-book-service
2025-11-15 17:45:01,812 INFO (LoggingFilter.java:23)- Headers: [Host:"127.0.0.1:8888", Accept:"application/json, text/plain, */*", Origin:"http://localhost:1024", Sec-Fetch-Site:"cross-site", X-Requested-With:"XMLHttpRequest", Sec-Fetch-Mode:"cors", User-Agent:"Mozilla/5.0 (Macintosh; Intel Mac OS X 10_15_7) AppleWebKit/605.1.15 (KHTML, like Gecko) Version/26.0 Safari/605.1.15", Authorization:"eyJzeXN0ZW1LZXlIZWFkZXIiOiJmcm9udCIsImFsZyI6IkhTMjU2In0.eyJzdWIiOiIxIn0.bjqJ6Rp6PzZ0Y9Sjk53ITn2y-O6eilxNmcKtb2CKrg0", Sec-Fetch-Dest:"empty", Referer:"http://localhost:1024/", Accept-Language:"zh-CN,zh-Hans;q=0.9", Priority:"u=3, i", Accept-Encoding:"gzip, deflate", Connection:"keep-alive"]
2025-11-15 17:45:01,812 INFO (LoggingFilter.java:24)- QueryParams: {}
2025-11-15 17:45:01,812 INFO (LoggingFilter.java:24)- QueryParams: {}
2025-11-15 17:45:01,812 INFO (LoggingFilter.java:23)- Headers: [Host:"127.0.0.1:8888", Accept:"application/json, text/plain, */*", Origin:"http://localhost:1024", Sec-Fetch-Site:"cross-site", X-Requested-With:"XMLHttpRequest", Sec-Fetch-Mode:"cors", User-Agent:"Mozilla/5.0 (Macintosh; Intel Mac OS X 10_15_7) AppleWebKit/605.1.15 (KHTML, like Gecko) Version/26.0 Safari/605.1.15", Authorization:"eyJzeXN0ZW1LZXlIZWFkZXIiOiJmcm9udCIsImFsZyI6IkhTMjU2In0.eyJzdWIiOiIxIn0.bjqJ6Rp6PzZ0Y9Sjk53ITn2y-O6eilxNmcKtb2CKrg0", Sec-Fetch-Dest:"empty", Referer:"http://localhost:1024/", Accept-Language:"zh-CN,zh-Hans;q=0.9", Priority:"u=3, i", Accept-Encoding:"gzip, deflate", Connection:"keep-alive"]
2025-11-15 17:45:01,812 INFO (LoggingFilter.java:24)- QueryParams: {}
2025-11-15 17:45:01,812 INFO (LoggingFilter.java:20)- === GATEWAY REQUEST ===
2025-11-15 17:45:01,812 WARN (RoundRobinLoadBalancer.java:98)- No servers available for service: novel-book-service
2025-11-15 17:45:01,812 INFO (LoggingFilter.java:21)- Path: /api/front/home/friend_Link/list
2025-11-15 17:45:01,813 INFO (LoggingFilter.java:22)- Method: GET
2025-11-15 17:45:01,813 INFO (LoggingFilter.java:23)- Headers: [Host:"127.0.0.1:8888", Accept:"application/json, text/plain, */*", Origin:"http://localhost:1024", Sec-Fetch-Site:"cross-site", X-Requested-With:"XMLHttpRequest", Sec-Fetch-Mode:"cors", User-Agent:"Mozilla/5.0 (Macintosh; Intel Mac OS X 10_15_7) AppleWebKit/605.1.15 (KHTML, like Gecko) Version/26.0 Safari/605.1.15", Authorization:"eyJzeXN0ZW1LZXlIZWFkZXIiOiJmcm9udCIsImFsZyI6IkhTMjU2In0.eyJzdWIiOiIxIn0.bjqJ6Rp6PzZ0Y9Sjk53ITn2y-O6eilxNmcKtb2CKrg0", Sec-Fetch-Dest:"empty", Referer:"http://localhost:1024/", Accept-Language:"zh-CN,zh-Hans;q=0.9", Priority:"u=3, i", Accept-Encoding:"gzip, deflate", Connection:"keep-alive"]
2025-11-15 17:45:01,813 INFO (LoggingFilter.java:24)- QueryParams: {}
2025-11-15 17:45:01,813 WARN (RoundRobinLoadBalancer.java:98)- No servers available for service: novel-book-service
2025-11-15 17:45:01,813 WARN (RoundRobinLoadBalancer.java:98)- No servers available for service: novel-home-service
2025-11-15 17:45:01,814 WARN (RoundRobinLoadBalancer.java:98)- No servers available for service: novel-home-service
2025-11-15 17:45:03,921 INFO (LoggingFilter.java:20)- === GATEWAY REQUEST ===
2025-11-15 17:45:03,921 INFO (LoggingFilter.java:21)- Path: /api/front/user
2025-11-15 17:45:03,921 INFO (LoggingFilter.java:22)- Method: GET
2025-11-15 17:45:03,921 INFO (LoggingFilter.java:23)- Headers: [Host:"127.0.0.1:8888", Accept:"application/json, text/plain, */*", Origin:"http://localhost:1024", Sec-Fetch-Site:"cross-site", X-Requested-With:"XMLHttpRequest", Sec-Fetch-Mode:"cors", User-Agent:"Mozilla/5.0 (Macintosh; Intel Mac OS X 10_15_7) AppleWebKit/605.1.15 (KHTML, like Gecko) Version/26.0 Safari/605.1.15", Authorization:"eyJzeXN0ZW1LZXlIZWFkZXIiOiJmcm9udCIsImFsZyI6IkhTMjU2In0.eyJzdWIiOiIxIn0.bjqJ6Rp6PzZ0Y9Sjk53ITn2y-O6eilxNmcKtb2CKrg0", Sec-Fetch-Dest:"empty", Referer:"http://localhost:1024/", Accept-Language:"zh-CN,zh-Hans;q=0.9", Priority:"u=3, i", Accept-Encoding:"gzip, deflate", Connection:"keep-alive"]
2025-11-15 17:45:03,922 INFO (LoggingFilter.java:24)- QueryParams: {}
2025-11-15 17:45:04,053 INFO (LoggingFilter.java:29)- === GATEWAY RESPONSE ===
2025-11-15 17:45:04,053 INFO (LoggingFilter.java:30)- Status: 200 OK
2025-11-15 17:45:04,053 INFO (LoggingFilter.java:31)- From Gateway: true
2025-11-15 17:45:06,505 INFO (LoggingFilter.java:20)- === GATEWAY REQUEST ===
2025-11-15 17:45:06,506 INFO (LoggingFilter.java:21)- Path: /api/front/user/comments
2025-11-15 17:45:06,506 INFO (LoggingFilter.java:22)- Method: GET
2025-11-15 17:45:06,506 INFO (LoggingFilter.java:23)- Headers: [Host:"127.0.0.1:8888", Accept:"application/json, text/plain, */*", Origin:"http://localhost:1024", Sec-Fetch-Site:"cross-site", X-Requested-With:"XMLHttpRequest", Sec-Fetch-Mode:"cors", User-Agent:"Mozilla/5.0 (Macintosh; Intel Mac OS X 10_15_7) AppleWebKit/605.1.15 (KHTML, like Gecko) Version/26.0 Safari/605.1.15", Authorization:"eyJzeXN0ZW1LZXlIZWFkZXIiOiJmcm9udCIsImFsZyI6IkhTMjU2In0.eyJzdWIiOiIxIn0.bjqJ6Rp6PzZ0Y9Sjk53ITn2y-O6eilxNmcKtb2CKrg0", Sec-Fetch-Dest:"empty", Referer:"http://localhost:1024/", Accept-Language:"zh-CN,zh-Hans;q=0.9", Priority:"u=3, i", Accept-Encoding:"gzip, deflate", Connection:"keep-alive"]
2025-11-15 17:45:06,506 INFO (LoggingFilter.java:24)- QueryParams: {pageNum=[0], pageSize=[10]}
2025-11-15 17:45:06,600 INFO (LoggingFilter.java:29)- === GATEWAY RESPONSE ===
2025-11-15 17:45:06,600 INFO (LoggingFilter.java:30)- Status: 404 NOT_FOUND
2025-11-15 17:45:06,600 INFO (LoggingFilter.java:31)- From Gateway: true
2025-11-15 17:45:07,134 INFO (LoggingFilter.java:20)- === GATEWAY REQUEST ===
2025-11-15 17:45:07,134 INFO (LoggingFilter.java:21)- Path: /api/front/user
2025-11-15 17:45:07,134 INFO (LoggingFilter.java:22)- Method: GET
2025-11-15 17:45:07,134 INFO (LoggingFilter.java:23)- Headers: [Host:"127.0.0.1:8888", Accept:"application/json, text/plain, */*", Origin:"http://localhost:1024", Sec-Fetch-Site:"cross-site", X-Requested-With:"XMLHttpRequest", Sec-Fetch-Mode:"cors", User-Agent:"Mozilla/5.0 (Macintosh; Intel Mac OS X 10_15_7) AppleWebKit/605.1.15 (KHTML, like Gecko) Version/26.0 Safari/605.1.15", Authorization:"eyJzeXN0ZW1LZXlIZWFkZXIiOiJmcm9udCIsImFsZyI6IkhTMjU2In0.eyJzdWIiOiIxIn0.bjqJ6Rp6PzZ0Y9Sjk53ITn2y-O6eilxNmcKtb2CKrg0", Sec-Fetch-Dest:"empty", Referer:"http://localhost:1024/", Accept-Language:"zh-CN,zh-Hans;q=0.9", Priority:"u=3, i", Accept-Encoding:"gzip, deflate", Connection:"keep-alive"]
2025-11-15 17:45:07,134 INFO (LoggingFilter.java:24)- QueryParams: {}
2025-11-15 17:45:07,243 INFO (LoggingFilter.java:29)- === GATEWAY RESPONSE ===
2025-11-15 17:45:07,243 INFO (LoggingFilter.java:30)- Status: 200 OK
2025-11-15 17:45:07,243 INFO (LoggingFilter.java:31)- From Gateway: true
2025-11-15 17:50:36,031 INFO (LoggerUtils.java:60)- [3b3c6e11-b7ff-4280-83bd-340f5f1b791c] Receive server push request, request = NotifySubscriberRequest, requestId = 82
2025-11-15 17:50:36,032 INFO (ServiceInfoHolder.java:241)- removed ips(1) service: DEFAULT_GROUP@@novel-user-service -> [{"ip":"10.44.77.249","port":9060,"weight":1.0,"healthy":true,"enabled":true,"ephemeral":true,"clusterName":"DEFAULT","serviceName":"DEFAULT_GROUP@@novel-user-service","metadata":{"preserved.register.source":"SPRING_CLOUD"},"instanceHeartBeatInterval":5000,"instanceHeartBeatTimeOut":15000,"ipDeleteTimeout":30000}]
2025-11-15 17:50:36,032 INFO (ServiceInfoHolder.java:169)- current ips:(0) service: DEFAULT_GROUP@@novel-user-service -> []
2025-11-15 17:50:36,034 INFO (LoggerUtils.java:60)- [3b3c6e11-b7ff-4280-83bd-340f5f1b791c] Ack server push request, request = NotifySubscriberRequest, requestId = 82
2025-11-15 17:50:42,322 INFO (LoggerUtils.java:60)- [3b3c6e11-b7ff-4280-83bd-340f5f1b791c] Receive server push request, request = NotifySubscriberRequest, requestId = 83
2025-11-15 17:50:42,322 INFO (ServiceInfoHolder.java:235)- new ips(1) service: DEFAULT_GROUP@@novel-user-service -> [{"ip":"10.44.77.249","port":9060,"weight":1.0,"healthy":true,"enabled":true,"ephemeral":true,"clusterName":"DEFAULT","serviceName":"DEFAULT_GROUP@@novel-user-service","metadata":{"preserved.register.source":"SPRING_CLOUD"},"instanceHeartBeatInterval":5000,"instanceHeartBeatTimeOut":15000,"ipDeleteTimeout":30000}]
2025-11-15 17:50:42,322 INFO (ServiceInfoHolder.java:169)- current ips:(1) service: DEFAULT_GROUP@@novel-user-service -> [{"ip":"10.44.77.249","port":9060,"weight":1.0,"healthy":true,"enabled":true,"ephemeral":true,"clusterName":"DEFAULT","serviceName":"DEFAULT_GROUP@@novel-user-service","metadata":{"preserved.register.source":"SPRING_CLOUD"},"instanceHeartBeatInterval":5000,"instanceHeartBeatTimeOut":15000,"ipDeleteTimeout":30000}]
2025-11-15 17:50:42,322 INFO (LoggerUtils.java:60)- [3b3c6e11-b7ff-4280-83bd-340f5f1b791c] Ack server push request, request = NotifySubscriberRequest, requestId = 83
2025-11-15 17:50:55,207 INFO (LoggingFilter.java:20)- === GATEWAY REQUEST ===
2025-11-15 17:50:55,207 INFO (LoggingFilter.java:21)- Path: /api/front/user/login
2025-11-15 17:50:55,207 INFO (LoggingFilter.java:22)- Method: POST
2025-11-15 17:50:55,207 INFO (LoggingFilter.java:23)- Headers: [Host:"127.0.0.1:8888", Accept:"application/json, text/plain, */*", Content-Type:"application/json", Sec-Fetch-Site:"cross-site", Origin:"http://localhost:1024", X-Requested-With:"XMLHttpRequest", Content-Length:"41", Sec-Fetch-Mode:"cors", User-Agent:"Mozilla/5.0 (Macintosh; Intel Mac OS X 10_15_7) AppleWebKit/605.1.15 (KHTML, like Gecko) Version/26.0 Safari/605.1.15", Authorization:"null", Referer:"http://localhost:1024/", Sec-Fetch-Dest:"empty", Accept-Language:"zh-CN,zh-Hans;q=0.9", Priority:"u=3, i", Accept-Encoding:"gzip, deflate", Connection:"keep-alive"]
2025-11-15 17:50:55,207 INFO (LoggingFilter.java:24)- QueryParams: {}
2025-11-15 17:50:55,749 INFO (LoggingFilter.java:29)- === GATEWAY RESPONSE ===
2025-11-15 17:50:55,750 INFO (LoggingFilter.java:30)- Status: 500 INTERNAL_SERVER_ERROR
2025-11-15 17:50:55,750 INFO (LoggingFilter.java:31)- From Gateway: true
2025-11-15 17:51:04,751 INFO (LoggingFilter.java:20)- === GATEWAY REQUEST ===
2025-11-15 17:51:04,752 INFO (LoggingFilter.java:21)- Path: /api/front/user/login
2025-11-15 17:51:04,752 INFO (LoggingFilter.java:22)- Method: POST
2025-11-15 17:51:04,752 INFO (LoggingFilter.java:23)- Headers: [Host:"127.0.0.1:8888", Accept:"application/json, text/plain, */*", Content-Type:"application/json", Sec-Fetch-Site:"cross-site", Origin:"http://localhost:1024", X-Requested-With:"XMLHttpRequest", Content-Length:"41", Sec-Fetch-Mode:"cors", User-Agent:"Mozilla/5.0 (Macintosh; Intel Mac OS X 10_15_7) AppleWebKit/605.1.15 (KHTML, like Gecko) Version/26.0 Safari/605.1.15", Authorization:"null", Referer:"http://localhost:1024/", Sec-Fetch-Dest:"empty", Accept-Language:"zh-CN,zh-Hans;q=0.9", Priority:"u=3, i", Accept-Encoding:"gzip, deflate", Connection:"keep-alive"]
2025-11-15 17:51:04,752 INFO (LoggingFilter.java:24)- QueryParams: {}
2025-11-15 17:51:04,944 INFO (LoggingFilter.java:29)- === GATEWAY RESPONSE ===
2025-11-15 17:51:04,944 INFO (LoggingFilter.java:30)- Status: 500 INTERNAL_SERVER_ERROR
2025-11-15 17:51:04,944 INFO (LoggingFilter.java:31)- From Gateway: true
2025-11-15 17:51:06,196 INFO (LoggingFilter.java:20)- === GATEWAY REQUEST ===
2025-11-15 17:51:06,196 INFO (LoggingFilter.java:21)- Path: /api/front/user/login
2025-11-15 17:51:06,196 INFO (LoggingFilter.java:22)- Method: POST
2025-11-15 17:51:06,196 INFO (LoggingFilter.java:23)- Headers: [Host:"127.0.0.1:8888", Accept:"application/json, text/plain, */*", Content-Type:"application/json", Sec-Fetch-Site:"cross-site", Origin:"http://localhost:1024", X-Requested-With:"XMLHttpRequest", Content-Length:"41", Sec-Fetch-Mode:"cors", User-Agent:"Mozilla/5.0 (Macintosh; Intel Mac OS X 10_15_7) AppleWebKit/605.1.15 (KHTML, like Gecko) Version/26.0 Safari/605.1.15", Authorization:"null", Referer:"http://localhost:1024/", Sec-Fetch-Dest:"empty", Accept-Language:"zh-CN,zh-Hans;q=0.9", Priority:"u=3, i", Accept-Encoding:"gzip, deflate", Connection:"keep-alive"]
2025-11-15 17:51:06,197 INFO (LoggingFilter.java:24)- QueryParams: {}
2025-11-15 17:51:06,372 INFO (LoggingFilter.java:29)- === GATEWAY RESPONSE ===
2025-11-15 17:51:06,372 INFO (LoggingFilter.java:30)- Status: 500 INTERNAL_SERVER_ERROR
2025-11-15 17:51:06,372 INFO (LoggingFilter.java:31)- From Gateway: true
2025-11-15 17:51:07,270 INFO (LoggingFilter.java:20)- === GATEWAY REQUEST ===
2025-11-15 17:51:07,270 INFO (LoggingFilter.java:21)- Path: /api/front/user/login
2025-11-15 17:51:07,270 INFO (LoggingFilter.java:22)- Method: POST
2025-11-15 17:51:07,270 INFO (LoggingFilter.java:23)- Headers: [Host:"127.0.0.1:8888", Accept:"application/json, text/plain, */*", Content-Type:"application/json", Sec-Fetch-Site:"cross-site", Origin:"http://localhost:1024", X-Requested-With:"XMLHttpRequest", Content-Length:"41", Sec-Fetch-Mode:"cors", User-Agent:"Mozilla/5.0 (Macintosh; Intel Mac OS X 10_15_7) AppleWebKit/605.1.15 (KHTML, like Gecko) Version/26.0 Safari/605.1.15", Authorization:"null", Referer:"http://localhost:1024/", Sec-Fetch-Dest:"empty", Accept-Language:"zh-CN,zh-Hans;q=0.9", Priority:"u=3, i", Accept-Encoding:"gzip, deflate", Connection:"keep-alive"]
2025-11-15 17:51:07,270 INFO (LoggingFilter.java:24)- QueryParams: {}
2025-11-15 17:51:07,460 INFO (LoggingFilter.java:29)- === GATEWAY RESPONSE ===
2025-11-15 17:51:07,460 INFO (LoggingFilter.java:30)- Status: 500 INTERNAL_SERVER_ERROR
2025-11-15 17:51:07,460 INFO (LoggingFilter.java:31)- From Gateway: true
2025-11-15 17:51:08,135 INFO (LoggingFilter.java:20)- === GATEWAY REQUEST ===
2025-11-15 17:51:08,135 INFO (LoggingFilter.java:21)- Path: /api/front/user/login
2025-11-15 17:51:08,135 INFO (LoggingFilter.java:22)- Method: POST
2025-11-15 17:51:08,135 INFO (LoggingFilter.java:23)- Headers: [Host:"127.0.0.1:8888", Accept:"application/json, text/plain, */*", Content-Type:"application/json", Sec-Fetch-Site:"cross-site", Origin:"http://localhost:1024", X-Requested-With:"XMLHttpRequest", Content-Length:"41", Sec-Fetch-Mode:"cors", User-Agent:"Mozilla/5.0 (Macintosh; Intel Mac OS X 10_15_7) AppleWebKit/605.1.15 (KHTML, like Gecko) Version/26.0 Safari/605.1.15", Authorization:"null", Referer:"http://localhost:1024/", Sec-Fetch-Dest:"empty", Accept-Language:"zh-CN,zh-Hans;q=0.9", Priority:"u=3, i", Accept-Encoding:"gzip, deflate", Connection:"keep-alive"]
2025-11-15 17:51:08,135 INFO (LoggingFilter.java:24)- QueryParams: {}
2025-11-15 17:51:08,392 INFO (LoggingFilter.java:29)- === GATEWAY RESPONSE ===
2025-11-15 17:51:08,392 INFO (LoggingFilter.java:30)- Status: 500 INTERNAL_SERVER_ERROR
2025-11-15 17:51:08,393 INFO (LoggingFilter.java:31)- From Gateway: true
2025-11-15 17:51:09,035 INFO (LoggingFilter.java:20)- === GATEWAY REQUEST ===
2025-11-15 17:51:09,035 INFO (LoggingFilter.java:21)- Path: /api/front/user/login
2025-11-15 17:51:09,035 INFO (LoggingFilter.java:22)- Method: POST
2025-11-15 17:51:09,036 INFO (LoggingFilter.java:23)- Headers: [Host:"127.0.0.1:8888", Accept:"application/json, text/plain, */*", Content-Type:"application/json", Sec-Fetch-Site:"cross-site", Origin:"http://localhost:1024", X-Requested-With:"XMLHttpRequest", Content-Length:"41", Sec-Fetch-Mode:"cors", User-Agent:"Mozilla/5.0 (Macintosh; Intel Mac OS X 10_15_7) AppleWebKit/605.1.15 (KHTML, like Gecko) Version/26.0 Safari/605.1.15", Authorization:"null", Referer:"http://localhost:1024/", Sec-Fetch-Dest:"empty", Accept-Language:"zh-CN,zh-Hans;q=0.9", Priority:"u=3, i", Accept-Encoding:"gzip, deflate", Connection:"keep-alive"]
2025-11-15 17:51:09,036 INFO (LoggingFilter.java:24)- QueryParams: {}
2025-11-15 17:51:09,109 INFO (LoggingFilter.java:29)- === GATEWAY RESPONSE ===
2025-11-15 17:51:09,110 INFO (LoggingFilter.java:30)- Status: 500 INTERNAL_SERVER_ERROR
2025-11-15 17:51:09,110 INFO (LoggingFilter.java:31)- From Gateway: true
2025-11-15 17:51:09,792 INFO (LoggingFilter.java:20)- === GATEWAY REQUEST ===
2025-11-15 17:51:09,793 INFO (LoggingFilter.java:21)- Path: /api/front/user/login
2025-11-15 17:51:09,793 INFO (LoggingFilter.java:22)- Method: POST
2025-11-15 17:51:09,793 INFO (LoggingFilter.java:23)- Headers: [Host:"127.0.0.1:8888", Accept:"application/json, text/plain, */*", Content-Type:"application/json", Sec-Fetch-Site:"cross-site", Origin:"http://localhost:1024", X-Requested-With:"XMLHttpRequest", Content-Length:"41", Sec-Fetch-Mode:"cors", User-Agent:"Mozilla/5.0 (Macintosh; Intel Mac OS X 10_15_7) AppleWebKit/605.1.15 (KHTML, like Gecko) Version/26.0 Safari/605.1.15", Authorization:"null", Referer:"http://localhost:1024/", Sec-Fetch-Dest:"empty", Accept-Language:"zh-CN,zh-Hans;q=0.9", Priority:"u=3, i", Accept-Encoding:"gzip, deflate", Connection:"keep-alive"]
2025-11-15 17:51:09,793 INFO (LoggingFilter.java:24)- QueryParams: {}
2025-11-15 17:51:09,864 INFO (LoggingFilter.java:29)- === GATEWAY RESPONSE ===
2025-11-15 17:51:09,865 INFO (LoggingFilter.java:30)- Status: 500 INTERNAL_SERVER_ERROR
2025-11-15 17:51:09,865 INFO (LoggingFilter.java:31)- From Gateway: true
2025-11-15 17:51:10,537 INFO (LoggingFilter.java:20)- === GATEWAY REQUEST ===
2025-11-15 17:51:10,537 INFO (LoggingFilter.java:21)- Path: /api/front/user/login
2025-11-15 17:51:10,538 INFO (LoggingFilter.java:22)- Method: POST
2025-11-15 17:51:10,538 INFO (LoggingFilter.java:23)- Headers: [Host:"127.0.0.1:8888", Accept:"application/json, text/plain, */*", Content-Type:"application/json", Sec-Fetch-Site:"cross-site", Origin:"http://localhost:1024", X-Requested-With:"XMLHttpRequest", Content-Length:"41", Sec-Fetch-Mode:"cors", User-Agent:"Mozilla/5.0 (Macintosh; Intel Mac OS X 10_15_7) AppleWebKit/605.1.15 (KHTML, like Gecko) Version/26.0 Safari/605.1.15", Authorization:"null", Referer:"http://localhost:1024/", Sec-Fetch-Dest:"empty", Accept-Language:"zh-CN,zh-Hans;q=0.9", Priority:"u=3, i", Accept-Encoding:"gzip, deflate", Connection:"keep-alive"]
2025-11-15 17:51:10,538 INFO (LoggingFilter.java:24)- QueryParams: {}
2025-11-15 17:51:10,614 INFO (LoggingFilter.java:29)- === GATEWAY RESPONSE ===
2025-11-15 17:51:10,614 INFO (LoggingFilter.java:30)- Status: 500 INTERNAL_SERVER_ERROR
2025-11-15 17:51:10,615 INFO (LoggingFilter.java:31)- From Gateway: true
2025-11-15 17:52:02,004 INFO (LoggingFilter.java:20)- === GATEWAY REQUEST ===
2025-11-15 17:52:02,003 INFO (LoggingFilter.java:20)- === GATEWAY REQUEST ===
2025-11-15 17:52:02,004 INFO (LoggingFilter.java:20)- === GATEWAY REQUEST ===
2025-11-15 17:52:02,004 INFO (LoggingFilter.java:21)- Path: /api/front/news/latest_list
2025-11-15 17:52:02,004 INFO (LoggingFilter.java:21)- Path: /api/front/book/newest_rank
2025-11-15 17:52:02,004 INFO (LoggingFilter.java:21)- Path: /api/front/book/visit_rank
2025-11-15 17:52:02,004 INFO (LoggingFilter.java:22)- Method: GET
2025-11-15 17:52:02,004 INFO (LoggingFilter.java:22)- Method: GET
2025-11-15 17:52:02,004 INFO (LoggingFilter.java:22)- Method: GET
2025-11-15 17:52:02,004 INFO (LoggingFilter.java:23)- Headers: [Host:"127.0.0.1:8888", Accept:"application/json, text/plain, */*", Origin:"http://localhost:1024", Sec-Fetch-Site:"cross-site", X-Requested-With:"XMLHttpRequest", Sec-Fetch-Mode:"cors", User-Agent:"Mozilla/5.0 (Macintosh; Intel Mac OS X 10_15_7) AppleWebKit/605.1.15 (KHTML, like Gecko) Version/26.0 Safari/605.1.15", Authorization:"null", Sec-Fetch-Dest:"empty", Referer:"http://localhost:1024/", Accept-Language:"zh-CN,zh-Hans;q=0.9", Priority:"u=3, i", Accept-Encoding:"gzip, deflate", Connection:"keep-alive"]
2025-11-15 17:52:02,004 INFO (LoggingFilter.java:23)- Headers: [Host:"127.0.0.1:8888", Accept:"application/json, text/plain, */*", Origin:"http://localhost:1024", Sec-Fetch-Site:"cross-site", X-Requested-With:"XMLHttpRequest", Sec-Fetch-Mode:"cors", User-Agent:"Mozilla/5.0 (Macintosh; Intel Mac OS X 10_15_7) AppleWebKit/605.1.15 (KHTML, like Gecko) Version/26.0 Safari/605.1.15", Authorization:"null", Sec-Fetch-Dest:"empty", Referer:"http://localhost:1024/", Accept-Language:"zh-CN,zh-Hans;q=0.9", Priority:"u=3, i", Accept-Encoding:"gzip, deflate", Connection:"keep-alive"]
2025-11-15 17:52:02,004 INFO (LoggingFilter.java:24)- QueryParams: {}
2025-11-15 17:52:02,004 INFO (LoggingFilter.java:23)- Headers: [Host:"127.0.0.1:8888", Accept:"application/json, text/plain, */*", Origin:"http://localhost:1024", Sec-Fetch-Site:"cross-site", X-Requested-With:"XMLHttpRequest", Sec-Fetch-Mode:"cors", User-Agent:"Mozilla/5.0 (Macintosh; Intel Mac OS X 10_15_7) AppleWebKit/605.1.15 (KHTML, like Gecko) Version/26.0 Safari/605.1.15", Authorization:"null", Sec-Fetch-Dest:"empty", Referer:"http://localhost:1024/", Accept-Language:"zh-CN,zh-Hans;q=0.9", Priority:"u=3, i", Accept-Encoding:"gzip, deflate", Connection:"keep-alive"]
2025-11-15 17:52:02,004 INFO (LoggingFilter.java:24)- QueryParams: {}
2025-11-15 17:52:02,004 INFO (LoggingFilter.java:24)- QueryParams: {}
2025-11-15 17:52:02,004 INFO (LoggingFilter.java:20)- === GATEWAY REQUEST ===
2025-11-15 17:52:02,004 INFO (LoggingFilter.java:21)- Path: /api/front/home/friend_Link/list
2025-11-15 17:52:02,004 INFO (LoggingFilter.java:20)- === GATEWAY REQUEST ===
2025-11-15 17:52:02,004 INFO (LoggingFilter.java:22)- Method: GET
2025-11-15 17:52:02,004 INFO (LoggingFilter.java:21)- Path: /api/front/book/update_rank
2025-11-15 17:52:02,004 INFO (LoggingFilter.java:23)- Headers: [Host:"127.0.0.1:8888", Accept:"application/json, text/plain, */*", Origin:"http://localhost:1024", Sec-Fetch-Site:"cross-site", X-Requested-With:"XMLHttpRequest", Sec-Fetch-Mode:"cors", User-Agent:"Mozilla/5.0 (Macintosh; Intel Mac OS X 10_15_7) AppleWebKit/605.1.15 (KHTML, like Gecko) Version/26.0 Safari/605.1.15", Authorization:"null", Sec-Fetch-Dest:"empty", Referer:"http://localhost:1024/", Accept-Language:"zh-CN,zh-Hans;q=0.9", Priority:"u=3, i", Accept-Encoding:"gzip, deflate", Connection:"keep-alive"]
2025-11-15 17:52:02,005 INFO (LoggingFilter.java:22)- Method: GET
2025-11-15 17:52:02,005 WARN (RoundRobinLoadBalancer.java:98)- No servers available for service: novel-book-service
2025-11-15 17:52:02,005 INFO (LoggingFilter.java:23)- Headers: [Host:"127.0.0.1:8888", Accept:"application/json, text/plain, */*", Origin:"http://localhost:1024", Sec-Fetch-Site:"cross-site", X-Requested-With:"XMLHttpRequest", Sec-Fetch-Mode:"cors", User-Agent:"Mozilla/5.0 (Macintosh; Intel Mac OS X 10_15_7) AppleWebKit/605.1.15 (KHTML, like Gecko) Version/26.0 Safari/605.1.15", Authorization:"null", Sec-Fetch-Dest:"empty", Referer:"http://localhost:1024/", Accept-Language:"zh-CN,zh-Hans;q=0.9", Priority:"u=3, i", Accept-Encoding:"gzip, deflate", Connection:"keep-alive"]
2025-11-15 17:52:02,005 INFO (LoggingFilter.java:24)- QueryParams: {}
2025-11-15 17:52:02,005 WARN (RoundRobinLoadBalancer.java:98)- No servers available for service: novel-news-service
2025-11-15 17:52:02,005 INFO (LoggingFilter.java:24)- QueryParams: {}
2025-11-15 17:52:02,005 INFO (LoggingFilter.java:20)- === GATEWAY REQUEST ===
2025-11-15 17:52:02,005 INFO (LoggingFilter.java:21)- Path: /api/front/home/books
2025-11-15 17:52:02,005 INFO (LoggingFilter.java:22)- Method: GET
2025-11-15 17:52:02,005 INFO (LoggingFilter.java:23)- Headers: [Host:"127.0.0.1:8888", Accept:"application/json, text/plain, */*", Origin:"http://localhost:1024", Sec-Fetch-Site:"cross-site", X-Requested-With:"XMLHttpRequest", Sec-Fetch-Mode:"cors", User-Agent:"Mozilla/5.0 (Macintosh; Intel Mac OS X 10_15_7) AppleWebKit/605.1.15 (KHTML, like Gecko) Version/26.0 Safari/605.1.15", Authorization:"null", Sec-Fetch-Dest:"empty", Referer:"http://localhost:1024/", Accept-Language:"zh-CN,zh-Hans;q=0.9", Priority:"u=3, i", Accept-Encoding:"gzip, deflate", Connection:"keep-alive"]
2025-11-15 17:52:02,005 INFO (LoggingFilter.java:24)- QueryParams: {}
2025-11-15 17:52:02,005 WARN (RoundRobinLoadBalancer.java:98)- No servers available for service: novel-book-service
2025-11-15 17:52:02,007 WARN (RoundRobinLoadBalancer.java:98)- No servers available for service: novel-book-service
2025-11-15 17:52:02,007 WARN (RoundRobinLoadBalancer.java:98)- No servers available for service: novel-home-service
2025-11-15 17:52:02,007 WARN (RoundRobinLoadBalancer.java:98)- No servers available for service: novel-home-service
2025-11-15 17:52:17,635 INFO (LoggingFilter.java:20)- === GATEWAY REQUEST ===
2025-11-15 17:52:17,636 INFO (LoggingFilter.java:21)- Path: /api/front/user/login
2025-11-15 17:52:17,636 INFO (LoggingFilter.java:22)- Method: POST
2025-11-15 17:52:17,636 INFO (LoggingFilter.java:23)- Headers: [Host:"127.0.0.1:8888", Accept:"application/json, text/plain, */*", Content-Type:"application/json", Sec-Fetch-Site:"cross-site", Origin:"http://localhost:1024", X-Requested-With:"XMLHttpRequest", Content-Length:"41", Sec-Fetch-Mode:"cors", User-Agent:"Mozilla/5.0 (Macintosh; Intel Mac OS X 10_15_7) AppleWebKit/605.1.15 (KHTML, like Gecko) Version/26.0 Safari/605.1.15", Authorization:"null", Referer:"http://localhost:1024/", Sec-Fetch-Dest:"empty", Accept-Language:"zh-CN,zh-Hans;q=0.9", Priority:"u=3, i", Accept-Encoding:"gzip, deflate", Connection:"keep-alive"]
2025-11-15 17:52:17,636 INFO (LoggingFilter.java:24)- QueryParams: {}
2025-11-15 17:52:17,716 INFO (LoggingFilter.java:29)- === GATEWAY RESPONSE ===
2025-11-15 17:52:17,717 INFO (LoggingFilter.java:30)- Status: 500 INTERNAL_SERVER_ERROR
2025-11-15 17:52:17,717 INFO (LoggingFilter.java:31)- From Gateway: true
2025-11-15 17:52:35,040 INFO (LoggingFilter.java:20)- === GATEWAY REQUEST ===
2025-11-15 17:52:35,041 INFO (LoggingFilter.java:21)- Path: /api/front/user/login
2025-11-15 17:52:35,041 INFO (LoggingFilter.java:22)- Method: POST
2025-11-15 17:52:35,041 INFO (LoggingFilter.java:23)- Headers: [Host:"127.0.0.1:8888", Accept:"application/json, text/plain, */*", Content-Type:"application/json", Sec-Fetch-Site:"cross-site", Origin:"http://localhost:1024", X-Requested-With:"XMLHttpRequest", Content-Length:"46", Sec-Fetch-Mode:"cors", User-Agent:"Mozilla/5.0 (Macintosh; Intel Mac OS X 10_15_7) AppleWebKit/605.1.15 (KHTML, like Gecko) Version/26.0 Safari/605.1.15", Authorization:"null", Referer:"http://localhost:1024/", Sec-Fetch-Dest:"empty", Accept-Language:"zh-CN,zh-Hans;q=0.9", Priority:"u=3, i", Accept-Encoding:"gzip, deflate", Connection:"keep-alive"]
2025-11-15 17:52:35,041 INFO (LoggingFilter.java:24)- QueryParams: {}
2025-11-15 17:52:35,121 INFO (LoggingFilter.java:29)- === GATEWAY RESPONSE ===
2025-11-15 17:52:35,121 INFO (LoggingFilter.java:30)- Status: 500 INTERNAL_SERVER_ERROR
2025-11-15 17:52:35,121 INFO (LoggingFilter.java:31)- From Gateway: true
2025-11-15 18:00:07,508 INFO (LoggingFilter.java:20)- === GATEWAY REQUEST ===
2025-11-15 18:00:07,508 INFO (LoggingFilter.java:20)- === GATEWAY REQUEST ===
2025-11-15 18:00:07,508 INFO (LoggingFilter.java:20)- === GATEWAY REQUEST ===
2025-11-15 18:00:07,509 INFO (LoggingFilter.java:21)- Path: /api/front/book/visit_rank
2025-11-15 18:00:07,509 INFO (LoggingFilter.java:21)- Path: /api/front/news/latest_list
2025-11-15 18:00:07,509 INFO (LoggingFilter.java:22)- Method: GET
2025-11-15 18:00:07,509 INFO (LoggingFilter.java:21)- Path: /api/front/book/newest_rank
2025-11-15 18:00:07,509 INFO (LoggingFilter.java:22)- Method: GET
2025-11-15 18:00:07,509 INFO (LoggingFilter.java:23)- Headers: [Host:"127.0.0.1:8888", Accept:"application/json, text/plain, */*", Origin:"http://localhost:1024", Sec-Fetch-Site:"cross-site", X-Requested-With:"XMLHttpRequest", Sec-Fetch-Mode:"cors", User-Agent:"Mozilla/5.0 (Macintosh; Intel Mac OS X 10_15_7) AppleWebKit/605.1.15 (KHTML, like Gecko) Version/26.0 Safari/605.1.15", Authorization:"null", Sec-Fetch-Dest:"empty", Referer:"http://localhost:1024/", Accept-Language:"zh-CN,zh-Hans;q=0.9", Priority:"u=3, i", Accept-Encoding:"gzip, deflate", Connection:"keep-alive"]
2025-11-15 18:00:07,509 INFO (LoggingFilter.java:22)- Method: GET
2025-11-15 18:00:07,509 INFO (LoggingFilter.java:20)- === GATEWAY REQUEST ===
2025-11-15 18:00:07,509 INFO (LoggingFilter.java:24)- QueryParams: {}
2025-11-15 18:00:07,509 INFO (LoggingFilter.java:21)- Path: /api/front/book/update_rank
2025-11-15 18:00:07,509 INFO (LoggingFilter.java:23)- Headers: [Host:"127.0.0.1:8888", Accept:"application/json, text/plain, */*", Origin:"http://localhost:1024", Sec-Fetch-Site:"cross-site", X-Requested-With:"XMLHttpRequest", Sec-Fetch-Mode:"cors", User-Agent:"Mozilla/5.0 (Macintosh; Intel Mac OS X 10_15_7) AppleWebKit/605.1.15 (KHTML, like Gecko) Version/26.0 Safari/605.1.15", Authorization:"null", Sec-Fetch-Dest:"empty", Referer:"http://localhost:1024/", Accept-Language:"zh-CN,zh-Hans;q=0.9", Priority:"u=3, i", Accept-Encoding:"gzip, deflate", Connection:"keep-alive"]
2025-11-15 18:00:07,509 INFO (LoggingFilter.java:23)- Headers: [Host:"127.0.0.1:8888", Accept:"application/json, text/plain, */*", Origin:"http://localhost:1024", Sec-Fetch-Site:"cross-site", X-Requested-With:"XMLHttpRequest", Sec-Fetch-Mode:"cors", User-Agent:"Mozilla/5.0 (Macintosh; Intel Mac OS X 10_15_7) AppleWebKit/605.1.15 (KHTML, like Gecko) Version/26.0 Safari/605.1.15", Authorization:"null", Sec-Fetch-Dest:"empty", Referer:"http://localhost:1024/", Accept-Language:"zh-CN,zh-Hans;q=0.9", Priority:"u=3, i", Accept-Encoding:"gzip, deflate", Connection:"keep-alive"]
2025-11-15 18:00:07,509 INFO (LoggingFilter.java:22)- Method: GET
2025-11-15 18:00:07,509 INFO (LoggingFilter.java:24)- QueryParams: {}
2025-11-15 18:00:07,509 INFO (LoggingFilter.java:23)- Headers: [Host:"127.0.0.1:8888", Accept:"application/json, text/plain, */*", Origin:"http://localhost:1024", Sec-Fetch-Site:"cross-site", X-Requested-With:"XMLHttpRequest", Sec-Fetch-Mode:"cors", User-Agent:"Mozilla/5.0 (Macintosh; Intel Mac OS X 10_15_7) AppleWebKit/605.1.15 (KHTML, like Gecko) Version/26.0 Safari/605.1.15", Authorization:"null", Sec-Fetch-Dest:"empty", Referer:"http://localhost:1024/", Accept-Language:"zh-CN,zh-Hans;q=0.9", Priority:"u=3, i", Accept-Encoding:"gzip, deflate", Connection:"keep-alive"]
2025-11-15 18:00:07,509 INFO (LoggingFilter.java:24)- QueryParams: {}
2025-11-15 18:00:07,509 INFO (LoggingFilter.java:24)- QueryParams: {}
2025-11-15 18:00:07,509 INFO (LoggingFilter.java:20)- === GATEWAY REQUEST ===
2025-11-15 18:00:07,509 INFO (LoggingFilter.java:21)- Path: /api/front/home/books
2025-11-15 18:00:07,509 INFO (LoggingFilter.java:22)- Method: GET
2025-11-15 18:00:07,509 INFO (LoggingFilter.java:20)- === GATEWAY REQUEST ===
2025-11-15 18:00:07,509 INFO (LoggingFilter.java:23)- Headers: [Host:"127.0.0.1:8888", Accept:"application/json, text/plain, */*", Origin:"http://localhost:1024", Sec-Fetch-Site:"cross-site", X-Requested-With:"XMLHttpRequest", Sec-Fetch-Mode:"cors", User-Agent:"Mozilla/5.0 (Macintosh; Intel Mac OS X 10_15_7) AppleWebKit/605.1.15 (KHTML, like Gecko) Version/26.0 Safari/605.1.15", Authorization:"null", Sec-Fetch-Dest:"empty", Referer:"http://localhost:1024/", Accept-Language:"zh-CN,zh-Hans;q=0.9", Priority:"u=3, i", Accept-Encoding:"gzip, deflate", Connection:"keep-alive"]
2025-11-15 18:00:07,509 INFO (LoggingFilter.java:24)- QueryParams: {}
2025-11-15 18:00:07,509 INFO (LoggingFilter.java:21)- Path: /api/front/home/friend_Link/list
2025-11-15 18:00:07,509 INFO (LoggingFilter.java:22)- Method: GET
2025-11-15 18:00:07,509 INFO (LoggingFilter.java:23)- Headers: [Host:"127.0.0.1:8888", Accept:"application/json, text/plain, */*", Origin:"http://localhost:1024", Sec-Fetch-Site:"cross-site", X-Requested-With:"XMLHttpRequest", Sec-Fetch-Mode:"cors", User-Agent:"Mozilla/5.0 (Macintosh; Intel Mac OS X 10_15_7) AppleWebKit/605.1.15 (KHTML, like Gecko) Version/26.0 Safari/605.1.15", Authorization:"null", Sec-Fetch-Dest:"empty", Referer:"http://localhost:1024/", Accept-Language:"zh-CN,zh-Hans;q=0.9", Priority:"u=3, i", Accept-Encoding:"gzip, deflate", Connection:"keep-alive"]
2025-11-15 18:00:07,510 INFO (LoggingFilter.java:24)- QueryParams: {}
2025-11-15 18:00:07,510 WARN (RoundRobinLoadBalancer.java:98)- No servers available for service: novel-book-service
2025-11-15 18:00:07,510 WARN (RoundRobinLoadBalancer.java:98)- No servers available for service: novel-book-service
2025-11-15 18:00:07,510 WARN (RoundRobinLoadBalancer.java:98)- No servers available for service: novel-book-service
2025-11-15 18:00:07,510 WARN (RoundRobinLoadBalancer.java:98)- No servers available for service: novel-news-service
2025-11-15 18:00:07,510 WARN (RoundRobinLoadBalancer.java:98)- No servers available for service: novel-home-service
2025-11-15 18:00:07,511 WARN (RoundRobinLoadBalancer.java:98)- No servers available for service: novel-home-service
2025-11-15 18:00:07,966 INFO (LoggingFilter.java:20)- === GATEWAY REQUEST ===
2025-11-15 18:00:07,966 INFO (LoggingFilter.java:20)- === GATEWAY REQUEST ===
2025-11-15 18:00:07,966 INFO (LoggingFilter.java:20)- === GATEWAY REQUEST ===
2025-11-15 18:00:07,966 INFO (LoggingFilter.java:20)- === GATEWAY REQUEST ===
2025-11-15 18:00:07,966 INFO (LoggingFilter.java:21)- Path: /api/front/book/newest_rank
2025-11-15 18:00:07,966 INFO (LoggingFilter.java:20)- === GATEWAY REQUEST ===
2025-11-15 18:00:07,966 INFO (LoggingFilter.java:21)- Path: /api/front/book/visit_rank
2025-11-15 18:00:07,967 INFO (LoggingFilter.java:21)- Path: /api/front/book/update_rank
2025-11-15 18:00:07,967 INFO (LoggingFilter.java:22)- Method: GET
2025-11-15 18:00:07,967 INFO (LoggingFilter.java:21)- Path: /api/front/news/latest_list
2025-11-15 18:00:07,967 INFO (LoggingFilter.java:22)- Method: GET
2025-11-15 18:00:07,966 INFO (LoggingFilter.java:20)- === GATEWAY REQUEST ===
2025-11-15 18:00:07,967 INFO (LoggingFilter.java:22)- Method: GET
2025-11-15 18:00:07,967 INFO (LoggingFilter.java:22)- Method: GET
2025-11-15 18:00:07,967 INFO (LoggingFilter.java:23)- Headers: [Host:"127.0.0.1:8888", Accept:"application/json, text/plain, */*", Origin:"http://localhost:1024", Sec-Fetch-Site:"cross-site", X-Requested-With:"XMLHttpRequest", Sec-Fetch-Mode:"cors", User-Agent:"Mozilla/5.0 (Macintosh; Intel Mac OS X 10_15_7) AppleWebKit/605.1.15 (KHTML, like Gecko) Version/26.0 Safari/605.1.15", Authorization:"null", Sec-Fetch-Dest:"empty", Referer:"http://localhost:1024/", Accept-Language:"zh-CN,zh-Hans;q=0.9", Priority:"u=3, i", Accept-Encoding:"gzip, deflate", Connection:"keep-alive"]
2025-11-15 18:00:07,966 INFO (LoggingFilter.java:21)- Path: /api/front/home/books
2025-11-15 18:00:07,967 INFO (LoggingFilter.java:23)- Headers: [Host:"127.0.0.1:8888", Accept:"application/json, text/plain, */*", Origin:"http://localhost:1024", Sec-Fetch-Site:"cross-site", X-Requested-With:"XMLHttpRequest", Sec-Fetch-Mode:"cors", User-Agent:"Mozilla/5.0 (Macintosh; Intel Mac OS X 10_15_7) AppleWebKit/605.1.15 (KHTML, like Gecko) Version/26.0 Safari/605.1.15", Authorization:"null", Sec-Fetch-Dest:"empty", Referer:"http://localhost:1024/", Accept-Language:"zh-CN,zh-Hans;q=0.9", Priority:"u=3, i", Accept-Encoding:"gzip, deflate", Connection:"keep-alive"]
2025-11-15 18:00:07,967 INFO (LoggingFilter.java:21)- Path: /api/front/home/friend_Link/list
2025-11-15 18:00:07,967 INFO (LoggingFilter.java:22)- Method: GET
2025-11-15 18:00:07,967 INFO (LoggingFilter.java:24)- QueryParams: {}
2025-11-15 18:00:07,967 INFO (LoggingFilter.java:23)- Headers: [Host:"127.0.0.1:8888", Accept:"application/json, text/plain, */*", Origin:"http://localhost:1024", Sec-Fetch-Site:"cross-site", X-Requested-With:"XMLHttpRequest", Sec-Fetch-Mode:"cors", User-Agent:"Mozilla/5.0 (Macintosh; Intel Mac OS X 10_15_7) AppleWebKit/605.1.15 (KHTML, like Gecko) Version/26.0 Safari/605.1.15", Authorization:"null", Sec-Fetch-Dest:"empty", Referer:"http://localhost:1024/", Accept-Language:"zh-CN,zh-Hans;q=0.9", Priority:"u=3, i", Accept-Encoding:"gzip, deflate", Connection:"keep-alive"]
2025-11-15 18:00:07,967 INFO (LoggingFilter.java:23)- Headers: [Host:"127.0.0.1:8888", Accept:"application/json, text/plain, */*", Origin:"http://localhost:1024", Sec-Fetch-Site:"cross-site", X-Requested-With:"XMLHttpRequest", Sec-Fetch-Mode:"cors", User-Agent:"Mozilla/5.0 (Macintosh; Intel Mac OS X 10_15_7) AppleWebKit/605.1.15 (KHTML, like Gecko) Version/26.0 Safari/605.1.15", Authorization:"null", Sec-Fetch-Dest:"empty", Referer:"http://localhost:1024/", Accept-Language:"zh-CN,zh-Hans;q=0.9", Priority:"u=3, i", Accept-Encoding:"gzip, deflate", Connection:"keep-alive"]
2025-11-15 18:00:07,967 INFO (LoggingFilter.java:23)- Headers: [Host:"127.0.0.1:8888", Accept:"application/json, text/plain, */*", Origin:"http://localhost:1024", Sec-Fetch-Site:"cross-site", X-Requested-With:"XMLHttpRequest", Sec-Fetch-Mode:"cors", User-Agent:"Mozilla/5.0 (Macintosh; Intel Mac OS X 10_15_7) AppleWebKit/605.1.15 (KHTML, like Gecko) Version/26.0 Safari/605.1.15", Authorization:"null", Sec-Fetch-Dest:"empty", Referer:"http://localhost:1024/", Accept-Language:"zh-CN,zh-Hans;q=0.9", Priority:"u=3, i", Accept-Encoding:"gzip, deflate", Connection:"keep-alive"]
2025-11-15 18:00:07,967 INFO (LoggingFilter.java:24)- QueryParams: {}
2025-11-15 18:00:07,967 INFO (LoggingFilter.java:24)- QueryParams: {}
2025-11-15 18:00:07,967 INFO (LoggingFilter.java:24)- QueryParams: {}
2025-11-15 18:00:07,967 INFO (LoggingFilter.java:24)- QueryParams: {}
2025-11-15 18:00:07,967 INFO (LoggingFilter.java:22)- Method: GET
2025-11-15 18:00:07,968 INFO (LoggingFilter.java:23)- Headers: [Host:"127.0.0.1:8888", Accept:"application/json, text/plain, */*", Origin:"http://localhost:1024", Sec-Fetch-Site:"cross-site", X-Requested-With:"XMLHttpRequest", Sec-Fetch-Mode:"cors", User-Agent:"Mozilla/5.0 (Macintosh; Intel Mac OS X 10_15_7) AppleWebKit/605.1.15 (KHTML, like Gecko) Version/26.0 Safari/605.1.15", Authorization:"null", Sec-Fetch-Dest:"empty", Referer:"http://localhost:1024/", Accept-Language:"zh-CN,zh-Hans;q=0.9", Priority:"u=3, i", Accept-Encoding:"gzip, deflate", Connection:"keep-alive"]
2025-11-15 18:00:07,968 INFO (LoggingFilter.java:24)- QueryParams: {}
2025-11-15 18:00:07,968 WARN (RoundRobinLoadBalancer.java:98)- No servers available for service: novel-book-service
2025-11-15 18:00:07,968 WARN (RoundRobinLoadBalancer.java:98)- No servers available for service: novel-news-service
2025-11-15 18:00:07,968 WARN (RoundRobinLoadBalancer.java:98)- No servers available for service: novel-book-service
2025-11-15 18:00:07,968 WARN (RoundRobinLoadBalancer.java:98)- No servers available for service: novel-home-service
2025-11-15 18:00:07,970 WARN (RoundRobinLoadBalancer.java:98)- No servers available for service: novel-book-service
2025-11-15 18:00:07,970 WARN (RoundRobinLoadBalancer.java:98)- No servers available for service: novel-home-service
2025-11-15 18:00:10,084 INFO (LoggingFilter.java:20)- === GATEWAY REQUEST ===
2025-11-15 18:00:10,084 INFO (LoggingFilter.java:20)- === GATEWAY REQUEST ===
2025-11-15 18:00:10,085 INFO (LoggingFilter.java:21)- Path: /api/front/news/latest_list
2025-11-15 18:00:10,085 INFO (LoggingFilter.java:22)- Method: GET
2025-11-15 18:00:10,085 INFO (LoggingFilter.java:21)- Path: /api/front/book/update_rank
2025-11-15 18:00:10,085 INFO (LoggingFilter.java:23)- Headers: [Host:"127.0.0.1:8888", Accept:"application/json, text/plain, */*", Origin:"http://localhost:1024", Sec-Fetch-Site:"cross-site", X-Requested-With:"XMLHttpRequest", Sec-Fetch-Mode:"cors", User-Agent:"Mozilla/5.0 (Macintosh; Intel Mac OS X 10_15_7) AppleWebKit/605.1.15 (KHTML, like Gecko) Version/26.0 Safari/605.1.15", Authorization:"null", Sec-Fetch-Dest:"empty", Referer:"http://localhost:1024/", Accept-Language:"zh-CN,zh-Hans;q=0.9", Priority:"u=3, i", Accept-Encoding:"gzip, deflate", Connection:"keep-alive"]
2025-11-15 18:00:10,085 INFO (LoggingFilter.java:22)- Method: GET
2025-11-15 18:00:10,085 INFO (LoggingFilter.java:20)- === GATEWAY REQUEST ===
2025-11-15 18:00:10,085 INFO (LoggingFilter.java:21)- Path: /api/front/book/visit_rank
2025-11-15 18:00:10,085 INFO (LoggingFilter.java:22)- Method: GET
2025-11-15 18:00:10,085 INFO (LoggingFilter.java:23)- Headers: [Host:"127.0.0.1:8888", Accept:"application/json, text/plain, */*", Origin:"http://localhost:1024", Sec-Fetch-Site:"cross-site", X-Requested-With:"XMLHttpRequest", Sec-Fetch-Mode:"cors", User-Agent:"Mozilla/5.0 (Macintosh; Intel Mac OS X 10_15_7) AppleWebKit/605.1.15 (KHTML, like Gecko) Version/26.0 Safari/605.1.15", Authorization:"null", Sec-Fetch-Dest:"empty", Referer:"http://localhost:1024/", Accept-Language:"zh-CN,zh-Hans;q=0.9", Priority:"u=3, i", Accept-Encoding:"gzip, deflate", Connection:"keep-alive"]
2025-11-15 18:00:10,085 INFO (LoggingFilter.java:24)- QueryParams: {}
2025-11-15 18:00:10,085 INFO (LoggingFilter.java:24)- QueryParams: {}
2025-11-15 18:00:10,085 INFO (LoggingFilter.java:20)- === GATEWAY REQUEST ===
2025-11-15 18:00:10,085 INFO (LoggingFilter.java:21)- Path: /api/front/book/newest_rank
2025-11-15 18:00:10,086 INFO (LoggingFilter.java:22)- Method: GET
2025-11-15 18:00:10,086 INFO (LoggingFilter.java:23)- Headers: [Host:"127.0.0.1:8888", Accept:"application/json, text/plain, */*", Origin:"http://localhost:1024", Sec-Fetch-Site:"cross-site", X-Requested-With:"XMLHttpRequest", Sec-Fetch-Mode:"cors", User-Agent:"Mozilla/5.0 (Macintosh; Intel Mac OS X 10_15_7) AppleWebKit/605.1.15 (KHTML, like Gecko) Version/26.0 Safari/605.1.15", Authorization:"null", Sec-Fetch-Dest:"empty", Referer:"http://localhost:1024/", Accept-Language:"zh-CN,zh-Hans;q=0.9", Priority:"u=3, i", Accept-Encoding:"gzip, deflate", Connection:"keep-alive"]
2025-11-15 18:00:10,086 INFO (LoggingFilter.java:24)- QueryParams: {}
2025-11-15 18:00:10,085 INFO (LoggingFilter.java:23)- Headers: [Host:"127.0.0.1:8888", Accept:"application/json, text/plain, */*", Origin:"http://localhost:1024", Sec-Fetch-Site:"cross-site", X-Requested-With:"XMLHttpRequest", Sec-Fetch-Mode:"cors", User-Agent:"Mozilla/5.0 (Macintosh; Intel Mac OS X 10_15_7) AppleWebKit/605.1.15 (KHTML, like Gecko) Version/26.0 Safari/605.1.15", Authorization:"null", Sec-Fetch-Dest:"empty", Referer:"http://localhost:1024/", Accept-Language:"zh-CN,zh-Hans;q=0.9", Priority:"u=3, i", Accept-Encoding:"gzip, deflate", Connection:"keep-alive"]
2025-11-15 18:00:10,086 INFO (LoggingFilter.java:24)- QueryParams: {}
2025-11-15 18:00:10,086 INFO (LoggingFilter.java:20)- === GATEWAY REQUEST ===
2025-11-15 18:00:10,086 INFO (LoggingFilter.java:21)- Path: /api/front/home/friend_Link/list
2025-11-15 18:00:10,087 INFO (LoggingFilter.java:22)- Method: GET
2025-11-15 18:00:10,087 INFO (LoggingFilter.java:23)- Headers: [Host:"127.0.0.1:8888", Accept:"application/json, text/plain, */*", Origin:"http://localhost:1024", Sec-Fetch-Site:"cross-site", X-Requested-With:"XMLHttpRequest", Sec-Fetch-Mode:"cors", User-Agent:"Mozilla/5.0 (Macintosh; Intel Mac OS X 10_15_7) AppleWebKit/605.1.15 (KHTML, like Gecko) Version/26.0 Safari/605.1.15", Authorization:"null", Sec-Fetch-Dest:"empty", Referer:"http://localhost:1024/", Accept-Language:"zh-CN,zh-Hans;q=0.9", Priority:"u=3, i", Accept-Encoding:"gzip, deflate", Connection:"keep-alive"]
2025-11-15 18:00:10,087 INFO (LoggingFilter.java:24)- QueryParams: {}
2025-11-15 18:00:10,087 WARN (RoundRobinLoadBalancer.java:98)- No servers available for service: novel-news-service
2025-11-15 18:00:10,087 WARN (RoundRobinLoadBalancer.java:98)- No servers available for service: novel-book-service
2025-11-15 18:00:10,087 INFO (LoggingFilter.java:20)- === GATEWAY REQUEST ===
2025-11-15 18:00:10,087 INFO (LoggingFilter.java:21)- Path: /api/front/home/books
2025-11-15 18:00:10,087 INFO (LoggingFilter.java:22)- Method: GET
2025-11-15 18:00:10,087 INFO (LoggingFilter.java:23)- Headers: [Host:"127.0.0.1:8888", Accept:"application/json, text/plain, */*", Origin:"http://localhost:1024", Sec-Fetch-Site:"cross-site", X-Requested-With:"XMLHttpRequest", Sec-Fetch-Mode:"cors", User-Agent:"Mozilla/5.0 (Macintosh; Intel Mac OS X 10_15_7) AppleWebKit/605.1.15 (KHTML, like Gecko) Version/26.0 Safari/605.1.15", Authorization:"null", Sec-Fetch-Dest:"empty", Referer:"http://localhost:1024/", Accept-Language:"zh-CN,zh-Hans;q=0.9", Priority:"u=3, i", Accept-Encoding:"gzip, deflate", Connection:"keep-alive"]
2025-11-15 18:00:10,087 INFO (LoggingFilter.java:24)- QueryParams: {}
2025-11-15 18:00:10,087 WARN (RoundRobinLoadBalancer.java:98)- No servers available for service: novel-book-service
2025-11-15 18:00:10,087 WARN (RoundRobinLoadBalancer.java:98)- No servers available for service: novel-home-service
2025-11-15 18:00:10,087 WARN (RoundRobinLoadBalancer.java:98)- No servers available for service: novel-book-service
2025-11-15 18:00:10,088 WARN (RoundRobinLoadBalancer.java:98)- No servers available for service: novel-home-service
2025-11-15 18:00:26,717 INFO (LoggingFilter.java:20)- === GATEWAY REQUEST ===
2025-11-15 18:00:26,718 INFO (LoggingFilter.java:21)- Path: /api/front/resource/img_verify_code
2025-11-15 18:00:26,718 INFO (LoggingFilter.java:22)- Method: GET
2025-11-15 18:00:26,718 INFO (LoggingFilter.java:23)- Headers: [Host:"127.0.0.1:8888", Accept:"application/json, text/plain, */*", Origin:"http://localhost:1024", Sec-Fetch-Site:"cross-site", X-Requested-With:"XMLHttpRequest", Sec-Fetch-Mode:"cors", User-Agent:"Mozilla/5.0 (Macintosh; Intel Mac OS X 10_15_7) AppleWebKit/605.1.15 (KHTML, like Gecko) Version/26.0 Safari/605.1.15", Authorization:"null", Sec-Fetch-Dest:"empty", Referer:"http://localhost:1024/", Accept-Language:"zh-CN,zh-Hans;q=0.9", Priority:"u=3, i", Accept-Encoding:"gzip, deflate", Connection:"keep-alive"]
2025-11-15 18:00:26,718 INFO (LoggingFilter.java:24)- QueryParams: {}
2025-11-15 18:00:26,740 INFO (NamingClientProxyDelegate.java:167)- [SUBSCRIBE-SERVICE] service:novel-resource-service, group:DEFAULT_GROUP, clusters: 
2025-11-15 18:00:26,771 INFO (ServiceInfoHolder.java:184)- init new ips(1) service: DEFAULT_GROUP@@novel-resource-service -> [{"ip":"10.44.77.249","port":9040,"weight":1.0,"healthy":true,"enabled":true,"ephemeral":true,"clusterName":"DEFAULT","serviceName":"DEFAULT_GROUP@@novel-resource-service","metadata":{"preserved.register.source":"SPRING_CLOUD"},"instanceHeartBeatInterval":5000,"instanceHeartBeatTimeOut":15000,"ipDeleteTimeout":30000}]
2025-11-15 18:00:26,772 INFO (ServiceInfoHolder.java:169)- current ips:(1) service: DEFAULT_GROUP@@novel-resource-service -> [{"ip":"10.44.77.249","port":9040,"weight":1.0,"healthy":true,"enabled":true,"ephemeral":true,"clusterName":"DEFAULT","serviceName":"DEFAULT_GROUP@@novel-resource-service","metadata":{"preserved.register.source":"SPRING_CLOUD"},"instanceHeartBeatInterval":5000,"instanceHeartBeatTimeOut":15000,"ipDeleteTimeout":30000}]
2025-11-15 18:00:27,274 INFO (LoggingFilter.java:29)- === GATEWAY RESPONSE ===
2025-11-15 18:00:27,274 INFO (LoggingFilter.java:30)- Status: 200 OK
2025-11-15 18:00:27,274 INFO (LoggingFilter.java:31)- From Gateway: true
2025-11-15 18:00:27,345 INFO (LoggerUtils.java:60)- [3b3c6e11-b7ff-4280-83bd-340f5f1b791c] Receive server push request, request = NotifySubscriberRequest, requestId = 84
2025-11-15 18:00:27,345 INFO (LoggerUtils.java:60)- [3b3c6e11-b7ff-4280-83bd-340f5f1b791c] Ack server push request, request = NotifySubscriberRequest, requestId = 84
2025-11-15 18:00:44,970 INFO (LoggingFilter.java:20)- === GATEWAY REQUEST ===
2025-11-15 18:00:44,971 INFO (LoggingFilter.java:21)- Path: /api/front/user/register
2025-11-15 18:00:44,971 INFO (LoggingFilter.java:22)- Method: POST
2025-11-15 18:00:44,971 INFO (LoggingFilter.java:23)- Headers: [Host:"127.0.0.1:8888", Accept:"application/json, text/plain, */*", Content-Type:"application/json", Sec-Fetch-Site:"cross-site", Origin:"http://localhost:1024", X-Requested-With:"XMLHttpRequest", Content-Length:"2667", Sec-Fetch-Mode:"cors", User-Agent:"Mozilla/5.0 (Macintosh; Intel Mac OS X 10_15_7) AppleWebKit/605.1.15 (KHTML, like Gecko) Version/26.0 Safari/605.1.15", Authorization:"null", Referer:"http://localhost:1024/", Sec-Fetch-Dest:"empty", Accept-Language:"zh-CN,zh-Hans;q=0.9", Priority:"u=3, i", Accept-Encoding:"gzip, deflate", Connection:"keep-alive"]
2025-11-15 18:00:44,971 INFO (LoggingFilter.java:24)- QueryParams: {}
2025-11-15 18:00:45,114 INFO (LoggingFilter.java:29)- === GATEWAY RESPONSE ===
2025-11-15 18:00:45,115 INFO (LoggingFilter.java:30)- Status: 500 INTERNAL_SERVER_ERROR
2025-11-15 18:00:45,115 INFO (LoggingFilter.java:31)- From Gateway: true
2025-11-15 18:28:32,273 WARN (NotifyCenter.java:136)- [NotifyCenter] Start destroying Publisher
2025-11-15 18:28:32,274 WARN (NotifyCenter.java:153)- [NotifyCenter] Destruction of the end
2025-11-15 18:28:32,275 WARN (HttpClientBeanHolder.java:102)- [HttpClientBeanHolder] Start destroying common HttpClient
2025-11-15 18:28:32,276 WARN (HttpClientBeanHolder.java:111)- [HttpClientBeanHolder] Destruction of the end
2025-11-15 18:28:32,282 INFO (NacosServiceRegistry.java:95)- De-registering from Nacos Server now...
2025-11-15 18:28:32,282 INFO (NamingGrpcClientProxy.java:216)- [DEREGISTER-SERVICE] public deregistering service novel-gateway with instance: Instance{instanceId='null', ip='10.44.77.249', port=8888, weight=1.0, healthy=true, enabled=true, ephemeral=true, clusterName='DEFAULT', serviceName='null', metadata={}}
2025-11-15 18:28:32,312 INFO (NacosServiceRegistry.java:115)- De-registration finished.
2025-11-15 18:28:32,313 INFO (ServiceInfoHolder.java:256)- com.alibaba.nacos.client.naming.cache.ServiceInfoHolder do shutdown begin
2025-11-15 18:28:32,313 INFO (FailoverReactor.java:133)- com.alibaba.nacos.client.naming.backups.FailoverReactor do shutdown begin
2025-11-15 18:28:32,313 INFO (FailoverReactor.java:135)- com.alibaba.nacos.client.naming.backups.FailoverReactor do shutdown stop
2025-11-15 18:28:32,313 INFO (ServiceInfoHolder.java:258)- com.alibaba.nacos.client.naming.cache.ServiceInfoHolder do shutdown stop
2025-11-15 18:28:32,313 INFO (NamingClientProxyDelegate.java:204)- com.alibaba.nacos.client.naming.remote.NamingClientProxyDelegate do shutdown begin
2025-11-15 18:28:32,313 INFO (ServiceInfoUpdateService.java:143)- com.alibaba.nacos.client.naming.core.ServiceInfoUpdateService do shutdown begin
2025-11-15 18:28:32,313 INFO (ServiceInfoUpdateService.java:145)- com.alibaba.nacos.client.naming.core.ServiceInfoUpdateService do shutdown stop
2025-11-15 18:28:32,313 INFO (ServerListManager.java:194)- com.alibaba.nacos.client.naming.core.ServerListManager do shutdown begin
2025-11-15 18:28:32,313 WARN (NamingHttpClientManager.java:74)- [NamingHttpClientManager] Start destroying NacosRestTemplate
2025-11-15 18:28:32,313 WARN (NamingHttpClientManager.java:81)- [NamingHttpClientManager] Destruction of the end
2025-11-15 18:28:32,313 INFO (ServerListManager.java:199)- com.alibaba.nacos.client.naming.core.ServerListManager do shutdown stop
2025-11-15 18:28:32,313 INFO (NamingHttpClientProxy.java:484)- com.alibaba.nacos.client.naming.remote.http.NamingHttpClientProxy do shutdown begin
2025-11-15 18:28:32,313 WARN (NamingHttpClientManager.java:74)- [NamingHttpClientManager] Start destroying NacosRestTemplate
2025-11-15 18:28:32,313 WARN (NamingHttpClientManager.java:81)- [NamingHttpClientManager] Destruction of the end
2025-11-15 18:28:32,313 INFO (NamingHttpClientProxy.java:486)- com.alibaba.nacos.client.naming.remote.http.NamingHttpClientProxy do shutdown stop
2025-11-15 18:28:32,313 INFO (RpcClient.java:425)- Shutdown rpc client, set status to shutdown
2025-11-15 18:28:32,313 INFO (RpcClient.java:427)- Shutdown client event executor java.util.concurrent.ScheduledThreadPoolExecutor@5a6d6aa8[Running, pool size = 2, active threads = 2, queued tasks = 0, completed tasks = 0]
2025-11-15 18:28:32,313 INFO (RpcClient.java:580)- Close current connection 1763197216378_222.171.7.84_28112
2025-11-15 18:28:32,314 INFO (GrpcClient.java:140)- Shutdown grpc executor java.util.concurrent.ThreadPoolExecutor@30989453[Running, pool size = 4, active threads = 0, queued tasks = 0, completed tasks = 1406]
2025-11-15 18:28:32,314 INFO (NamingGrpcRedoService.java:292)- Shutdown grpc redo service executor java.util.concurrent.ScheduledThreadPoolExecutor@b587af8[Running, pool size = 1, active threads = 0, queued tasks = 1, completed tasks = 1763]
2025-11-15 18:28:32,314 INFO (CredentialWatcher.java:106)- [null] CredentialWatcher is stopped
2025-11-15 18:28:32,314 INFO (CredentialService.java:100)- [null] CredentialService is freed
2025-11-15 18:28:32,314 INFO (NamingClientProxyDelegate.java:211)- com.alibaba.nacos.client.naming.remote.NamingClientProxyDelegate do shutdown stop
2025-11-15 18:28:33,911 INFO (CredentialWatcher.java:165)- null No credential found
