2025-11-11 23:14:12,454 WARN (NacosLogging.java:64)- Load Logback Configuration of Nacos fail, message: org/slf4j/impl/StaticLoggerBinder
2025-11-11 23:14:12,455 WARN (NacosLogging.java:64)- Load Logback Configuration of Nacos fail, message: org/slf4j/impl/StaticLoggerBinder
2025-11-11 23:14:12,459 INFO (LocalConfigInfoProcessor.java:68)- LOCAL_SNAPSHOT_PATH:/Users/cheunry/nacos/config
2025-11-11 23:14:12,460 INFO (RpcClientFactory.java:94)- [RpcClientFactory] create a new rpc client of fe8e9627-0c01-498b-9404-f00d6230b61e_config-0
2025-11-11 23:14:12,462 INFO (LoggerUtils.java:60)- [fe8e9627-0c01-498b-9404-f00d6230b61e_config-0] Register server push request handler:com.alibaba.nacos.client.config.impl.ClientWorker$ConfigRpcTransportClient$$Lambda$566/0x000000030136ab30
2025-11-11 23:14:12,463 INFO (LoggerUtils.java:60)- [fe8e9627-0c01-498b-9404-f00d6230b61e_config-0] Register server push request handler:com.alibaba.nacos.client.config.impl.ClientWorker$ConfigRpcTransportClient$$Lambda$567/0x000000030136af60
2025-11-11 23:14:12,463 INFO (LoggerUtils.java:60)- [fe8e9627-0c01-498b-9404-f00d6230b61e_config-0] Registry connection listener to current client:com.alibaba.nacos.client.config.impl.ClientWorker$ConfigRpcTransportClient$1
2025-11-11 23:14:12,463 INFO (LoggerUtils.java:60)- [fe8e9627-0c01-498b-9404-f00d6230b61e_config-0] RpcClient init, ServerListFactory = com.alibaba.nacos.client.config.impl.ClientWorker$ConfigRpcTransportClient$2
2025-11-11 23:14:12,464 INFO (LoggerUtils.java:60)- [fe8e9627-0c01-498b-9404-f00d6230b61e_config-0] Try to connect to server on start up, server: {serverIp = '120.53.89.103', server main port = 8848}
2025-11-11 23:14:12,778 INFO (LoggerUtils.java:60)- [fe8e9627-0c01-498b-9404-f00d6230b61e_config-0] Success to connect to server [120.53.89.103:8848] on start up, connectionId = 1762874052806_221.212.116.7_52942
2025-11-11 23:14:12,778 INFO (LoggerUtils.java:60)- [fe8e9627-0c01-498b-9404-f00d6230b61e_config-0] Notify connected event to listeners.
2025-11-11 23:14:12,778 INFO (LoggerUtils.java:60)- [fe8e9627-0c01-498b-9404-f00d6230b61e_config-0] Register server push request handler:com.alibaba.nacos.common.remote.client.RpcClient$ConnectResetRequestHandler
2025-11-11 23:14:12,778 INFO (ClientWorker.java:638)- [fe8e9627-0c01-498b-9404-f00d6230b61e_config-0] Connected,notify listen context...
2025-11-11 23:14:12,779 INFO (LoggerUtils.java:60)- [fe8e9627-0c01-498b-9404-f00d6230b61e_config-0] Register server push request handler:com.alibaba.nacos.common.remote.client.RpcClient$$Lambda$583/0x000000030149b858
2025-11-11 23:14:12,797 INFO (Limiter.java:62)- limitTime:5.0
2025-11-11 23:14:12,834 WARN (NacosPropertySourceBuilder.java:87)- Ignore the empty nacos configuration and get it based on dataId[novel-gateway] & group[DEFAULT_GROUP]
2025-11-11 23:14:12,866 WARN (NacosPropertySourceBuilder.java:87)- Ignore the empty nacos configuration and get it based on dataId[novel-gateway.yml] & group[DEFAULT_GROUP]
2025-11-11 23:14:12,898 WARN (NacosPropertySourceBuilder.java:87)- Ignore the empty nacos configuration and get it based on dataId[novel-gateway-dev.yml] & group[DEFAULT_GROUP]
2025-11-11 23:14:12,899 INFO (PropertySourceBootstrapConfiguration.java:108)- Located property source: [BootstrapPropertySource {name='bootstrapProperties-novel-gateway-dev.yml,DEFAULT_GROUP'}, BootstrapPropertySource {name='bootstrapProperties-novel-gateway.yml,DEFAULT_GROUP'}, BootstrapPropertySource {name='bootstrapProperties-novel-gateway,DEFAULT_GROUP'}]
2025-11-11 23:14:12,903 INFO (SpringApplication.java:638)- The following 1 profile is active: "dev"
2025-11-11 23:14:13,136 INFO (GenericScope.java:282)- BeanFactory id=5b394870-3ce2-3918-ba6d-7002482b8655
2025-11-11 23:14:13,147 INFO (PostProcessorRegistrationDelegate.java:409)- Bean 'org.springframework.cloud.client.loadbalancer.reactive.LoadBalancerBeanPostProcessorAutoConfiguration' of type [org.springframework.cloud.client.loadbalancer.reactive.LoadBalancerBeanPostProcessorAutoConfiguration] is not eligible for getting processed by all BeanPostProcessors (for example: not eligible for auto-proxying)
2025-11-11 23:14:13,148 INFO (PostProcessorRegistrationDelegate.java:409)- Bean 'org.springframework.cloud.client.loadbalancer.reactive.LoadBalancerBeanPostProcessorAutoConfiguration$ReactorDeferringLoadBalancerFilterConfig' of type [org.springframework.cloud.client.loadbalancer.reactive.LoadBalancerBeanPostProcessorAutoConfiguration$ReactorDeferringLoadBalancerFilterConfig] is not eligible for getting processed by all BeanPostProcessors (for example: not eligible for auto-proxying)
2025-11-11 23:14:13,148 INFO (PostProcessorRegistrationDelegate.java:409)- Bean 'reactorDeferringLoadBalancerExchangeFilterFunction' of type [org.springframework.cloud.client.loadbalancer.reactive.DeferringLoadBalancerExchangeFilterFunction] is not eligible for getting processed by all BeanPostProcessors (for example: not eligible for auto-proxying)
2025-11-11 23:14:13,320 INFO (RouteDefinitionRouteLocator.java:89)- Loaded RoutePredicateFactory [After]
2025-11-11 23:14:13,320 INFO (RouteDefinitionRouteLocator.java:89)- Loaded RoutePredicateFactory [Before]
2025-11-11 23:14:13,320 INFO (RouteDefinitionRouteLocator.java:89)- Loaded RoutePredicateFactory [Between]
2025-11-11 23:14:13,320 INFO (RouteDefinitionRouteLocator.java:89)- Loaded RoutePredicateFactory [Cookie]
2025-11-11 23:14:13,320 INFO (RouteDefinitionRouteLocator.java:89)- Loaded RoutePredicateFactory [Header]
2025-11-11 23:14:13,320 INFO (RouteDefinitionRouteLocator.java:89)- Loaded RoutePredicateFactory [Host]
2025-11-11 23:14:13,320 INFO (RouteDefinitionRouteLocator.java:89)- Loaded RoutePredicateFactory [Method]
2025-11-11 23:14:13,320 INFO (RouteDefinitionRouteLocator.java:89)- Loaded RoutePredicateFactory [Path]
2025-11-11 23:14:13,320 INFO (RouteDefinitionRouteLocator.java:89)- Loaded RoutePredicateFactory [Query]
2025-11-11 23:14:13,320 INFO (RouteDefinitionRouteLocator.java:89)- Loaded RoutePredicateFactory [ReadBody]
2025-11-11 23:14:13,320 INFO (RouteDefinitionRouteLocator.java:89)- Loaded RoutePredicateFactory [RemoteAddr]
2025-11-11 23:14:13,321 INFO (RouteDefinitionRouteLocator.java:89)- Loaded RoutePredicateFactory [XForwardedRemoteAddr]
2025-11-11 23:14:13,321 INFO (RouteDefinitionRouteLocator.java:89)- Loaded RoutePredicateFactory [Weight]
2025-11-11 23:14:13,321 INFO (RouteDefinitionRouteLocator.java:89)- Loaded RoutePredicateFactory [CloudFoundryRouteService]
2025-11-11 23:14:13,390 INFO (EndpointLinksResolver.java:58)- Exposing 19 endpoint(s) beneath base path '/actuator'
2025-11-11 23:14:13,444 WARN (LoadBalancerCacheAutoConfiguration.java:94)- Spring Cloud LoadBalancer is currently working with the default cache. While this cache implementation is useful for development and tests, it's recommended to use Caffeine cache in production.You can switch to using Caffeine cache, by adding it and org.springframework.cache.caffeine.CaffeineCacheManager to the classpath.
2025-11-11 23:14:13,484 INFO (NettyWebServer.java:111)- Netty started on port 8888
2025-11-11 23:14:13,489 INFO (SearchableProperties.java:197)- properties search order:PROPERTIES->JVM->ENV->DEFAULT_SETTING
2025-11-11 23:14:13,489 INFO (InitUtils.java:61)- initializer namespace from System Property : null
2025-11-11 23:14:13,489 INFO (InitUtils.java:65)- initializer namespace from System Environment :null
2025-11-11 23:14:13,489 INFO (InitUtils.java:72)- initializer namespace from System Property :
2025-11-11 23:14:13,491 INFO (ClientAuthPluginManager.java:56)- [ClientAuthPluginManager] Load ClientAuthService com.alibaba.nacos.client.auth.impl.NacosClientAuthServiceImpl success.
2025-11-11 23:14:13,491 INFO (ClientAuthPluginManager.java:56)- [ClientAuthPluginManager] Load ClientAuthService com.alibaba.nacos.client.auth.ram.RamClientAuthServiceImpl success.
2025-11-11 23:14:13,491 INFO (RpcClientFactory.java:94)- [RpcClientFactory] create a new rpc client of 35d40496-de4c-443e-8e35-90a90dd384a2
2025-11-11 23:14:13,492 INFO (LoggerUtils.java:60)- [35d40496-de4c-443e-8e35-90a90dd384a2] RpcClient init, ServerListFactory = com.alibaba.nacos.client.naming.core.ServerListManager
2025-11-11 23:14:13,492 INFO (LoggerUtils.java:60)- [35d40496-de4c-443e-8e35-90a90dd384a2] Registry connection listener to current client:com.alibaba.nacos.client.naming.remote.gprc.redo.NamingGrpcRedoService
2025-11-11 23:14:13,492 INFO (LoggerUtils.java:60)- [35d40496-de4c-443e-8e35-90a90dd384a2] Register server push request handler:com.alibaba.nacos.client.naming.remote.gprc.NamingPushRequestHandler
2025-11-11 23:14:13,492 INFO (LoggerUtils.java:60)- [35d40496-de4c-443e-8e35-90a90dd384a2] Try to connect to server on start up, server: {serverIp = '120.53.89.103', server main port = 8848}
2025-11-11 23:14:13,689 INFO (LoggerUtils.java:60)- [35d40496-de4c-443e-8e35-90a90dd384a2] Success to connect to server [120.53.89.103:8848] on start up, connectionId = 1762874053736_221.212.116.7_54652
2025-11-11 23:14:13,689 INFO (LoggerUtils.java:60)- [35d40496-de4c-443e-8e35-90a90dd384a2] Register server push request handler:com.alibaba.nacos.common.remote.client.RpcClient$ConnectResetRequestHandler
2025-11-11 23:14:13,689 INFO (LoggerUtils.java:60)- [35d40496-de4c-443e-8e35-90a90dd384a2] Notify connected event to listeners.
2025-11-11 23:14:13,689 INFO (LoggerUtils.java:60)- [35d40496-de4c-443e-8e35-90a90dd384a2] Register server push request handler:com.alibaba.nacos.common.remote.client.RpcClient$$Lambda$583/0x000000030149b858
2025-11-11 23:14:13,689 INFO (NamingGrpcRedoService.java:78)- Grpc connection connect
2025-11-11 23:14:13,690 INFO (NamingGrpcClientProxy.java:120)- [REGISTER-SERVICE] public registering service novel-gateway with instance Instance{instanceId='null', ip='10.110.83.9', port=8888, weight=1.0, healthy=true, enabled=true, ephemeral=true, clusterName='DEFAULT', serviceName='null', metadata={preserved.register.source=SPRING_CLOUD}}
2025-11-11 23:14:13,723 INFO (NacosServiceRegistry.java:76)- nacos registry, DEFAULT_GROUP novel-gateway 10.110.83.9:8888 register finished
2025-11-11 23:14:13,755 INFO (StartupInfoLogger.java:57)- Started NovelGatewayApplication in 1.586 seconds (process running for 1.732)
2025-11-11 23:14:13,757 INFO (CacheData.java:67)- nacos.cache.data.init.snapshot = true 
2025-11-11 23:14:13,757 INFO (ClientWorker.java:379)- [fixed-120.53.89.103_8848] [subscribe] novel-gateway-dev.yml+DEFAULT_GROUP
2025-11-11 23:14:13,759 INFO (CacheData.java:197)- [fixed-120.53.89.103_8848] [add-listener] ok, tenant=, dataId=novel-gateway-dev.yml, group=DEFAULT_GROUP, cnt=1
2025-11-11 23:14:13,759 INFO (NacosContextRefresher.java:129)- [Nacos Config] Listening config: dataId=novel-gateway-dev.yml, group=DEFAULT_GROUP
2025-11-11 23:14:13,759 INFO (ClientWorker.java:379)- [fixed-120.53.89.103_8848] [subscribe] novel-gateway+DEFAULT_GROUP
2025-11-11 23:14:13,759 INFO (CacheData.java:197)- [fixed-120.53.89.103_8848] [add-listener] ok, tenant=, dataId=novel-gateway, group=DEFAULT_GROUP, cnt=1
2025-11-11 23:14:13,759 INFO (NacosContextRefresher.java:129)- [Nacos Config] Listening config: dataId=novel-gateway, group=DEFAULT_GROUP
2025-11-11 23:14:13,759 INFO (ClientWorker.java:379)- [fixed-120.53.89.103_8848] [subscribe] novel-gateway.yml+DEFAULT_GROUP
2025-11-11 23:14:13,759 INFO (CacheData.java:197)- [fixed-120.53.89.103_8848] [add-listener] ok, tenant=, dataId=novel-gateway.yml, group=DEFAULT_GROUP, cnt=1
2025-11-11 23:14:13,759 INFO (NacosContextRefresher.java:129)- [Nacos Config] Listening config: dataId=novel-gateway.yml, group=DEFAULT_GROUP
2025-11-11 23:15:08,520 INFO (NamingClientProxyDelegate.java:167)- [SUBSCRIBE-SERVICE] service:novel-book-service, group:DEFAULT_GROUP, clusters: 
2025-11-11 23:15:08,522 INFO (NamingClientProxyDelegate.java:167)- [SUBSCRIBE-SERVICE] service:novel-news-service, group:DEFAULT_GROUP, clusters: 
2025-11-11 23:15:08,528 INFO (NamingClientProxyDelegate.java:167)- [SUBSCRIBE-SERVICE] service:novel-home-service, group:DEFAULT_GROUP, clusters: 
2025-11-11 23:15:08,528 INFO (NamingClientProxyDelegate.java:167)- [SUBSCRIBE-SERVICE] service:novel-book-service, group:DEFAULT_GROUP, clusters: 
2025-11-11 23:15:08,528 INFO (NamingClientProxyDelegate.java:167)- [SUBSCRIBE-SERVICE] service:novel-home-service, group:DEFAULT_GROUP, clusters: 
2025-11-11 23:15:08,528 INFO (NamingClientProxyDelegate.java:167)- [SUBSCRIBE-SERVICE] service:novel-book-service, group:DEFAULT_GROUP, clusters: 
2025-11-11 23:15:08,560 INFO (ServiceInfoHolder.java:184)- init new ips(0) service: DEFAULT_GROUP@@novel-book-service -> []
2025-11-11 23:15:08,560 INFO (ServiceInfoHolder.java:169)- current ips:(0) service: DEFAULT_GROUP@@novel-book-service -> []
2025-11-11 23:15:08,560 INFO (ServiceInfoHolder.java:184)- init new ips(0) service: DEFAULT_GROUP@@novel-news-service -> []
2025-11-11 23:15:08,560 INFO (ServiceInfoHolder.java:169)- current ips:(0) service: DEFAULT_GROUP@@novel-news-service -> []
2025-11-11 23:15:08,561 INFO (ServiceInfoHolder.java:184)- init new ips(0) service: DEFAULT_GROUP@@novel-home-service -> []
2025-11-11 23:15:08,561 INFO (ServiceInfoHolder.java:169)- current ips:(0) service: DEFAULT_GROUP@@novel-home-service -> []
2025-11-11 23:15:08,561 WARN (ServiceInfoHolder.java:189)- out of date data received, old-t: 1762874108855, new-t: 1762874108851
2025-11-11 23:15:08,561 WARN (RoundRobinLoadBalancer.java:98)- No servers available for service: novel-home-service
2025-11-11 23:15:08,561 WARN (RoundRobinLoadBalancer.java:98)- No servers available for service: novel-book-service
2025-11-11 23:15:08,561 WARN (RoundRobinLoadBalancer.java:98)- No servers available for service: novel-book-service
2025-11-11 23:15:08,562 WARN (RoundRobinLoadBalancer.java:98)- No servers available for service: novel-news-service
2025-11-11 23:15:08,562 WARN (RoundRobinLoadBalancer.java:98)- No servers available for service: novel-home-service
2025-11-11 23:15:08,562 WARN (RoundRobinLoadBalancer.java:98)- No servers available for service: novel-book-service
2025-11-11 23:15:09,088 INFO (LoggerUtils.java:60)- [35d40496-de4c-443e-8e35-90a90dd384a2] Receive server push request, request = NotifySubscriberRequest, requestId = 3
2025-11-11 23:15:09,088 INFO (LoggerUtils.java:60)- [35d40496-de4c-443e-8e35-90a90dd384a2] Ack server push request, request = NotifySubscriberRequest, requestId = 3
2025-11-11 23:15:09,091 INFO (LoggerUtils.java:60)- [35d40496-de4c-443e-8e35-90a90dd384a2] Receive server push request, request = NotifySubscriberRequest, requestId = 1
2025-11-11 23:15:09,092 INFO (LoggerUtils.java:60)- [35d40496-de4c-443e-8e35-90a90dd384a2] Ack server push request, request = NotifySubscriberRequest, requestId = 1
2025-11-11 23:15:09,095 INFO (LoggerUtils.java:60)- [35d40496-de4c-443e-8e35-90a90dd384a2] Receive server push request, request = NotifySubscriberRequest, requestId = 2
2025-11-11 23:15:09,095 INFO (LoggerUtils.java:60)- [35d40496-de4c-443e-8e35-90a90dd384a2] Ack server push request, request = NotifySubscriberRequest, requestId = 2
2025-11-11 23:15:15,080 INFO (LoggerUtils.java:60)- [35d40496-de4c-443e-8e35-90a90dd384a2] Receive server push request, request = NotifySubscriberRequest, requestId = 4
2025-11-11 23:15:15,080 INFO (LoggerUtils.java:60)- [35d40496-de4c-443e-8e35-90a90dd384a2] Ack server push request, request = NotifySubscriberRequest, requestId = 4
2025-11-11 23:15:22,196 WARN (RoundRobinLoadBalancer.java:98)- No servers available for service: novel-book-service
2025-11-11 23:15:22,197 WARN (RoundRobinLoadBalancer.java:98)- No servers available for service: novel-home-service
2025-11-11 23:15:22,199 WARN (RoundRobinLoadBalancer.java:98)- No servers available for service: novel-book-service
2025-11-11 23:15:22,200 WARN (RoundRobinLoadBalancer.java:98)- No servers available for service: novel-news-service
2025-11-11 23:15:22,201 WARN (RoundRobinLoadBalancer.java:98)- No servers available for service: novel-home-service
2025-11-11 23:15:22,201 WARN (RoundRobinLoadBalancer.java:98)- No servers available for service: novel-book-service
2025-11-11 23:15:33,791 INFO (NamingClientProxyDelegate.java:167)- [SUBSCRIBE-SERVICE] service:novel-user-service, group:DEFAULT_GROUP, clusters: 
2025-11-11 23:15:33,843 INFO (ServiceInfoHolder.java:184)- init new ips(1) service: DEFAULT_GROUP@@novel-user-service -> [{"ip":"10.110.83.9","port":9060,"weight":1.0,"healthy":true,"enabled":true,"ephemeral":true,"clusterName":"DEFAULT","serviceName":"DEFAULT_GROUP@@novel-user-service","metadata":{"preserved.register.source":"SPRING_CLOUD"},"instanceHeartBeatInterval":5000,"instanceHeartBeatTimeOut":15000,"ipDeleteTimeout":30000}]
2025-11-11 23:15:33,843 INFO (ServiceInfoHolder.java:169)- current ips:(1) service: DEFAULT_GROUP@@novel-user-service -> [{"ip":"10.110.83.9","port":9060,"weight":1.0,"healthy":true,"enabled":true,"ephemeral":true,"clusterName":"DEFAULT","serviceName":"DEFAULT_GROUP@@novel-user-service","metadata":{"preserved.register.source":"SPRING_CLOUD"},"instanceHeartBeatInterval":5000,"instanceHeartBeatTimeOut":15000,"ipDeleteTimeout":30000}]
2025-11-11 23:15:33,876 ERROR (DnsServerAddressStreamProviders.java:79)- Unable to load io.netty.resolver.dns.macos.MacOSDnsServerAddressStreamProvider, fallback to system defaults. This may result in incorrect DNS resolutions on MacOS. Check whether you have a dependency on 'io.netty:netty-resolver-dns-native-macos'. Use DEBUG level to see the full stack: java.lang.UnsatisfiedLinkError: failed to load the required native library
2025-11-11 23:15:34,395 INFO (LoggerUtils.java:60)- [35d40496-de4c-443e-8e35-90a90dd384a2] Receive server push request, request = NotifySubscriberRequest, requestId = 5
2025-11-11 23:15:34,396 INFO (LoggerUtils.java:60)- [35d40496-de4c-443e-8e35-90a90dd384a2] Ack server push request, request = NotifySubscriberRequest, requestId = 5
2025-11-11 23:15:42,064 INFO (NamingClientProxyDelegate.java:167)- [SUBSCRIBE-SERVICE] service:novel-resource-service, group:DEFAULT_GROUP, clusters: 
2025-11-11 23:15:42,095 INFO (ServiceInfoHolder.java:184)- init new ips(0) service: DEFAULT_GROUP@@novel-resource-service -> []
2025-11-11 23:15:42,095 INFO (ServiceInfoHolder.java:169)- current ips:(0) service: DEFAULT_GROUP@@novel-resource-service -> []
2025-11-11 23:15:42,096 WARN (RoundRobinLoadBalancer.java:98)- No servers available for service: novel-resource-service
2025-11-11 23:15:42,600 INFO (LoggerUtils.java:60)- [35d40496-de4c-443e-8e35-90a90dd384a2] Receive server push request, request = NotifySubscriberRequest, requestId = 6
2025-11-11 23:15:42,602 INFO (LoggerUtils.java:60)- [35d40496-de4c-443e-8e35-90a90dd384a2] Ack server push request, request = NotifySubscriberRequest, requestId = 6
2025-11-11 23:26:48,076 WARN (RoundRobinLoadBalancer.java:98)- No servers available for service: novel-news-service
2025-11-11 23:26:48,077 WARN (RoundRobinLoadBalancer.java:98)- No servers available for service: novel-book-service
2025-11-11 23:26:48,081 WARN (RoundRobinLoadBalancer.java:98)- No servers available for service: novel-book-service
2025-11-11 23:26:48,084 WARN (RoundRobinLoadBalancer.java:98)- No servers available for service: novel-home-service
2025-11-11 23:26:48,085 WARN (RoundRobinLoadBalancer.java:98)- No servers available for service: novel-book-service
2025-11-11 23:26:48,085 WARN (RoundRobinLoadBalancer.java:98)- No servers available for service: novel-home-service
2025-11-11 23:26:50,942 WARN (RoundRobinLoadBalancer.java:98)- No servers available for service: novel-resource-service
2025-11-11 23:27:02,657 WARN (RoundRobinLoadBalancer.java:98)- No servers available for service: novel-resource-service
2025-11-11 23:37:21,883 WARN (HttpClientBeanHolder.java:102)- [HttpClientBeanHolder] Start destroying common HttpClient
2025-11-11 23:37:21,883 WARN (NotifyCenter.java:136)- [NotifyCenter] Start destroying Publisher
2025-11-11 23:37:21,884 WARN (NotifyCenter.java:153)- [NotifyCenter] Destruction of the end
2025-11-11 23:37:21,884 WARN (HttpClientBeanHolder.java:111)- [HttpClientBeanHolder] Destruction of the end
2025-11-11 23:37:21,887 INFO (NacosServiceRegistry.java:95)- De-registering from Nacos Server now...
2025-11-11 23:37:21,888 INFO (NamingGrpcClientProxy.java:216)- [DEREGISTER-SERVICE] public deregistering service novel-gateway with instance: Instance{instanceId='null', ip='10.110.83.9', port=8888, weight=1.0, healthy=true, enabled=true, ephemeral=true, clusterName='DEFAULT', serviceName='null', metadata={}}
2025-11-11 23:37:21,917 INFO (NacosServiceRegistry.java:115)- De-registration finished.
2025-11-11 23:37:21,918 INFO (ServiceInfoHolder.java:256)- com.alibaba.nacos.client.naming.cache.ServiceInfoHolder do shutdown begin
2025-11-11 23:37:21,918 INFO (FailoverReactor.java:133)- com.alibaba.nacos.client.naming.backups.FailoverReactor do shutdown begin
2025-11-11 23:37:21,918 INFO (FailoverReactor.java:135)- com.alibaba.nacos.client.naming.backups.FailoverReactor do shutdown stop
2025-11-11 23:37:21,918 INFO (ServiceInfoHolder.java:258)- com.alibaba.nacos.client.naming.cache.ServiceInfoHolder do shutdown stop
2025-11-11 23:37:21,918 INFO (NamingClientProxyDelegate.java:204)- com.alibaba.nacos.client.naming.remote.NamingClientProxyDelegate do shutdown begin
2025-11-11 23:37:21,918 INFO (ServiceInfoUpdateService.java:143)- com.alibaba.nacos.client.naming.core.ServiceInfoUpdateService do shutdown begin
2025-11-11 23:37:21,918 INFO (ServiceInfoUpdateService.java:145)- com.alibaba.nacos.client.naming.core.ServiceInfoUpdateService do shutdown stop
2025-11-11 23:37:21,918 INFO (ServerListManager.java:194)- com.alibaba.nacos.client.naming.core.ServerListManager do shutdown begin
2025-11-11 23:37:21,918 WARN (NamingHttpClientManager.java:74)- [NamingHttpClientManager] Start destroying NacosRestTemplate
2025-11-11 23:37:21,918 WARN (NamingHttpClientManager.java:81)- [NamingHttpClientManager] Destruction of the end
2025-11-11 23:37:21,918 INFO (ServerListManager.java:199)- com.alibaba.nacos.client.naming.core.ServerListManager do shutdown stop
2025-11-11 23:37:21,918 INFO (NamingHttpClientProxy.java:484)- com.alibaba.nacos.client.naming.remote.http.NamingHttpClientProxy do shutdown begin
2025-11-11 23:37:21,918 WARN (NamingHttpClientManager.java:74)- [NamingHttpClientManager] Start destroying NacosRestTemplate
2025-11-11 23:37:21,918 WARN (NamingHttpClientManager.java:81)- [NamingHttpClientManager] Destruction of the end
2025-11-11 23:37:21,918 INFO (NamingHttpClientProxy.java:486)- com.alibaba.nacos.client.naming.remote.http.NamingHttpClientProxy do shutdown stop
2025-11-11 23:37:21,918 INFO (RpcClient.java:425)- Shutdown rpc client, set status to shutdown
2025-11-11 23:37:21,918 INFO (RpcClient.java:427)- Shutdown client event executor java.util.concurrent.ScheduledThreadPoolExecutor@198cd9f0[Running, pool size = 2, active threads = 2, queued tasks = 0, completed tasks = 0]
2025-11-11 23:37:21,918 INFO (RpcClient.java:580)- Close current connection 1762874053736_221.212.116.7_54652
2025-11-11 23:37:21,919 INFO (GrpcClient.java:140)- Shutdown grpc executor java.util.concurrent.ThreadPoolExecutor@1e6178b6[Running, pool size = 5, active threads = 0, queued tasks = 0, completed tasks = 507]
2025-11-11 23:37:21,919 INFO (NamingGrpcRedoService.java:292)- Shutdown grpc redo service executor java.util.concurrent.ScheduledThreadPoolExecutor@7094dcc[Running, pool size = 1, active threads = 0, queued tasks = 1, completed tasks = 462]
2025-11-11 23:37:21,919 INFO (CredentialWatcher.java:106)- [null] CredentialWatcher is stopped
2025-11-11 23:37:21,919 INFO (CredentialService.java:100)- [null] CredentialService is freed
2025-11-11 23:37:21,919 INFO (NamingClientProxyDelegate.java:211)- com.alibaba.nacos.client.naming.remote.NamingClientProxyDelegate do shutdown stop
2025-11-11 23:37:23,270 INFO (CredentialWatcher.java:165)- null No credential found
2025-11-11 23:37:25,576 WARN (NacosLogging.java:64)- Load Logback Configuration of Nacos fail, message: org/slf4j/impl/StaticLoggerBinder
2025-11-11 23:37:25,577 WARN (NacosLogging.java:64)- Load Logback Configuration of Nacos fail, message: org/slf4j/impl/StaticLoggerBinder
2025-11-11 23:37:25,581 INFO (LocalConfigInfoProcessor.java:68)- LOCAL_SNAPSHOT_PATH:/Users/cheunry/nacos/config
2025-11-11 23:37:25,581 INFO (RpcClientFactory.java:94)- [RpcClientFactory] create a new rpc client of 3049952b-23b6-4825-a135-ccfd3f9b992d_config-0
2025-11-11 23:37:25,584 INFO (LoggerUtils.java:60)- [3049952b-23b6-4825-a135-ccfd3f9b992d_config-0] Register server push request handler:com.alibaba.nacos.client.config.impl.ClientWorker$ConfigRpcTransportClient$$Lambda$582/0x0000009001394ed8
2025-11-11 23:37:25,584 INFO (LoggerUtils.java:60)- [3049952b-23b6-4825-a135-ccfd3f9b992d_config-0] Register server push request handler:com.alibaba.nacos.client.config.impl.ClientWorker$ConfigRpcTransportClient$$Lambda$583/0x0000009001395308
2025-11-11 23:37:25,584 INFO (LoggerUtils.java:60)- [3049952b-23b6-4825-a135-ccfd3f9b992d_config-0] Registry connection listener to current client:com.alibaba.nacos.client.config.impl.ClientWorker$ConfigRpcTransportClient$1
2025-11-11 23:37:25,584 INFO (LoggerUtils.java:60)- [3049952b-23b6-4825-a135-ccfd3f9b992d_config-0] RpcClient init, ServerListFactory = com.alibaba.nacos.client.config.impl.ClientWorker$ConfigRpcTransportClient$2
2025-11-11 23:37:25,586 INFO (LoggerUtils.java:60)- [3049952b-23b6-4825-a135-ccfd3f9b992d_config-0] Try to connect to server on start up, server: {serverIp = '120.53.89.103', server main port = 8848}
2025-11-11 23:37:25,932 INFO (LoggerUtils.java:60)- [3049952b-23b6-4825-a135-ccfd3f9b992d_config-0] Success to connect to server [120.53.89.103:8848] on start up, connectionId = 1762875446103_221.212.116.7_53738
2025-11-11 23:37:25,933 INFO (LoggerUtils.java:60)- [3049952b-23b6-4825-a135-ccfd3f9b992d_config-0] Register server push request handler:com.alibaba.nacos.common.remote.client.RpcClient$ConnectResetRequestHandler
2025-11-11 23:37:25,933 INFO (LoggerUtils.java:60)- [3049952b-23b6-4825-a135-ccfd3f9b992d_config-0] Notify connected event to listeners.
2025-11-11 23:37:25,934 INFO (ClientWorker.java:638)- [3049952b-23b6-4825-a135-ccfd3f9b992d_config-0] Connected,notify listen context...
2025-11-11 23:37:25,934 INFO (LoggerUtils.java:60)- [3049952b-23b6-4825-a135-ccfd3f9b992d_config-0] Register server push request handler:com.alibaba.nacos.common.remote.client.RpcClient$$Lambda$599/0x00000090014c33a0
2025-11-11 23:37:25,947 INFO (Limiter.java:62)- limitTime:5.0
2025-11-11 23:37:25,982 WARN (NacosPropertySourceBuilder.java:87)- Ignore the empty nacos configuration and get it based on dataId[novel-gateway] & group[DEFAULT_GROUP]
2025-11-11 23:37:26,012 WARN (NacosPropertySourceBuilder.java:87)- Ignore the empty nacos configuration and get it based on dataId[novel-gateway.yml] & group[DEFAULT_GROUP]
2025-11-11 23:37:26,041 WARN (NacosPropertySourceBuilder.java:87)- Ignore the empty nacos configuration and get it based on dataId[novel-gateway-dev.yml] & group[DEFAULT_GROUP]
2025-11-11 23:37:26,042 INFO (PropertySourceBootstrapConfiguration.java:108)- Located property source: [BootstrapPropertySource {name='bootstrapProperties-novel-gateway-dev.yml,DEFAULT_GROUP'}, BootstrapPropertySource {name='bootstrapProperties-novel-gateway.yml,DEFAULT_GROUP'}, BootstrapPropertySource {name='bootstrapProperties-novel-gateway,DEFAULT_GROUP'}]
2025-11-11 23:37:26,045 INFO (SpringApplication.java:638)- The following 1 profile is active: "dev"
2025-11-11 23:37:26,352 INFO (GenericScope.java:282)- BeanFactory id=e5f1d161-439c-33af-a2e7-4c8e755f8ffa
2025-11-11 23:37:26,368 INFO (PostProcessorRegistrationDelegate.java:409)- Bean 'org.springframework.cloud.client.loadbalancer.reactive.LoadBalancerBeanPostProcessorAutoConfiguration' of type [org.springframework.cloud.client.loadbalancer.reactive.LoadBalancerBeanPostProcessorAutoConfiguration] is not eligible for getting processed by all BeanPostProcessors (for example: not eligible for auto-proxying)
2025-11-11 23:37:26,369 INFO (PostProcessorRegistrationDelegate.java:409)- Bean 'org.springframework.cloud.client.loadbalancer.reactive.LoadBalancerBeanPostProcessorAutoConfiguration$ReactorDeferringLoadBalancerFilterConfig' of type [org.springframework.cloud.client.loadbalancer.reactive.LoadBalancerBeanPostProcessorAutoConfiguration$ReactorDeferringLoadBalancerFilterConfig] is not eligible for getting processed by all BeanPostProcessors (for example: not eligible for auto-proxying)
2025-11-11 23:37:26,369 INFO (PostProcessorRegistrationDelegate.java:409)- Bean 'reactorDeferringLoadBalancerExchangeFilterFunction' of type [org.springframework.cloud.client.loadbalancer.reactive.DeferringLoadBalancerExchangeFilterFunction] is not eligible for getting processed by all BeanPostProcessors (for example: not eligible for auto-proxying)
2025-11-11 23:37:26,548 INFO (RouteDefinitionRouteLocator.java:89)- Loaded RoutePredicateFactory [After]
2025-11-11 23:37:26,548 INFO (RouteDefinitionRouteLocator.java:89)- Loaded RoutePredicateFactory [Before]
2025-11-11 23:37:26,548 INFO (RouteDefinitionRouteLocator.java:89)- Loaded RoutePredicateFactory [Between]
2025-11-11 23:37:26,548 INFO (RouteDefinitionRouteLocator.java:89)- Loaded RoutePredicateFactory [Cookie]
2025-11-11 23:37:26,548 INFO (RouteDefinitionRouteLocator.java:89)- Loaded RoutePredicateFactory [Header]
2025-11-11 23:37:26,548 INFO (RouteDefinitionRouteLocator.java:89)- Loaded RoutePredicateFactory [Host]
2025-11-11 23:37:26,548 INFO (RouteDefinitionRouteLocator.java:89)- Loaded RoutePredicateFactory [Method]
2025-11-11 23:37:26,548 INFO (RouteDefinitionRouteLocator.java:89)- Loaded RoutePredicateFactory [Path]
2025-11-11 23:37:26,548 INFO (RouteDefinitionRouteLocator.java:89)- Loaded RoutePredicateFactory [Query]
2025-11-11 23:37:26,548 INFO (RouteDefinitionRouteLocator.java:89)- Loaded RoutePredicateFactory [ReadBody]
2025-11-11 23:37:26,548 INFO (RouteDefinitionRouteLocator.java:89)- Loaded RoutePredicateFactory [RemoteAddr]
2025-11-11 23:37:26,548 INFO (RouteDefinitionRouteLocator.java:89)- Loaded RoutePredicateFactory [XForwardedRemoteAddr]
2025-11-11 23:37:26,548 INFO (RouteDefinitionRouteLocator.java:89)- Loaded RoutePredicateFactory [Weight]
2025-11-11 23:37:26,549 INFO (RouteDefinitionRouteLocator.java:89)- Loaded RoutePredicateFactory [CloudFoundryRouteService]
2025-11-11 23:37:26,633 INFO (EndpointLinksResolver.java:58)- Exposing 19 endpoint(s) beneath base path '/actuator'
2025-11-11 23:37:26,696 WARN (LoadBalancerCacheAutoConfiguration.java:94)- Spring Cloud LoadBalancer is currently working with the default cache. While this cache implementation is useful for development and tests, it's recommended to use Caffeine cache in production.You can switch to using Caffeine cache, by adding it and org.springframework.cache.caffeine.CaffeineCacheManager to the classpath.
2025-11-11 23:37:26,735 INFO (NettyWebServer.java:111)- Netty started on port 8888
2025-11-11 23:37:26,739 INFO (SearchableProperties.java:197)- properties search order:PROPERTIES->JVM->ENV->DEFAULT_SETTING
2025-11-11 23:37:26,740 INFO (InitUtils.java:61)- initializer namespace from System Property : null
2025-11-11 23:37:26,740 INFO (InitUtils.java:65)- initializer namespace from System Environment :null
2025-11-11 23:37:26,740 INFO (InitUtils.java:72)- initializer namespace from System Property :
2025-11-11 23:37:26,741 INFO (ClientAuthPluginManager.java:56)- [ClientAuthPluginManager] Load ClientAuthService com.alibaba.nacos.client.auth.impl.NacosClientAuthServiceImpl success.
2025-11-11 23:37:26,741 INFO (ClientAuthPluginManager.java:56)- [ClientAuthPluginManager] Load ClientAuthService com.alibaba.nacos.client.auth.ram.RamClientAuthServiceImpl success.
2025-11-11 23:37:26,742 INFO (RpcClientFactory.java:94)- [RpcClientFactory] create a new rpc client of f6f296bd-4c9e-4592-b02e-718a61de3c6e
2025-11-11 23:37:26,743 INFO (LoggerUtils.java:60)- [f6f296bd-4c9e-4592-b02e-718a61de3c6e] RpcClient init, ServerListFactory = com.alibaba.nacos.client.naming.core.ServerListManager
2025-11-11 23:37:26,743 INFO (LoggerUtils.java:60)- [f6f296bd-4c9e-4592-b02e-718a61de3c6e] Registry connection listener to current client:com.alibaba.nacos.client.naming.remote.gprc.redo.NamingGrpcRedoService
2025-11-11 23:37:26,743 INFO (LoggerUtils.java:60)- [f6f296bd-4c9e-4592-b02e-718a61de3c6e] Register server push request handler:com.alibaba.nacos.client.naming.remote.gprc.NamingPushRequestHandler
2025-11-11 23:37:26,743 INFO (LoggerUtils.java:60)- [f6f296bd-4c9e-4592-b02e-718a61de3c6e] Try to connect to server on start up, server: {serverIp = '120.53.89.103', server main port = 8848}
2025-11-11 23:37:26,929 INFO (LoggerUtils.java:60)- [f6f296bd-4c9e-4592-b02e-718a61de3c6e] Success to connect to server [120.53.89.103:8848] on start up, connectionId = 1762875447127_221.212.116.7_55842
2025-11-11 23:37:26,929 INFO (LoggerUtils.java:60)- [f6f296bd-4c9e-4592-b02e-718a61de3c6e] Register server push request handler:com.alibaba.nacos.common.remote.client.RpcClient$ConnectResetRequestHandler
2025-11-11 23:37:26,929 INFO (LoggerUtils.java:60)- [f6f296bd-4c9e-4592-b02e-718a61de3c6e] Register server push request handler:com.alibaba.nacos.common.remote.client.RpcClient$$Lambda$599/0x00000090014c33a0
2025-11-11 23:37:26,929 INFO (LoggerUtils.java:60)- [f6f296bd-4c9e-4592-b02e-718a61de3c6e] Notify connected event to listeners.
2025-11-11 23:37:26,929 INFO (NamingGrpcRedoService.java:78)- Grpc connection connect
2025-11-11 23:37:26,930 INFO (NamingGrpcClientProxy.java:120)- [REGISTER-SERVICE] public registering service novel-gateway with instance Instance{instanceId='null', ip='10.110.83.9', port=8888, weight=1.0, healthy=true, enabled=true, ephemeral=true, clusterName='DEFAULT', serviceName='null', metadata={preserved.register.source=SPRING_CLOUD}}
2025-11-11 23:37:26,963 INFO (NacosServiceRegistry.java:76)- nacos registry, DEFAULT_GROUP novel-gateway 10.110.83.9:8888 register finished
2025-11-11 23:37:26,990 INFO (StartupInfoLogger.java:57)- Started NovelGatewayApplication in 1.707 seconds (process running for 1.882)
2025-11-11 23:37:26,992 INFO (CacheData.java:67)- nacos.cache.data.init.snapshot = true 
2025-11-11 23:37:26,992 INFO (ClientWorker.java:379)- [fixed-120.53.89.103_8848] [subscribe] novel-gateway-dev.yml+DEFAULT_GROUP
2025-11-11 23:37:26,994 INFO (CacheData.java:197)- [fixed-120.53.89.103_8848] [add-listener] ok, tenant=, dataId=novel-gateway-dev.yml, group=DEFAULT_GROUP, cnt=1
2025-11-11 23:37:26,994 INFO (NacosContextRefresher.java:129)- [Nacos Config] Listening config: dataId=novel-gateway-dev.yml, group=DEFAULT_GROUP
2025-11-11 23:37:26,994 INFO (ClientWorker.java:379)- [fixed-120.53.89.103_8848] [subscribe] novel-gateway+DEFAULT_GROUP
2025-11-11 23:37:26,994 INFO (CacheData.java:197)- [fixed-120.53.89.103_8848] [add-listener] ok, tenant=, dataId=novel-gateway, group=DEFAULT_GROUP, cnt=1
2025-11-11 23:37:26,994 INFO (NacosContextRefresher.java:129)- [Nacos Config] Listening config: dataId=novel-gateway, group=DEFAULT_GROUP
2025-11-11 23:37:26,994 INFO (ClientWorker.java:379)- [fixed-120.53.89.103_8848] [subscribe] novel-gateway.yml+DEFAULT_GROUP
2025-11-11 23:37:26,994 INFO (CacheData.java:197)- [fixed-120.53.89.103_8848] [add-listener] ok, tenant=, dataId=novel-gateway.yml, group=DEFAULT_GROUP, cnt=1
2025-11-11 23:37:26,994 INFO (NacosContextRefresher.java:129)- [Nacos Config] Listening config: dataId=novel-gateway.yml, group=DEFAULT_GROUP
2025-11-11 23:37:54,182 INFO (LoggingFilter.java:20)- === GATEWAY REQUEST ===
2025-11-11 23:37:54,183 INFO (LoggingFilter.java:21)- Path: /api/front/user/login
2025-11-11 23:37:54,183 INFO (LoggingFilter.java:22)- Method: POST
2025-11-11 23:37:54,183 INFO (LoggingFilter.java:23)- Headers: [Host:"127.0.0.1:8888", Accept:"application/json, text/plain, */*", Content-Type:"application/json", Sec-Fetch-Site:"cross-site", Origin:"http://localhost:1024", X-Requested-With:"XMLHttpRequest", Content-Length:"46", Sec-Fetch-Mode:"cors", User-Agent:"Mozilla/5.0 (Macintosh; Intel Mac OS X 10_15_7) AppleWebKit/605.1.15 (KHTML, like Gecko) Version/26.0 Safari/605.1.15", Authorization:"null", Referer:"http://localhost:1024/", Sec-Fetch-Dest:"empty", Accept-Language:"zh-CN,zh-Hans;q=0.9", Priority:"u=3, i", Accept-Encoding:"gzip, deflate", Connection:"keep-alive"]
2025-11-11 23:37:54,183 INFO (LoggingFilter.java:24)- QueryParams: {}
2025-11-11 23:37:54,199 INFO (NamingClientProxyDelegate.java:167)- [SUBSCRIBE-SERVICE] service:novel-user-service, group:DEFAULT_GROUP, clusters: 
2025-11-11 23:37:54,232 INFO (ServiceInfoHolder.java:184)- init new ips(1) service: DEFAULT_GROUP@@novel-user-service -> [{"ip":"10.110.83.9","port":9060,"weight":1.0,"healthy":true,"enabled":true,"ephemeral":true,"clusterName":"DEFAULT","serviceName":"DEFAULT_GROUP@@novel-user-service","metadata":{"preserved.register.source":"SPRING_CLOUD"},"ipDeleteTimeout":30000,"instanceHeartBeatInterval":5000,"instanceHeartBeatTimeOut":15000}]
2025-11-11 23:37:54,233 INFO (ServiceInfoHolder.java:169)- current ips:(1) service: DEFAULT_GROUP@@novel-user-service -> [{"ip":"10.110.83.9","port":9060,"weight":1.0,"healthy":true,"enabled":true,"ephemeral":true,"clusterName":"DEFAULT","serviceName":"DEFAULT_GROUP@@novel-user-service","metadata":{"preserved.register.source":"SPRING_CLOUD"},"ipDeleteTimeout":30000,"instanceHeartBeatInterval":5000,"instanceHeartBeatTimeOut":15000}]
2025-11-11 23:37:54,252 ERROR (DnsServerAddressStreamProviders.java:79)- Unable to load io.netty.resolver.dns.macos.MacOSDnsServerAddressStreamProvider, fallback to system defaults. This may result in incorrect DNS resolutions on MacOS. Check whether you have a dependency on 'io.netty:netty-resolver-dns-native-macos'. Use DEBUG level to see the full stack: java.lang.UnsatisfiedLinkError: failed to load the required native library
2025-11-11 23:37:54,271 INFO (LoggingFilter.java:29)- === GATEWAY RESPONSE ===
2025-11-11 23:37:54,271 INFO (LoggingFilter.java:30)- Status: 404 NOT_FOUND
2025-11-11 23:37:54,272 INFO (LoggingFilter.java:31)- From Gateway: true
2025-11-11 23:37:54,844 INFO (LoggerUtils.java:60)- [f6f296bd-4c9e-4592-b02e-718a61de3c6e] Receive server push request, request = NotifySubscriberRequest, requestId = 7
2025-11-11 23:37:54,845 INFO (LoggerUtils.java:60)- [f6f296bd-4c9e-4592-b02e-718a61de3c6e] Ack server push request, request = NotifySubscriberRequest, requestId = 7
2025-11-11 23:57:05,988 WARN (HttpClientBeanHolder.java:102)- [HttpClientBeanHolder] Start destroying common HttpClient
2025-11-11 23:57:05,988 WARN (NotifyCenter.java:136)- [NotifyCenter] Start destroying Publisher
2025-11-11 23:57:05,989 WARN (NotifyCenter.java:153)- [NotifyCenter] Destruction of the end
2025-11-11 23:57:05,989 WARN (HttpClientBeanHolder.java:111)- [HttpClientBeanHolder] Destruction of the end
2025-11-11 23:57:05,993 INFO (NacosServiceRegistry.java:95)- De-registering from Nacos Server now...
2025-11-11 23:57:05,993 INFO (NamingGrpcClientProxy.java:216)- [DEREGISTER-SERVICE] public deregistering service novel-gateway with instance: Instance{instanceId='null', ip='10.110.83.9', port=8888, weight=1.0, healthy=true, enabled=true, ephemeral=true, clusterName='DEFAULT', serviceName='null', metadata={}}
2025-11-11 23:57:06,022 INFO (NacosServiceRegistry.java:115)- De-registration finished.
2025-11-11 23:57:06,022 INFO (ServiceInfoHolder.java:256)- com.alibaba.nacos.client.naming.cache.ServiceInfoHolder do shutdown begin
2025-11-11 23:57:06,023 INFO (FailoverReactor.java:133)- com.alibaba.nacos.client.naming.backups.FailoverReactor do shutdown begin
2025-11-11 23:57:06,023 INFO (FailoverReactor.java:135)- com.alibaba.nacos.client.naming.backups.FailoverReactor do shutdown stop
2025-11-11 23:57:06,023 INFO (ServiceInfoHolder.java:258)- com.alibaba.nacos.client.naming.cache.ServiceInfoHolder do shutdown stop
2025-11-11 23:57:06,023 INFO (NamingClientProxyDelegate.java:204)- com.alibaba.nacos.client.naming.remote.NamingClientProxyDelegate do shutdown begin
2025-11-11 23:57:06,023 INFO (ServiceInfoUpdateService.java:143)- com.alibaba.nacos.client.naming.core.ServiceInfoUpdateService do shutdown begin
2025-11-11 23:57:06,023 INFO (ServiceInfoUpdateService.java:145)- com.alibaba.nacos.client.naming.core.ServiceInfoUpdateService do shutdown stop
2025-11-11 23:57:06,023 INFO (ServerListManager.java:194)- com.alibaba.nacos.client.naming.core.ServerListManager do shutdown begin
2025-11-11 23:57:06,023 WARN (NamingHttpClientManager.java:74)- [NamingHttpClientManager] Start destroying NacosRestTemplate
2025-11-11 23:57:06,023 WARN (NamingHttpClientManager.java:81)- [NamingHttpClientManager] Destruction of the end
2025-11-11 23:57:06,023 INFO (ServerListManager.java:199)- com.alibaba.nacos.client.naming.core.ServerListManager do shutdown stop
2025-11-11 23:57:06,023 INFO (NamingHttpClientProxy.java:484)- com.alibaba.nacos.client.naming.remote.http.NamingHttpClientProxy do shutdown begin
2025-11-11 23:57:06,023 WARN (NamingHttpClientManager.java:74)- [NamingHttpClientManager] Start destroying NacosRestTemplate
2025-11-11 23:57:06,023 WARN (NamingHttpClientManager.java:81)- [NamingHttpClientManager] Destruction of the end
2025-11-11 23:57:06,023 INFO (NamingHttpClientProxy.java:486)- com.alibaba.nacos.client.naming.remote.http.NamingHttpClientProxy do shutdown stop
2025-11-11 23:57:06,023 INFO (RpcClient.java:425)- Shutdown rpc client, set status to shutdown
2025-11-11 23:57:06,023 INFO (RpcClient.java:427)- Shutdown client event executor java.util.concurrent.ScheduledThreadPoolExecutor@55b6bec3[Running, pool size = 2, active threads = 2, queued tasks = 0, completed tasks = 0]
2025-11-11 23:57:06,023 INFO (RpcClient.java:580)- Close current connection 1762875447127_221.212.116.7_55842
2025-11-11 23:57:06,024 INFO (GrpcClient.java:140)- Shutdown grpc executor java.util.concurrent.ThreadPoolExecutor@39de1ef7[Running, pool size = 6, active threads = 0, queued tasks = 0, completed tasks = 471]
2025-11-11 23:57:06,024 INFO (NamingGrpcRedoService.java:292)- Shutdown grpc redo service executor java.util.concurrent.ScheduledThreadPoolExecutor@664726d0[Running, pool size = 1, active threads = 0, queued tasks = 1, completed tasks = 392]
2025-11-11 23:57:06,024 INFO (CredentialWatcher.java:106)- [null] CredentialWatcher is stopped
2025-11-11 23:57:06,024 INFO (CredentialService.java:100)- [null] CredentialService is freed
2025-11-11 23:57:06,024 INFO (NamingClientProxyDelegate.java:211)- com.alibaba.nacos.client.naming.remote.NamingClientProxyDelegate do shutdown stop
2025-11-11 23:57:06,476 INFO (CredentialWatcher.java:165)- null No credential found
2025-11-11 23:57:09,942 WARN (NacosLogging.java:64)- Load Logback Configuration of Nacos fail, message: org/slf4j/impl/StaticLoggerBinder
2025-11-11 23:57:09,942 WARN (NacosLogging.java:64)- Load Logback Configuration of Nacos fail, message: org/slf4j/impl/StaticLoggerBinder
2025-11-11 23:57:09,946 INFO (LocalConfigInfoProcessor.java:68)- LOCAL_SNAPSHOT_PATH:/Users/cheunry/nacos/config
2025-11-11 23:57:09,946 INFO (RpcClientFactory.java:94)- [RpcClientFactory] create a new rpc client of cac7600c-0f05-4020-bc85-5f52d79a7221_config-0
2025-11-11 23:57:09,949 INFO (LoggerUtils.java:60)- [cac7600c-0f05-4020-bc85-5f52d79a7221_config-0] Register server push request handler:com.alibaba.nacos.client.config.impl.ClientWorker$ConfigRpcTransportClient$$Lambda$566/0x000000f00136ab30
2025-11-11 23:57:09,949 INFO (LoggerUtils.java:60)- [cac7600c-0f05-4020-bc85-5f52d79a7221_config-0] Register server push request handler:com.alibaba.nacos.client.config.impl.ClientWorker$ConfigRpcTransportClient$$Lambda$567/0x000000f00136af60
2025-11-11 23:57:09,949 INFO (LoggerUtils.java:60)- [cac7600c-0f05-4020-bc85-5f52d79a7221_config-0] Registry connection listener to current client:com.alibaba.nacos.client.config.impl.ClientWorker$ConfigRpcTransportClient$1
2025-11-11 23:57:09,949 INFO (LoggerUtils.java:60)- [cac7600c-0f05-4020-bc85-5f52d79a7221_config-0] RpcClient init, ServerListFactory = com.alibaba.nacos.client.config.impl.ClientWorker$ConfigRpcTransportClient$2
2025-11-11 23:57:09,951 INFO (LoggerUtils.java:60)- [cac7600c-0f05-4020-bc85-5f52d79a7221_config-0] Try to connect to server on start up, server: {serverIp = '120.53.89.103', server main port = 8848}
2025-11-11 23:57:10,334 INFO (LoggerUtils.java:60)- [cac7600c-0f05-4020-bc85-5f52d79a7221_config-0] Success to connect to server [120.53.89.103:8848] on start up, connectionId = 1762876630367_221.212.116.7_12746
2025-11-11 23:57:10,334 INFO (LoggerUtils.java:60)- [cac7600c-0f05-4020-bc85-5f52d79a7221_config-0] Notify connected event to listeners.
2025-11-11 23:57:10,334 INFO (LoggerUtils.java:60)- [cac7600c-0f05-4020-bc85-5f52d79a7221_config-0] Register server push request handler:com.alibaba.nacos.common.remote.client.RpcClient$ConnectResetRequestHandler
2025-11-11 23:57:10,334 INFO (ClientWorker.java:638)- [cac7600c-0f05-4020-bc85-5f52d79a7221_config-0] Connected,notify listen context...
2025-11-11 23:57:10,335 INFO (LoggerUtils.java:60)- [cac7600c-0f05-4020-bc85-5f52d79a7221_config-0] Register server push request handler:com.alibaba.nacos.common.remote.client.RpcClient$$Lambda$583/0x000000f00149bd18
2025-11-11 23:57:10,349 INFO (Limiter.java:62)- limitTime:5.0
2025-11-11 23:57:10,380 WARN (NacosPropertySourceBuilder.java:87)- Ignore the empty nacos configuration and get it based on dataId[novel-gateway] & group[DEFAULT_GROUP]
2025-11-11 23:57:10,410 WARN (NacosPropertySourceBuilder.java:87)- Ignore the empty nacos configuration and get it based on dataId[novel-gateway.yml] & group[DEFAULT_GROUP]
2025-11-11 23:57:10,439 WARN (NacosPropertySourceBuilder.java:87)- Ignore the empty nacos configuration and get it based on dataId[novel-gateway-dev.yml] & group[DEFAULT_GROUP]
2025-11-11 23:57:10,440 INFO (PropertySourceBootstrapConfiguration.java:108)- Located property source: [BootstrapPropertySource {name='bootstrapProperties-novel-gateway-dev.yml,DEFAULT_GROUP'}, BootstrapPropertySource {name='bootstrapProperties-novel-gateway.yml,DEFAULT_GROUP'}, BootstrapPropertySource {name='bootstrapProperties-novel-gateway,DEFAULT_GROUP'}]
2025-11-11 23:57:10,443 INFO (SpringApplication.java:638)- The following 1 profile is active: "dev"
2025-11-11 23:57:10,647 INFO (GenericScope.java:282)- BeanFactory id=e5f1d161-439c-33af-a2e7-4c8e755f8ffa
2025-11-11 23:57:10,657 INFO (PostProcessorRegistrationDelegate.java:409)- Bean 'org.springframework.cloud.client.loadbalancer.reactive.LoadBalancerBeanPostProcessorAutoConfiguration' of type [org.springframework.cloud.client.loadbalancer.reactive.LoadBalancerBeanPostProcessorAutoConfiguration] is not eligible for getting processed by all BeanPostProcessors (for example: not eligible for auto-proxying)
2025-11-11 23:57:10,657 INFO (PostProcessorRegistrationDelegate.java:409)- Bean 'org.springframework.cloud.client.loadbalancer.reactive.LoadBalancerBeanPostProcessorAutoConfiguration$ReactorDeferringLoadBalancerFilterConfig' of type [org.springframework.cloud.client.loadbalancer.reactive.LoadBalancerBeanPostProcessorAutoConfiguration$ReactorDeferringLoadBalancerFilterConfig] is not eligible for getting processed by all BeanPostProcessors (for example: not eligible for auto-proxying)
2025-11-11 23:57:10,658 INFO (PostProcessorRegistrationDelegate.java:409)- Bean 'reactorDeferringLoadBalancerExchangeFilterFunction' of type [org.springframework.cloud.client.loadbalancer.reactive.DeferringLoadBalancerExchangeFilterFunction] is not eligible for getting processed by all BeanPostProcessors (for example: not eligible for auto-proxying)
2025-11-11 23:57:10,833 INFO (RouteDefinitionRouteLocator.java:89)- Loaded RoutePredicateFactory [After]
2025-11-11 23:57:10,833 INFO (RouteDefinitionRouteLocator.java:89)- Loaded RoutePredicateFactory [Before]
2025-11-11 23:57:10,833 INFO (RouteDefinitionRouteLocator.java:89)- Loaded RoutePredicateFactory [Between]
2025-11-11 23:57:10,833 INFO (RouteDefinitionRouteLocator.java:89)- Loaded RoutePredicateFactory [Cookie]
2025-11-11 23:57:10,833 INFO (RouteDefinitionRouteLocator.java:89)- Loaded RoutePredicateFactory [Header]
2025-11-11 23:57:10,833 INFO (RouteDefinitionRouteLocator.java:89)- Loaded RoutePredicateFactory [Host]
2025-11-11 23:57:10,833 INFO (RouteDefinitionRouteLocator.java:89)- Loaded RoutePredicateFactory [Method]
2025-11-11 23:57:10,833 INFO (RouteDefinitionRouteLocator.java:89)- Loaded RoutePredicateFactory [Path]
2025-11-11 23:57:10,833 INFO (RouteDefinitionRouteLocator.java:89)- Loaded RoutePredicateFactory [Query]
2025-11-11 23:57:10,833 INFO (RouteDefinitionRouteLocator.java:89)- Loaded RoutePredicateFactory [ReadBody]
2025-11-11 23:57:10,833 INFO (RouteDefinitionRouteLocator.java:89)- Loaded RoutePredicateFactory [RemoteAddr]
2025-11-11 23:57:10,833 INFO (RouteDefinitionRouteLocator.java:89)- Loaded RoutePredicateFactory [XForwardedRemoteAddr]
2025-11-11 23:57:10,833 INFO (RouteDefinitionRouteLocator.java:89)- Loaded RoutePredicateFactory [Weight]
2025-11-11 23:57:10,833 INFO (RouteDefinitionRouteLocator.java:89)- Loaded RoutePredicateFactory [CloudFoundryRouteService]
2025-11-11 23:57:10,898 INFO (EndpointLinksResolver.java:58)- Exposing 19 endpoint(s) beneath base path '/actuator'
2025-11-11 23:57:10,947 WARN (LoadBalancerCacheAutoConfiguration.java:94)- Spring Cloud LoadBalancer is currently working with the default cache. While this cache implementation is useful for development and tests, it's recommended to use Caffeine cache in production.You can switch to using Caffeine cache, by adding it and org.springframework.cache.caffeine.CaffeineCacheManager to the classpath.
2025-11-11 23:57:10,984 INFO (NettyWebServer.java:111)- Netty started on port 8888
2025-11-11 23:57:10,988 INFO (SearchableProperties.java:197)- properties search order:PROPERTIES->JVM->ENV->DEFAULT_SETTING
2025-11-11 23:57:10,988 INFO (InitUtils.java:61)- initializer namespace from System Property : null
2025-11-11 23:57:10,988 INFO (InitUtils.java:65)- initializer namespace from System Environment :null
2025-11-11 23:57:10,988 INFO (InitUtils.java:72)- initializer namespace from System Property :
2025-11-11 23:57:10,990 INFO (ClientAuthPluginManager.java:56)- [ClientAuthPluginManager] Load ClientAuthService com.alibaba.nacos.client.auth.impl.NacosClientAuthServiceImpl success.
2025-11-11 23:57:10,990 INFO (ClientAuthPluginManager.java:56)- [ClientAuthPluginManager] Load ClientAuthService com.alibaba.nacos.client.auth.ram.RamClientAuthServiceImpl success.
2025-11-11 23:57:10,991 INFO (RpcClientFactory.java:94)- [RpcClientFactory] create a new rpc client of aa696a43-492e-4fdf-bdd8-9bfb351f802a
2025-11-11 23:57:10,991 INFO (LoggerUtils.java:60)- [aa696a43-492e-4fdf-bdd8-9bfb351f802a] RpcClient init, ServerListFactory = com.alibaba.nacos.client.naming.core.ServerListManager
2025-11-11 23:57:10,991 INFO (LoggerUtils.java:60)- [aa696a43-492e-4fdf-bdd8-9bfb351f802a] Registry connection listener to current client:com.alibaba.nacos.client.naming.remote.gprc.redo.NamingGrpcRedoService
2025-11-11 23:57:10,991 INFO (LoggerUtils.java:60)- [aa696a43-492e-4fdf-bdd8-9bfb351f802a] Register server push request handler:com.alibaba.nacos.client.naming.remote.gprc.NamingPushRequestHandler
2025-11-11 23:57:10,991 INFO (LoggerUtils.java:60)- [aa696a43-492e-4fdf-bdd8-9bfb351f802a] Try to connect to server on start up, server: {serverIp = '120.53.89.103', server main port = 8848}
2025-11-11 23:57:11,180 INFO (LoggerUtils.java:60)- [aa696a43-492e-4fdf-bdd8-9bfb351f802a] Success to connect to server [120.53.89.103:8848] on start up, connectionId = 1762876631315_221.212.116.7_14669
2025-11-11 23:57:11,180 INFO (LoggerUtils.java:60)- [aa696a43-492e-4fdf-bdd8-9bfb351f802a] Register server push request handler:com.alibaba.nacos.common.remote.client.RpcClient$ConnectResetRequestHandler
2025-11-11 23:57:11,180 INFO (LoggerUtils.java:60)- [aa696a43-492e-4fdf-bdd8-9bfb351f802a] Notify connected event to listeners.
2025-11-11 23:57:11,180 INFO (LoggerUtils.java:60)- [aa696a43-492e-4fdf-bdd8-9bfb351f802a] Register server push request handler:com.alibaba.nacos.common.remote.client.RpcClient$$Lambda$583/0x000000f00149bd18
2025-11-11 23:57:11,180 INFO (NamingGrpcRedoService.java:78)- Grpc connection connect
2025-11-11 23:57:11,180 INFO (NamingGrpcClientProxy.java:120)- [REGISTER-SERVICE] public registering service novel-gateway with instance Instance{instanceId='null', ip='10.110.83.9', port=8888, weight=1.0, healthy=true, enabled=true, ephemeral=true, clusterName='DEFAULT', serviceName='null', metadata={preserved.register.source=SPRING_CLOUD}}
2025-11-11 23:57:11,265 INFO (NacosServiceRegistry.java:76)- nacos registry, DEFAULT_GROUP novel-gateway 10.110.83.9:8888 register finished
2025-11-11 23:57:11,287 INFO (StartupInfoLogger.java:57)- Started NovelGatewayApplication in 1.628 seconds (process running for 1.809)
2025-11-11 23:57:11,289 INFO (CacheData.java:67)- nacos.cache.data.init.snapshot = true 
2025-11-11 23:57:11,289 INFO (ClientWorker.java:379)- [fixed-120.53.89.103_8848] [subscribe] novel-gateway-dev.yml+DEFAULT_GROUP
2025-11-11 23:57:11,290 INFO (CacheData.java:197)- [fixed-120.53.89.103_8848] [add-listener] ok, tenant=, dataId=novel-gateway-dev.yml, group=DEFAULT_GROUP, cnt=1
2025-11-11 23:57:11,290 INFO (NacosContextRefresher.java:129)- [Nacos Config] Listening config: dataId=novel-gateway-dev.yml, group=DEFAULT_GROUP
2025-11-11 23:57:11,291 INFO (ClientWorker.java:379)- [fixed-120.53.89.103_8848] [subscribe] novel-gateway+DEFAULT_GROUP
2025-11-11 23:57:11,291 INFO (CacheData.java:197)- [fixed-120.53.89.103_8848] [add-listener] ok, tenant=, dataId=novel-gateway, group=DEFAULT_GROUP, cnt=1
2025-11-11 23:57:11,291 INFO (NacosContextRefresher.java:129)- [Nacos Config] Listening config: dataId=novel-gateway, group=DEFAULT_GROUP
2025-11-11 23:57:11,291 INFO (ClientWorker.java:379)- [fixed-120.53.89.103_8848] [subscribe] novel-gateway.yml+DEFAULT_GROUP
2025-11-11 23:57:11,291 INFO (CacheData.java:197)- [fixed-120.53.89.103_8848] [add-listener] ok, tenant=, dataId=novel-gateway.yml, group=DEFAULT_GROUP, cnt=1
2025-11-11 23:57:11,291 INFO (NacosContextRefresher.java:129)- [Nacos Config] Listening config: dataId=novel-gateway.yml, group=DEFAULT_GROUP
2025-11-11 23:57:30,222 INFO (LoggingFilter.java:20)- === GATEWAY REQUEST ===
2025-11-11 23:57:30,223 INFO (LoggingFilter.java:21)- Path: /api/front/user/login
2025-11-11 23:57:30,223 INFO (LoggingFilter.java:22)- Method: POST
2025-11-11 23:57:30,223 INFO (LoggingFilter.java:23)- Headers: [Host:"127.0.0.1:8888", Accept:"application/json, text/plain, */*", Content-Type:"application/json", Sec-Fetch-Site:"cross-site", Origin:"http://localhost:1024", X-Requested-With:"XMLHttpRequest", Content-Length:"46", Sec-Fetch-Mode:"cors", User-Agent:"Mozilla/5.0 (Macintosh; Intel Mac OS X 10_15_7) AppleWebKit/605.1.15 (KHTML, like Gecko) Version/26.0 Safari/605.1.15", Authorization:"null", Referer:"http://localhost:1024/", Sec-Fetch-Dest:"empty", Accept-Language:"zh-CN,zh-Hans;q=0.9", Priority:"u=3, i", Accept-Encoding:"gzip, deflate", Connection:"keep-alive"]
2025-11-11 23:57:30,223 INFO (LoggingFilter.java:24)- QueryParams: {}
2025-11-11 23:57:30,238 INFO (NamingClientProxyDelegate.java:167)- [SUBSCRIBE-SERVICE] service:novel-user-service, group:DEFAULT_GROUP, clusters: 
2025-11-11 23:57:30,271 INFO (ServiceInfoHolder.java:184)- init new ips(1) service: DEFAULT_GROUP@@novel-user-service -> [{"ip":"10.110.83.9","port":9060,"weight":1.0,"healthy":true,"enabled":true,"ephemeral":true,"clusterName":"DEFAULT","serviceName":"DEFAULT_GROUP@@novel-user-service","metadata":{"preserved.register.source":"SPRING_CLOUD"},"instanceHeartBeatInterval":5000,"instanceHeartBeatTimeOut":15000,"ipDeleteTimeout":30000}]
2025-11-11 23:57:30,271 INFO (ServiceInfoHolder.java:169)- current ips:(1) service: DEFAULT_GROUP@@novel-user-service -> [{"ip":"10.110.83.9","port":9060,"weight":1.0,"healthy":true,"enabled":true,"ephemeral":true,"clusterName":"DEFAULT","serviceName":"DEFAULT_GROUP@@novel-user-service","metadata":{"preserved.register.source":"SPRING_CLOUD"},"instanceHeartBeatInterval":5000,"instanceHeartBeatTimeOut":15000,"ipDeleteTimeout":30000}]
2025-11-11 23:57:30,289 ERROR (DnsServerAddressStreamProviders.java:79)- Unable to load io.netty.resolver.dns.macos.MacOSDnsServerAddressStreamProvider, fallback to system defaults. This may result in incorrect DNS resolutions on MacOS. Check whether you have a dependency on 'io.netty:netty-resolver-dns-native-macos'. Use DEBUG level to see the full stack: java.lang.UnsatisfiedLinkError: failed to load the required native library
2025-11-11 23:57:30,309 INFO (LoggingFilter.java:29)- === GATEWAY RESPONSE ===
2025-11-11 23:57:30,309 INFO (LoggingFilter.java:30)- Status: 404 NOT_FOUND
2025-11-11 23:57:30,310 INFO (LoggingFilter.java:31)- From Gateway: true
2025-11-11 23:57:30,840 INFO (LoggerUtils.java:60)- [aa696a43-492e-4fdf-bdd8-9bfb351f802a] Receive server push request, request = NotifySubscriberRequest, requestId = 8
2025-11-11 23:57:30,840 INFO (LoggerUtils.java:60)- [aa696a43-492e-4fdf-bdd8-9bfb351f802a] Ack server push request, request = NotifySubscriberRequest, requestId = 8
