2025-11-12 12:04:50,830 WARN (NacosLogging.java:64)- Load Logback Configuration of Nacos fail, message: org/slf4j/impl/StaticLoggerBinder
2025-11-12 12:04:50,831 WARN (NacosLogging.java:64)- Load Logback Configuration of Nacos fail, message: org/slf4j/impl/StaticLoggerBinder
2025-11-12 12:04:50,835 INFO (LocalConfigInfoProcessor.java:68)- LOCAL_SNAPSHOT_PATH:/Users/cheunry/nacos/config
2025-11-12 12:04:50,836 INFO (RpcClientFactory.java:94)- [RpcClientFactory] create a new rpc client of 57db72f2-3b3d-4f91-a8fc-d75157ba4271_config-0
2025-11-12 12:04:50,839 INFO (LoggerUtils.java:60)- [57db72f2-3b3d-4f91-a8fc-d75157ba4271_config-0] Register server push request handler:com.alibaba.nacos.client.config.impl.ClientWorker$ConfigRpcTransportClient$$Lambda$634/0x00000003013a5c60
2025-11-12 12:04:50,839 INFO (LoggerUtils.java:60)- [57db72f2-3b3d-4f91-a8fc-d75157ba4271_config-0] Register server push request handler:com.alibaba.nacos.client.config.impl.ClientWorker$ConfigRpcTransportClient$$Lambda$635/0x00000003013a6090
2025-11-12 12:04:50,839 INFO (LoggerUtils.java:60)- [57db72f2-3b3d-4f91-a8fc-d75157ba4271_config-0] Registry connection listener to current client:com.alibaba.nacos.client.config.impl.ClientWorker$ConfigRpcTransportClient$1
2025-11-12 12:04:50,839 INFO (LoggerUtils.java:60)- [57db72f2-3b3d-4f91-a8fc-d75157ba4271_config-0] RpcClient init, ServerListFactory = com.alibaba.nacos.client.config.impl.ClientWorker$ConfigRpcTransportClient$2
2025-11-12 12:04:50,840 INFO (LoggerUtils.java:60)- [57db72f2-3b3d-4f91-a8fc-d75157ba4271_config-0] Try to connect to server on start up, server: {serverIp = '120.53.89.103', server main port = 8848}
2025-11-12 12:04:51,253 INFO (LoggerUtils.java:60)- [57db72f2-3b3d-4f91-a8fc-d75157ba4271_config-0] Success to connect to server [120.53.89.103:8848] on start up, connectionId = 1762920291237_222.171.7.84_5111
2025-11-12 12:04:51,253 INFO (LoggerUtils.java:60)- [57db72f2-3b3d-4f91-a8fc-d75157ba4271_config-0] Notify connected event to listeners.
2025-11-12 12:04:51,253 INFO (LoggerUtils.java:60)- [57db72f2-3b3d-4f91-a8fc-d75157ba4271_config-0] Register server push request handler:com.alibaba.nacos.common.remote.client.RpcClient$ConnectResetRequestHandler
2025-11-12 12:04:51,254 INFO (ClientWorker.java:638)- [57db72f2-3b3d-4f91-a8fc-d75157ba4271_config-0] Connected,notify listen context...
2025-11-12 12:04:51,254 INFO (LoggerUtils.java:60)- [57db72f2-3b3d-4f91-a8fc-d75157ba4271_config-0] Register server push request handler:com.alibaba.nacos.common.remote.client.RpcClient$$Lambda$651/0x0000000301516f18
2025-11-12 12:04:51,266 INFO (Limiter.java:62)- limitTime:5.0
2025-11-12 12:04:51,303 WARN (NacosPropertySourceBuilder.java:87)- Ignore the empty nacos configuration and get it based on dataId[novel-mysql.yml] & group[DEFAULT_GROUP]
2025-11-12 12:04:51,335 WARN (NacosPropertySourceBuilder.java:87)- Ignore the empty nacos configuration and get it based on dataId[novel-redis.yml] & group[DEFAULT_GROUP]
2025-11-12 12:04:51,371 WARN (NacosPropertySourceBuilder.java:87)- Ignore the empty nacos configuration and get it based on dataId[novel-rabbitmq.yml] & group[DEFAULT_GROUP]
2025-11-12 12:04:51,404 WARN (NacosPropertySourceBuilder.java:87)- Ignore the empty nacos configuration and get it based on dataId[novel-resource-service] & group[DEFAULT_GROUP]
2025-11-12 12:04:51,443 WARN (NacosPropertySourceBuilder.java:87)- Ignore the empty nacos configuration and get it based on dataId[novel-resource-service.yml] & group[DEFAULT_GROUP]
2025-11-12 12:04:51,477 WARN (NacosPropertySourceBuilder.java:87)- Ignore the empty nacos configuration and get it based on dataId[novel-resource-service-common.yml] & group[DEFAULT_GROUP]
2025-11-12 12:04:51,577 WARN (NacosPropertySourceBuilder.java:87)- Ignore the empty nacos configuration and get it based on dataId[novel-resource-service-dev.yml] & group[DEFAULT_GROUP]
2025-11-12 12:04:51,578 INFO (PropertySourceBootstrapConfiguration.java:108)- Located property source: [BootstrapPropertySource {name='bootstrapProperties-novel-resource-service-dev.yml,DEFAULT_GROUP'}, BootstrapPropertySource {name='bootstrapProperties-novel-resource-service-common.yml,DEFAULT_GROUP'}, BootstrapPropertySource {name='bootstrapProperties-novel-resource-service.yml,DEFAULT_GROUP'}, BootstrapPropertySource {name='bootstrapProperties-novel-resource-service,DEFAULT_GROUP'}, BootstrapPropertySource {name='bootstrapProperties-novel-rabbitmq.yml,DEFAULT_GROUP'}, BootstrapPropertySource {name='bootstrapProperties-novel-redis.yml,DEFAULT_GROUP'}, BootstrapPropertySource {name='bootstrapProperties-novel-mysql.yml,DEFAULT_GROUP'}]
2025-11-12 12:04:51,581 INFO (SpringApplication.java:638)- The following 2 profiles are active: "common", "dev"
2025-11-12 12:04:51,905 INFO (RepositoryConfigurationDelegate.java:291)- Multiple Spring Data modules found, entering strict repository configuration mode
2025-11-12 12:04:51,906 INFO (RepositoryConfigurationDelegate.java:138)- Bootstrapping Spring Data Redis repositories in DEFAULT mode.
2025-11-12 12:04:51,912 INFO (RepositoryConfigurationDelegate.java:208)- Finished Spring Data repository scanning in 2 ms. Found 0 Redis repository interfaces.
2025-11-12 12:04:51,953 WARN (Logger.java:44)- No MyBatis mapper was found in '[com.novel.resource]' package. Please check your configuration.
2025-11-12 12:04:51,980 INFO (GenericScope.java:282)- BeanFactory id=e4369fc5-04f4-3d22-9131-71498ae3babf
2025-11-12 12:04:52,207 WARN (Bootstrap.java:68)- UT026010: Buffer pool was not set on WebSocketDeploymentInfo, the default pool will be used
2025-11-12 12:04:52,215 INFO (ServletContextImpl.java:372)- Initializing Spring embedded WebApplicationContext
2025-11-12 12:04:52,215 INFO (ServletWebServerApplicationContext.java:291)- Root WebApplicationContext: initialization completed in 626 ms
2025-11-12 12:04:52,435 INFO (Version.java:41)- Redisson 3.19.1
2025-11-12 12:04:52,454 WARN (DnsServerAddressStreamProviders.java:70)- Can not find io.netty.resolver.dns.macos.MacOSDnsServerAddressStreamProvider in the classpath, fallback to system defaults. This may result in incorrect DNS resolutions on MacOS. Check whether you have a dependency on 'io.netty:netty-resolver-dns-native-macos'
2025-11-12 12:04:52,698 INFO (ConnectionPool.java:162)- 1 connections initialized for 120.53.89.103/120.53.89.103:6379
2025-11-12 12:04:53,674 INFO (ConnectionPool.java:162)- 24 connections initialized for 120.53.89.103/120.53.89.103:6379
2025-11-12 12:04:53,878 INFO (SentinelWebMvcConfigurer.java:52)- [Sentinel Starter] register SentinelWebInterceptor with urlPatterns: [/**].
2025-11-12 12:04:54,277 INFO (StdSchedulerFactory.java:1220)- Using default implementation for ThreadExecutor
2025-11-12 12:04:54,281 INFO (SchedulerSignalerImpl.java:61)- Initialized Scheduler Signaller of type: class org.quartz.core.SchedulerSignalerImpl
2025-11-12 12:04:54,281 INFO (QuartzScheduler.java:229)- Quartz Scheduler v.2.3.2 created.
2025-11-12 12:04:54,281 INFO (RAMJobStore.java:155)- RAMJobStore initialized.
2025-11-12 12:04:54,281 INFO (QuartzScheduler.java:294)- Scheduler meta-data: Quartz Scheduler (v2.3.2) 'quartzScheduler' with instanceId 'NON_CLUSTERED'
  Scheduler class: 'org.quartz.core.QuartzScheduler' - running locally.
  NOT STARTED.
  Currently in standby mode.
  Number of jobs executed: 0
  Using thread pool 'org.quartz.simpl.SimpleThreadPool' - with 10 threads.
  Using job-store 'org.quartz.simpl.RAMJobStore' - which does not support persistence. and is not clustered.

2025-11-12 12:04:54,281 INFO (StdSchedulerFactory.java:1374)- Quartz scheduler 'quartzScheduler' initialized from an externally provided properties instance.
2025-11-12 12:04:54,281 INFO (StdSchedulerFactory.java:1378)- Quartz scheduler version: 2.3.2
2025-11-12 12:04:54,281 INFO (QuartzScheduler.java:2293)- JobFactory set to: org.springframework.scheduling.quartz.SpringBeanJobFactory@316745d8
2025-11-12 12:04:54,409 INFO (EndpointLinksResolver.java:58)- Exposing 21 endpoint(s) beneath base path '/actuator'
2025-11-12 12:04:54,441 WARN (LocalVariableTableParameterNameDiscoverer.java:123)- Using deprecated '-debug' fallback for parameter name resolution. Compile the affected code with '-parameters' instead or avoid its introspection: org.springframework.amqp.rabbit.core.RabbitAdmin
2025-11-12 12:04:54,451 INFO (Undertow.java:120)- starting server: Undertow - 2.3.4.Final
2025-11-12 12:04:54,454 INFO (Xnio.java:95)- XNIO version 3.8.8.Final
2025-11-12 12:04:54,457 INFO (NioXnio.java:58)- XNIO NIO Implementation Version 3.8.8.Final
2025-11-12 12:04:54,465 INFO (Version.java:55)- JBoss Threads version 3.5.0.Final
2025-11-12 12:04:54,476 INFO (UndertowWebServer.java:121)- Undertow started on port(s) 9040 (http)
2025-11-12 12:04:54,478 INFO (SearchableProperties.java:197)- properties search order:PROPERTIES->JVM->ENV->DEFAULT_SETTING
2025-11-12 12:04:54,478 INFO (InitUtils.java:61)- initializer namespace from System Property : null
2025-11-12 12:04:54,478 INFO (InitUtils.java:65)- initializer namespace from System Environment :null
2025-11-12 12:04:54,478 INFO (InitUtils.java:72)- initializer namespace from System Property :
2025-11-12 12:04:54,480 INFO (ClientAuthPluginManager.java:56)- [ClientAuthPluginManager] Load ClientAuthService com.alibaba.nacos.client.auth.impl.NacosClientAuthServiceImpl success.
2025-11-12 12:04:54,480 INFO (ClientAuthPluginManager.java:56)- [ClientAuthPluginManager] Load ClientAuthService com.alibaba.nacos.client.auth.ram.RamClientAuthServiceImpl success.
2025-11-12 12:04:54,480 INFO (RpcClientFactory.java:94)- [RpcClientFactory] create a new rpc client of 7adb6dfb-7db6-44de-a719-4dac2668bdf6
2025-11-12 12:04:54,481 INFO (LoggerUtils.java:60)- [7adb6dfb-7db6-44de-a719-4dac2668bdf6] RpcClient init, ServerListFactory = com.alibaba.nacos.client.naming.core.ServerListManager
2025-11-12 12:04:54,481 INFO (LoggerUtils.java:60)- [7adb6dfb-7db6-44de-a719-4dac2668bdf6] Registry connection listener to current client:com.alibaba.nacos.client.naming.remote.gprc.redo.NamingGrpcRedoService
2025-11-12 12:04:54,481 INFO (LoggerUtils.java:60)- [7adb6dfb-7db6-44de-a719-4dac2668bdf6] Register server push request handler:com.alibaba.nacos.client.naming.remote.gprc.NamingPushRequestHandler
2025-11-12 12:04:54,481 INFO (LoggerUtils.java:60)- [7adb6dfb-7db6-44de-a719-4dac2668bdf6] Try to connect to server on start up, server: {serverIp = '120.53.89.103', server main port = 8848}
2025-11-12 12:04:54,674 INFO (LoggerUtils.java:60)- [7adb6dfb-7db6-44de-a719-4dac2668bdf6] Success to connect to server [120.53.89.103:8848] on start up, connectionId = 1762920294693_222.171.7.84_5439
2025-11-12 12:04:54,675 INFO (LoggerUtils.java:60)- [7adb6dfb-7db6-44de-a719-4dac2668bdf6] Register server push request handler:com.alibaba.nacos.common.remote.client.RpcClient$ConnectResetRequestHandler
2025-11-12 12:04:54,675 INFO (LoggerUtils.java:60)- [7adb6dfb-7db6-44de-a719-4dac2668bdf6] Register server push request handler:com.alibaba.nacos.common.remote.client.RpcClient$$Lambda$651/0x0000000301516f18
2025-11-12 12:04:54,675 INFO (LoggerUtils.java:60)- [7adb6dfb-7db6-44de-a719-4dac2668bdf6] Notify connected event to listeners.
2025-11-12 12:04:54,675 INFO (NamingGrpcRedoService.java:78)- Grpc connection connect
2025-11-12 12:04:54,676 INFO (NamingGrpcClientProxy.java:120)- [REGISTER-SERVICE] public registering service novel-resource-service with instance Instance{instanceId='null', ip='10.44.77.249', port=9040, weight=1.0, healthy=true, enabled=true, ephemeral=true, clusterName='DEFAULT', serviceName='null', metadata={preserved.register.source=SPRING_CLOUD}}
2025-11-12 12:04:54,749 INFO (NacosServiceRegistry.java:76)- nacos registry, DEFAULT_GROUP novel-resource-service 10.44.77.249:9040 register finished
2025-11-12 12:04:54,754 INFO (SchedulerFactoryBean.java:729)- Starting Quartz Scheduler now
2025-11-12 12:04:54,754 INFO (QuartzScheduler.java:547)- Scheduler quartzScheduler_$_NON_CLUSTERED started.
2025-11-12 12:04:54,768 INFO (StartupInfoLogger.java:57)- Started NovelResourceApplication in 4.356 seconds (process running for 4.554)
2025-11-12 12:04:54,770 INFO (CacheData.java:67)- nacos.cache.data.init.snapshot = true 
2025-11-12 12:04:54,771 INFO (ClientWorker.java:379)- [fixed-120.53.89.103_8848] [subscribe] novel-resource-service-dev.yml+DEFAULT_GROUP
2025-11-12 12:04:54,773 INFO (CacheData.java:197)- [fixed-120.53.89.103_8848] [add-listener] ok, tenant=, dataId=novel-resource-service-dev.yml, group=DEFAULT_GROUP, cnt=1
2025-11-12 12:04:54,773 INFO (NacosContextRefresher.java:129)- [Nacos Config] Listening config: dataId=novel-resource-service-dev.yml, group=DEFAULT_GROUP
2025-11-12 12:04:54,773 INFO (ClientWorker.java:379)- [fixed-120.53.89.103_8848] [subscribe] novel-resource-service+DEFAULT_GROUP
2025-11-12 12:04:54,773 INFO (CacheData.java:197)- [fixed-120.53.89.103_8848] [add-listener] ok, tenant=, dataId=novel-resource-service, group=DEFAULT_GROUP, cnt=1
2025-11-12 12:04:54,773 INFO (NacosContextRefresher.java:129)- [Nacos Config] Listening config: dataId=novel-resource-service, group=DEFAULT_GROUP
2025-11-12 12:04:54,773 INFO (ClientWorker.java:379)- [fixed-120.53.89.103_8848] [subscribe] novel-mysql.yml+DEFAULT_GROUP
2025-11-12 12:04:54,773 INFO (CacheData.java:197)- [fixed-120.53.89.103_8848] [add-listener] ok, tenant=, dataId=novel-mysql.yml, group=DEFAULT_GROUP, cnt=1
2025-11-12 12:04:54,773 INFO (NacosContextRefresher.java:129)- [Nacos Config] Listening config: dataId=novel-mysql.yml, group=DEFAULT_GROUP
2025-11-12 12:04:54,774 INFO (ClientWorker.java:379)- [fixed-120.53.89.103_8848] [subscribe] novel-redis.yml+DEFAULT_GROUP
2025-11-12 12:04:54,774 INFO (CacheData.java:197)- [fixed-120.53.89.103_8848] [add-listener] ok, tenant=, dataId=novel-redis.yml, group=DEFAULT_GROUP, cnt=1
2025-11-12 12:04:54,774 INFO (NacosContextRefresher.java:129)- [Nacos Config] Listening config: dataId=novel-redis.yml, group=DEFAULT_GROUP
2025-11-12 12:04:54,774 INFO (ClientWorker.java:379)- [fixed-120.53.89.103_8848] [subscribe] novel-resource-service.yml+DEFAULT_GROUP
2025-11-12 12:04:54,774 INFO (CacheData.java:197)- [fixed-120.53.89.103_8848] [add-listener] ok, tenant=, dataId=novel-resource-service.yml, group=DEFAULT_GROUP, cnt=1
2025-11-12 12:04:54,774 INFO (NacosContextRefresher.java:129)- [Nacos Config] Listening config: dataId=novel-resource-service.yml, group=DEFAULT_GROUP
2025-11-12 12:04:54,774 INFO (ClientWorker.java:379)- [fixed-120.53.89.103_8848] [subscribe] novel-rabbitmq.yml+DEFAULT_GROUP
2025-11-12 12:04:54,774 INFO (CacheData.java:197)- [fixed-120.53.89.103_8848] [add-listener] ok, tenant=, dataId=novel-rabbitmq.yml, group=DEFAULT_GROUP, cnt=1
2025-11-12 12:04:54,774 INFO (NacosContextRefresher.java:129)- [Nacos Config] Listening config: dataId=novel-rabbitmq.yml, group=DEFAULT_GROUP
2025-11-12 12:04:54,774 INFO (ClientWorker.java:379)- [fixed-120.53.89.103_8848] [subscribe] novel-resource-service-common.yml+DEFAULT_GROUP
2025-11-12 12:04:54,774 INFO (CacheData.java:197)- [fixed-120.53.89.103_8848] [add-listener] ok, tenant=, dataId=novel-resource-service-common.yml, group=DEFAULT_GROUP, cnt=1
2025-11-12 12:04:54,774 INFO (NacosContextRefresher.java:129)- [Nacos Config] Listening config: dataId=novel-resource-service-common.yml, group=DEFAULT_GROUP
2025-11-12 12:04:55,054 INFO (ServletContextImpl.java:372)- Initializing Spring DispatcherServlet 'dispatcherServlet'
2025-11-12 12:04:55,054 INFO (FrameworkServlet.java:532)- Initializing Servlet 'dispatcherServlet'
2025-11-12 12:04:55,055 INFO (FrameworkServlet.java:554)- Completed initialization in 1 ms
2025-11-12 12:04:55,063 INFO (AbstractConnectionFactory.java:630)- Attempting to connect to: [localhost:5672]
2025-11-12 12:04:55,066 WARN (AbstractHealthIndicator.java:94)- Rabbit health check failed
org.springframework.amqp.AmqpConnectException: java.net.ConnectException: Connection refused
	at org.springframework.amqp.rabbit.support.RabbitExceptionTranslator.convertRabbitAccessException(RabbitExceptionTranslator.java:61)
	at org.springframework.amqp.rabbit.connection.AbstractConnectionFactory.createBareConnection(AbstractConnectionFactory.java:594)
	at org.springframework.amqp.rabbit.connection.CachingConnectionFactory.createConnection(CachingConnectionFactory.java:687)
	at org.springframework.amqp.rabbit.connection.ConnectionFactoryUtils.createConnection(ConnectionFactoryUtils.java:257)
	at org.springframework.amqp.rabbit.core.RabbitTemplate.doExecute(RabbitTemplate.java:2225)
	at org.springframework.amqp.rabbit.core.RabbitTemplate.execute(RabbitTemplate.java:2198)
	at org.springframework.amqp.rabbit.core.RabbitTemplate.execute(RabbitTemplate.java:2178)
	at org.springframework.boot.actuate.amqp.RabbitHealthIndicator.getVersion(RabbitHealthIndicator.java:49)
	at org.springframework.boot.actuate.amqp.RabbitHealthIndicator.doHealthCheck(RabbitHealthIndicator.java:44)
	at org.springframework.boot.actuate.health.AbstractHealthIndicator.health(AbstractHealthIndicator.java:82)
	at org.springframework.boot.actuate.health.HealthIndicator.getHealth(HealthIndicator.java:37)
	at org.springframework.boot.actuate.health.HealthEndpoint.getHealth(HealthEndpoint.java:82)
	at org.springframework.boot.actuate.health.HealthEndpoint.getHealth(HealthEndpoint.java:41)
	at org.springframework.boot.actuate.health.HealthEndpointSupport.getLoggedHealth(HealthEndpointSupport.java:172)
	at org.springframework.boot.actuate.health.HealthEndpointSupport.getContribution(HealthEndpointSupport.java:145)
	at org.springframework.boot.actuate.health.HealthEndpointSupport.getAggregateContribution(HealthEndpointSupport.java:156)
	at org.springframework.boot.actuate.health.HealthEndpointSupport.getContribution(HealthEndpointSupport.java:141)
	at org.springframework.boot.actuate.health.HealthEndpointSupport.getHealth(HealthEndpointSupport.java:110)
	at org.springframework.boot.actuate.health.HealthEndpointSupport.getHealth(HealthEndpointSupport.java:81)
	at org.springframework.boot.actuate.health.HealthEndpoint.health(HealthEndpoint.java:76)
	at org.springframework.boot.actuate.health.HealthEndpoint.health(HealthEndpoint.java:66)
	at java.base/jdk.internal.reflect.NativeMethodAccessorImpl.invoke0(Native Method)
	at java.base/jdk.internal.reflect.NativeMethodAccessorImpl.invoke(NativeMethodAccessorImpl.java:77)
	at java.base/jdk.internal.reflect.DelegatingMethodAccessorImpl.invoke(DelegatingMethodAccessorImpl.java:43)
	at java.base/java.lang.reflect.Method.invoke(Method.java:569)
	at org.springframework.util.ReflectionUtils.invokeMethod(ReflectionUtils.java:281)
	at org.springframework.boot.actuate.endpoint.invoke.reflect.ReflectiveOperationInvoker.invoke(ReflectiveOperationInvoker.java:74)
	at org.springframework.boot.actuate.endpoint.annotation.AbstractDiscoveredOperation.invoke(AbstractDiscoveredOperation.java:60)
	at org.springframework.boot.actuate.endpoint.jmx.EndpointMBean.invoke(EndpointMBean.java:124)
	at org.springframework.boot.actuate.endpoint.jmx.EndpointMBean.invoke(EndpointMBean.java:97)
	at java.management/com.sun.jmx.interceptor.DefaultMBeanServerInterceptor.invoke(DefaultMBeanServerInterceptor.java:814)
	at java.management/com.sun.jmx.mbeanserver.JmxMBeanServer.invoke(JmxMBeanServer.java:802)
	at java.management.rmi/javax.management.remote.rmi.RMIConnectionImpl.doOperation(RMIConnectionImpl.java:1472)
	at java.management.rmi/javax.management.remote.rmi.RMIConnectionImpl$PrivilegedOperation.run(RMIConnectionImpl.java:1310)
	at java.management.rmi/javax.management.remote.rmi.RMIConnectionImpl.doPrivilegedOperation(RMIConnectionImpl.java:1405)
	at java.management.rmi/javax.management.remote.rmi.RMIConnectionImpl.invoke(RMIConnectionImpl.java:829)
	at java.base/jdk.internal.reflect.GeneratedMethodAccessor46.invoke(Unknown Source)
	at java.base/jdk.internal.reflect.DelegatingMethodAccessorImpl.invoke(DelegatingMethodAccessorImpl.java:43)
	at java.base/java.lang.reflect.Method.invoke(Method.java:569)
	at java.rmi/sun.rmi.server.UnicastServerRef.dispatch(UnicastServerRef.java:360)
	at java.rmi/sun.rmi.transport.Transport$1.run(Transport.java:200)
	at java.rmi/sun.rmi.transport.Transport$1.run(Transport.java:197)
	at java.base/java.security.AccessController.doPrivileged(AccessController.java:712)
	at java.rmi/sun.rmi.transport.Transport.serviceCall(Transport.java:196)
	at java.rmi/sun.rmi.transport.tcp.TCPTransport.handleMessages(TCPTransport.java:587)
	at java.rmi/sun.rmi.transport.tcp.TCPTransport$ConnectionHandler.run0(TCPTransport.java:828)
	at java.rmi/sun.rmi.transport.tcp.TCPTransport$ConnectionHandler.lambda$run$0(TCPTransport.java:705)
	at java.base/java.security.AccessController.doPrivileged(AccessController.java:399)
	at java.rmi/sun.rmi.transport.tcp.TCPTransport$ConnectionHandler.run(TCPTransport.java:704)
	at java.base/java.util.concurrent.ThreadPoolExecutor.runWorker(ThreadPoolExecutor.java:1136)
	at java.base/java.util.concurrent.ThreadPoolExecutor$Worker.run(ThreadPoolExecutor.java:635)
	at java.base/java.lang.Thread.run(Thread.java:840)
Caused by: java.net.ConnectException: Connection refused
	at java.base/sun.nio.ch.Net.pollConnect(Native Method)
	at java.base/sun.nio.ch.Net.pollConnectNow(Net.java:672)
	at java.base/sun.nio.ch.NioSocketImpl.timedFinishConnect(NioSocketImpl.java:554)
	at java.base/sun.nio.ch.NioSocketImpl.connect(NioSocketImpl.java:602)
	at java.base/java.net.SocksSocketImpl.connect(SocksSocketImpl.java:327)
	at java.base/java.net.Socket.connect(Socket.java:633)
	at com.rabbitmq.client.impl.SocketFrameHandlerFactory.create(SocketFrameHandlerFactory.java:59)
	at com.rabbitmq.client.ConnectionFactory.newConnection(ConnectionFactory.java:1223)
	at com.rabbitmq.client.ConnectionFactory.newConnection(ConnectionFactory.java:1173)
	at org.springframework.amqp.rabbit.connection.AbstractConnectionFactory.connectAddresses(AbstractConnectionFactory.java:632)
	at org.springframework.amqp.rabbit.connection.AbstractConnectionFactory.connect(AbstractConnectionFactory.java:607)
	at org.springframework.amqp.rabbit.connection.AbstractConnectionFactory.createBareConnection(AbstractConnectionFactory.java:557)
	... 50 common frames omitted
2025-11-12 12:04:55,070 INFO (HikariDataSource.java:110)- HikariPool-1 - Starting...
2025-11-12 12:04:55,550 INFO (HikariPool.java:565)- HikariPool-1 - Added connection com.mysql.cj.jdbc.ConnectionImpl@3f4ef4ff
2025-11-12 12:04:55,555 INFO (HikariDataSource.java:123)- HikariPool-1 - Start completed.
2025-11-12 13:00:39,082 WARN (HikariPool.java:804)- HikariPool-1 - Thread starvation or clock leap detected (housekeeper delta=40m13s264ms).
2025-11-12 13:00:53,771 WARN (NotifyCenter.java:136)- [NotifyCenter] Start destroying Publisher
2025-11-12 13:00:53,771 WARN (NotifyCenter.java:153)- [NotifyCenter] Destruction of the end
2025-11-12 13:00:53,771 WARN (HttpClientBeanHolder.java:102)- [HttpClientBeanHolder] Start destroying common HttpClient
2025-11-12 13:00:53,772 WARN (HttpClientBeanHolder.java:111)- [HttpClientBeanHolder] Destruction of the end
2025-11-12 13:00:53,773 INFO (QuartzScheduler.java:585)- Scheduler quartzScheduler_$_NON_CLUSTERED paused.
2025-11-12 13:00:53,773 INFO (Undertow.java:259)- stopping server: Undertow - 2.3.4.Final
2025-11-12 13:00:53,775 INFO (ServletContextImpl.java:372)- Destroying Spring FrameworkServlet 'dispatcherServlet'
2025-11-12 13:00:53,778 INFO (SchedulerFactoryBean.java:847)- Shutting down Quartz Scheduler
2025-11-12 13:00:53,778 INFO (QuartzScheduler.java:666)- Scheduler quartzScheduler_$_NON_CLUSTERED shutting down.
2025-11-12 13:00:53,778 INFO (QuartzScheduler.java:585)- Scheduler quartzScheduler_$_NON_CLUSTERED paused.
2025-11-12 13:00:53,778 INFO (QuartzScheduler.java:740)- Scheduler quartzScheduler_$_NON_CLUSTERED shutdown complete.
2025-11-12 13:00:53,781 INFO (HikariDataSource.java:350)- HikariPool-1 - Shutdown initiated...
2025-11-12 13:00:54,194 INFO (HikariDataSource.java:352)- HikariPool-1 - Shutdown completed.
2025-11-12 13:00:54,194 INFO (NacosServiceRegistry.java:95)- De-registering from Nacos Server now...
2025-11-12 13:00:54,194 INFO (NamingGrpcClientProxy.java:216)- [DEREGISTER-SERVICE] public deregistering service novel-resource-service with instance: Instance{instanceId='null', ip='10.44.77.249', port=9040, weight=1.0, healthy=true, enabled=true, ephemeral=true, clusterName='DEFAULT', serviceName='null', metadata={}}
2025-11-12 13:00:54,225 INFO (NacosServiceRegistry.java:115)- De-registration finished.
2025-11-12 13:00:54,226 INFO (ServiceInfoHolder.java:256)- com.alibaba.nacos.client.naming.cache.ServiceInfoHolder do shutdown begin
2025-11-12 13:00:54,226 INFO (FailoverReactor.java:133)- com.alibaba.nacos.client.naming.backups.FailoverReactor do shutdown begin
2025-11-12 13:00:54,226 INFO (FailoverReactor.java:135)- com.alibaba.nacos.client.naming.backups.FailoverReactor do shutdown stop
2025-11-12 13:00:54,226 INFO (ServiceInfoHolder.java:258)- com.alibaba.nacos.client.naming.cache.ServiceInfoHolder do shutdown stop
2025-11-12 13:00:54,226 INFO (NamingClientProxyDelegate.java:204)- com.alibaba.nacos.client.naming.remote.NamingClientProxyDelegate do shutdown begin
2025-11-12 13:00:54,226 INFO (ServiceInfoUpdateService.java:143)- com.alibaba.nacos.client.naming.core.ServiceInfoUpdateService do shutdown begin
2025-11-12 13:00:54,226 INFO (ServiceInfoUpdateService.java:145)- com.alibaba.nacos.client.naming.core.ServiceInfoUpdateService do shutdown stop
2025-11-12 13:00:54,226 INFO (ServerListManager.java:194)- com.alibaba.nacos.client.naming.core.ServerListManager do shutdown begin
2025-11-12 13:00:54,226 WARN (NamingHttpClientManager.java:74)- [NamingHttpClientManager] Start destroying NacosRestTemplate
2025-11-12 13:00:54,226 WARN (NamingHttpClientManager.java:81)- [NamingHttpClientManager] Destruction of the end
2025-11-12 13:00:54,226 INFO (ServerListManager.java:199)- com.alibaba.nacos.client.naming.core.ServerListManager do shutdown stop
2025-11-12 13:00:54,226 INFO (NamingHttpClientProxy.java:484)- com.alibaba.nacos.client.naming.remote.http.NamingHttpClientProxy do shutdown begin
2025-11-12 13:00:54,226 WARN (NamingHttpClientManager.java:74)- [NamingHttpClientManager] Start destroying NacosRestTemplate
2025-11-12 13:00:54,226 WARN (NamingHttpClientManager.java:81)- [NamingHttpClientManager] Destruction of the end
2025-11-12 13:00:54,226 INFO (NamingHttpClientProxy.java:486)- com.alibaba.nacos.client.naming.remote.http.NamingHttpClientProxy do shutdown stop
2025-11-12 13:00:54,226 INFO (RpcClient.java:425)- Shutdown rpc client, set status to shutdown
2025-11-12 13:00:54,226 INFO (RpcClient.java:427)- Shutdown client event executor java.util.concurrent.ScheduledThreadPoolExecutor@506f6cb6[Running, pool size = 2, active threads = 2, queued tasks = 0, completed tasks = 0]
2025-11-12 13:00:54,226 INFO (RpcClient.java:580)- Close current connection 1762920294693_222.171.7.84_5439
2025-11-12 13:00:54,227 INFO (GrpcClient.java:140)- Shutdown grpc executor java.util.concurrent.ThreadPoolExecutor@2299df86[Running, pool size = 6, active threads = 0, queued tasks = 0, completed tasks = 386]
2025-11-12 13:00:54,227 INFO (NamingGrpcRedoService.java:292)- Shutdown grpc redo service executor java.util.concurrent.ScheduledThreadPoolExecutor@3aa3a65b[Running, pool size = 1, active threads = 0, queued tasks = 1, completed tasks = 325]
2025-11-12 13:00:54,228 INFO (CredentialWatcher.java:106)- [null] CredentialWatcher is stopped
2025-11-12 13:00:54,228 INFO (CredentialService.java:100)- [null] CredentialService is freed
2025-11-12 13:00:54,228 INFO (NamingClientProxyDelegate.java:211)- com.alibaba.nacos.client.naming.remote.NamingClientProxyDelegate do shutdown stop
